<?xml version="1.0" encoding="UTF-8"?>
<TestRun id="56544fa4-5468-4a90-a90c-b811740ef586" name="Keimi@KEIMI-PC 2013-02-27 18:18:35" runUser="Keimi-PC\Keimi" xmlns="http://microsoft.com/schemas/VisualStudio/TeamTest/2010">
  <TestSettings name="Local" id="8cdc5f29-431d-4b7e-bb6b-06a80901297c">
    <Description>Il s'agit des paramètres de test par défaut pour une série de tests locale.</Description>
    <Deployment enabled="false" runDeploymentRoot="Keimi_KEIMI-PC 2013-02-27 18_18_35">
      <DeploymentItem filename="D:\Dev\Dotnet\TP3 Dotnet\TP3 Dotnet\ClassLib\bin\Debug\ClassLib.dll" />
    </Deployment>
    <Execution>
      <TestTypeSpecific />
      <AgentRule name="Execution Agents">
      </AgentRule>
    </Execution>
  </TestSettings>
  <Times creation="2013-02-27T18:18:35.8022964+01:00" queuing="2013-02-27T18:18:35.8222975+01:00" start="2013-02-27T18:18:35.8312980+01:00" finish="2013-02-27T18:18:36.1303151+01:00" />
  <ResultSummary outcome="Failed">
    <Counters total="8" executed="8" passed="1" error="0" failed="7" timeout="0" aborted="0" inconclusive="0" passedButRunAborted="0" notRunnable="0" notExecuted="0" disconnected="0" warning="0" completed="0" inProgress="0" pending="0" />
  </ResultSummary>
  <TestDefinitions>
    <UnitTest name="IsHomeForfeitTest" storage="d:\dev\dotnet\tp3 dotnet\tp3 dotnet\tp3classtest\bin\debug\tp3classtest.dll" id="6da07e9f-7c61-49ff-6d98-466c114e8fbe">
      <Execution id="c310cb09-383c-457d-9855-9135a53220e9" />
      <TestMethod codeBase="D:/Dev/Dotnet/TP3 Dotnet/TP3 Dotnet/TP3classTest/bin/Debug/TP3classTest.DLL" adapterTypeName="Microsoft.VisualStudio.TestTools.TestTypes.Unit.UnitTestAdapter, Microsoft.VisualStudio.QualityTools.Tips.UnitTest.Adapter, Version=10.0.0.0, Culture=neutral, PublicKeyToken=b03f5f7f11d50a3a" className="TP3classTest.MatchTest, TP3classTest, Version=1.0.0.0, Culture=neutral, PublicKeyToken=null" name="IsHomeForfeitTest" />
    </UnitTest>
    <UnitTest name="AwayTest" storage="d:\dev\dotnet\tp3 dotnet\tp3 dotnet\tp3classtest\bin\debug\tp3classtest.dll" id="4ac3140e-fbe5-6a30-6ad9-539372fc1464">
      <Execution id="515f2fa2-2632-484d-a432-0573cbc7abef" />
      <TestMethod codeBase="D:/Dev/Dotnet/TP3 Dotnet/TP3 Dotnet/TP3classTest/bin/Debug/TP3classTest.DLL" adapterTypeName="Microsoft.VisualStudio.TestTools.TestTypes.Unit.UnitTestAdapter, Microsoft.VisualStudio.QualityTools.Tips.UnitTest.Adapter, Version=10.0.0.0, Culture=neutral, PublicKeyToken=b03f5f7f11d50a3a" className="TP3classTest.MatchTest, TP3classTest, Version=1.0.0.0, Culture=neutral, PublicKeyToken=null" name="AwayTest" />
    </UnitTest>
    <UnitTest name="ToStringTest" storage="d:\dev\dotnet\tp3 dotnet\tp3 dotnet\tp3classtest\bin\debug\tp3classtest.dll" id="7b785e64-e8f0-3e8d-eda1-0ac7243fd269">
      <Execution id="ea9e9290-c3eb-436b-935a-c0822e92e12a" />
      <TestMethod codeBase="D:/Dev/Dotnet/TP3 Dotnet/TP3 Dotnet/TP3classTest/bin/Debug/TP3classTest.DLL" adapterTypeName="Microsoft.VisualStudio.TestTools.TestTypes.Unit.UnitTestAdapter, Microsoft.VisualStudio.QualityTools.Tips.UnitTest.Adapter, Version=10.0.0.0, Culture=neutral, PublicKeyToken=b03f5f7f11d50a3a" className="TP3classTest.ClubTest, TP3classTest, Version=1.0.0.0, Culture=neutral, PublicKeyToken=null" name="ToStringTest" />
    </UnitTest>
    <UnitTest name="HomeGoalsTest" storage="d:\dev\dotnet\tp3 dotnet\tp3 dotnet\tp3classtest\bin\debug\tp3classtest.dll" id="4cc693e8-c589-b96f-8314-aafe93bbf0db">
      <Execution id="56622807-cdd4-4a43-98a0-508715e2b392" />
      <TestMethod codeBase="D:/Dev/Dotnet/TP3 Dotnet/TP3 Dotnet/TP3classTest/bin/Debug/TP3classTest.DLL" adapterTypeName="Microsoft.VisualStudio.TestTools.TestTypes.Unit.UnitTestAdapter, Microsoft.VisualStudio.QualityTools.Tips.UnitTest.Adapter, Version=10.0.0.0, Culture=neutral, PublicKeyToken=b03f5f7f11d50a3a" className="TP3classTest.MatchTest, TP3classTest, Version=1.0.0.0, Culture=neutral, PublicKeyToken=null" name="HomeGoalsTest" />
    </UnitTest>
    <UnitTest name="IsAwayForfeitTest" storage="d:\dev\dotnet\tp3 dotnet\tp3 dotnet\tp3classtest\bin\debug\tp3classtest.dll" id="d26324f1-f74d-8a17-2cca-dfddd89cb7cf">
      <Execution id="7b23f38d-4f67-439b-9375-ef53193cc7db" />
      <TestMethod codeBase="D:/Dev/Dotnet/TP3 Dotnet/TP3 Dotnet/TP3classTest/bin/Debug/TP3classTest.DLL" adapterTypeName="Microsoft.VisualStudio.TestTools.TestTypes.Unit.UnitTestAdapter, Microsoft.VisualStudio.QualityTools.Tips.UnitTest.Adapter, Version=10.0.0.0, Culture=neutral, PublicKeyToken=b03f5f7f11d50a3a" className="TP3classTest.MatchTest, TP3classTest, Version=1.0.0.0, Culture=neutral, PublicKeyToken=null" name="IsAwayForfeitTest" />
    </UnitTest>
    <UnitTest name="AwayGoalsTest" storage="d:\dev\dotnet\tp3 dotnet\tp3 dotnet\tp3classtest\bin\debug\tp3classtest.dll" id="d107c4bc-5dcb-a405-d6ca-bf8831813094">
      <Execution id="14afd340-fd4d-4a3f-85df-de4f1a33f96e" />
      <TestMethod codeBase="D:/Dev/Dotnet/TP3 Dotnet/TP3 Dotnet/TP3classTest/bin/Debug/TP3classTest.DLL" adapterTypeName="Microsoft.VisualStudio.TestTools.TestTypes.Unit.UnitTestAdapter, Microsoft.VisualStudio.QualityTools.Tips.UnitTest.Adapter, Version=10.0.0.0, Culture=neutral, PublicKeyToken=b03f5f7f11d50a3a" className="TP3classTest.MatchTest, TP3classTest, Version=1.0.0.0, Culture=neutral, PublicKeyToken=null" name="AwayGoalsTest" />
    </UnitTest>
    <UnitTest name="IsDrawTest" storage="d:\dev\dotnet\tp3 dotnet\tp3 dotnet\tp3classtest\bin\debug\tp3classtest.dll" id="b4187efb-54ab-4acb-76b6-7fe8f1e427c4">
      <Execution id="7c8b76f6-307d-45a0-8c68-07977f1fbef5" />
      <TestMethod codeBase="D:/Dev/Dotnet/TP3 Dotnet/TP3 Dotnet/TP3classTest/bin/Debug/TP3classTest.DLL" adapterTypeName="Microsoft.VisualStudio.TestTools.TestTypes.Unit.UnitTestAdapter, Microsoft.VisualStudio.QualityTools.Tips.UnitTest.Adapter, Version=10.0.0.0, Culture=neutral, PublicKeyToken=b03f5f7f11d50a3a" className="TP3classTest.MatchTest, TP3classTest, Version=1.0.0.0, Culture=neutral, PublicKeyToken=null" name="IsDrawTest" />
    </UnitTest>
    <UnitTest name="HomeTest" storage="d:\dev\dotnet\tp3 dotnet\tp3 dotnet\tp3classtest\bin\debug\tp3classtest.dll" id="de3e310c-7ff5-dd2c-38d7-83ff471389ae">
      <Execution id="3b30c1eb-6b40-4275-b987-77eb3ce83c3c" />
      <TestMethod codeBase="D:/Dev/Dotnet/TP3 Dotnet/TP3 Dotnet/TP3classTest/bin/Debug/TP3classTest.DLL" adapterTypeName="Microsoft.VisualStudio.TestTools.TestTypes.Unit.UnitTestAdapter, Microsoft.VisualStudio.QualityTools.Tips.UnitTest.Adapter, Version=10.0.0.0, Culture=neutral, PublicKeyToken=b03f5f7f11d50a3a" className="TP3classTest.MatchTest, TP3classTest, Version=1.0.0.0, Culture=neutral, PublicKeyToken=null" name="HomeTest" />
    </UnitTest>
  </TestDefinitions>
  <TestLists>
    <TestList name="Les résultats ne figurent pas dans une liste" id="8c84fa94-04c1-424b-9868-57a2d4851a1d" />
    <TestList name="Tous les résultats chargés" id="19431567-8539-422a-85d7-44ee4e166bda" />
  </TestLists>
  <TestEntries>
    <TestEntry testId="4ac3140e-fbe5-6a30-6ad9-539372fc1464" executionId="515f2fa2-2632-484d-a432-0573cbc7abef" testListId="8c84fa94-04c1-424b-9868-57a2d4851a1d" />
    <TestEntry testId="4cc693e8-c589-b96f-8314-aafe93bbf0db" executionId="56622807-cdd4-4a43-98a0-508715e2b392" testListId="8c84fa94-04c1-424b-9868-57a2d4851a1d" />
    <TestEntry testId="6da07e9f-7c61-49ff-6d98-466c114e8fbe" executionId="c310cb09-383c-457d-9855-9135a53220e9" testListId="8c84fa94-04c1-424b-9868-57a2d4851a1d" />
    <TestEntry testId="7b785e64-e8f0-3e8d-eda1-0ac7243fd269" executionId="ea9e9290-c3eb-436b-935a-c0822e92e12a" testListId="8c84fa94-04c1-424b-9868-57a2d4851a1d" />
    <TestEntry testId="b4187efb-54ab-4acb-76b6-7fe8f1e427c4" executionId="7c8b76f6-307d-45a0-8c68-07977f1fbef5" testListId="8c84fa94-04c1-424b-9868-57a2d4851a1d" />
    <TestEntry testId="d107c4bc-5dcb-a405-d6ca-bf8831813094" executionId="14afd340-fd4d-4a3f-85df-de4f1a33f96e" testListId="8c84fa94-04c1-424b-9868-57a2d4851a1d" />
    <TestEntry testId="d26324f1-f74d-8a17-2cca-dfddd89cb7cf" executionId="7b23f38d-4f67-439b-9375-ef53193cc7db" testListId="8c84fa94-04c1-424b-9868-57a2d4851a1d" />
    <TestEntry testId="de3e310c-7ff5-dd2c-38d7-83ff471389ae" executionId="3b30c1eb-6b40-4275-b987-77eb3ce83c3c" testListId="8c84fa94-04c1-424b-9868-57a2d4851a1d" />
  </TestEntries>
  <Results>
    <UnitTestResult executionId="515f2fa2-2632-484d-a432-0573cbc7abef" testId="4ac3140e-fbe5-6a30-6ad9-539372fc1464" testName="AwayTest" computerName="KEIMI-PC" duration="00:00:00.0288822" startTime="2013-02-27T18:18:35.8342982+01:00" endTime="2013-02-27T18:18:36.0503106+01:00" testType="13cdc9d9-ddb5-4fa4-a97d-d965ccfc6d4b" outcome="Failed" testListId="8c84fa94-04c1-424b-9868-57a2d4851a1d" relativeResultsDirectory="515f2fa2-2632-484d-a432-0573cbc7abef">
      <Output>
        <ErrorInfo>
          <Message>Test method TP3classTest.MatchTest.AwayTest threw exception: 
System.NotImplementedException: The method or operation is not implemented.</Message>
          <StackTrace>    at ClassLib.Match.get_Home() in D:\Dev\Dotnet\TP3 Dotnet\TP3 Dotnet\ClassLib\Match.cs:line 34
   at TP3classTest.MatchTest.AwayTest() in D:\Dev\Dotnet\TP3 Dotnet\TP3 Dotnet\TP3classTest\MatchTest.cs:line 76
</StackTrace>
        </ErrorInfo>
      </Output>
    </UnitTestResult>
    <UnitTestResult executionId="56622807-cdd4-4a43-98a0-508715e2b392" testId="4cc693e8-c589-b96f-8314-aafe93bbf0db" testName="HomeGoalsTest" computerName="KEIMI-PC" duration="00:00:00.0019760" startTime="2013-02-27T18:18:36.0533107+01:00" endTime="2013-02-27T18:18:36.0613112+01:00" testType="13cdc9d9-ddb5-4fa4-a97d-d965ccfc6d4b" outcome="Failed" testListId="8c84fa94-04c1-424b-9868-57a2d4851a1d" relativeResultsDirectory="56622807-cdd4-4a43-98a0-508715e2b392">
      <Output>
        <ErrorInfo>
          <Message>Test method TP3classTest.MatchTest.HomeGoalsTest threw exception: 
System.NotImplementedException: The method or operation is not implemented.</Message>
          <StackTrace>    at ClassLib.Match.get_HomeGoals() in D:\Dev\Dotnet\TP3 Dotnet\TP3 Dotnet\ClassLib\Match.cs:line 38
   at TP3classTest.MatchTest.HomeGoalsTest() in D:\Dev\Dotnet\TP3 Dotnet\TP3 Dotnet\TP3classTest\MatchTest.cs:line 111
</StackTrace>
        </ErrorInfo>
      </Output>
    </UnitTestResult>
    <UnitTestResult executionId="c310cb09-383c-457d-9855-9135a53220e9" testId="6da07e9f-7c61-49ff-6d98-466c114e8fbe" testName="IsHomeForfeitTest" computerName="KEIMI-PC" duration="00:00:00.0015261" startTime="2013-02-27T18:18:36.0623112+01:00" endTime="2013-02-27T18:18:36.0683116+01:00" testType="13cdc9d9-ddb5-4fa4-a97d-d965ccfc6d4b" outcome="Failed" testListId="8c84fa94-04c1-424b-9868-57a2d4851a1d" relativeResultsDirectory="c310cb09-383c-457d-9855-9135a53220e9">
      <Output>
        <ErrorInfo>
          <Message>Test method TP3classTest.MatchTest.IsHomeForfeitTest threw exception: 
System.NotImplementedException: The method or operation is not implemented.</Message>
          <StackTrace>    at ClassLib.Match.get_IsHomeForfeit() in D:\Dev\Dotnet\TP3 Dotnet\TP3 Dotnet\ClassLib\Match.cs:line 50
   at TP3classTest.MatchTest.IsHomeForfeitTest() in D:\Dev\Dotnet\TP3 Dotnet\TP3 Dotnet\TP3classTest\MatchTest.cs:line 147
</StackTrace>
        </ErrorInfo>
      </Output>
    </UnitTestResult>
    <UnitTestResult executionId="ea9e9290-c3eb-436b-935a-c0822e92e12a" testId="7b785e64-e8f0-3e8d-eda1-0ac7243fd269" testName="ToStringTest" computerName="KEIMI-PC" duration="00:00:00.0004913" startTime="2013-02-27T18:18:36.0693116+01:00" endTime="2013-02-27T18:18:36.0753120+01:00" testType="13cdc9d9-ddb5-4fa4-a97d-d965ccfc6d4b" outcome="Passed" testListId="8c84fa94-04c1-424b-9868-57a2d4851a1d" relativeResultsDirectory="ea9e9290-c3eb-436b-935a-c0822e92e12a">
    </UnitTestResult>
    <UnitTestResult executionId="7c8b76f6-307d-45a0-8c68-07977f1fbef5" testId="b4187efb-54ab-4acb-76b6-7fe8f1e427c4" testName="IsDrawTest" computerName="KEIMI-PC" duration="00:00:00.0028094" startTime="2013-02-27T18:18:36.0793122+01:00" endTime="2013-02-27T18:18:36.0943131+01:00" testType="13cdc9d9-ddb5-4fa4-a97d-d965ccfc6d4b" outcome="Failed" testListId="8c84fa94-04c1-424b-9868-57a2d4851a1d" relativeResultsDirectory="7c8b76f6-307d-45a0-8c68-07977f1fbef5">
      <Output>
        <ErrorInfo>
          <Message>Test method TP3classTest.MatchTest.IsDrawTest threw exception: 
System.NotImplementedException: The method or operation is not implemented.</Message>
          <StackTrace>    at ClassLib.Match.get_IsDraw() in D:\Dev\Dotnet\TP3 Dotnet\TP3 Dotnet\ClassLib\Match.cs:line 46
   at TP3classTest.MatchTest.IsDrawTest() in D:\Dev\Dotnet\TP3 Dotnet\TP3 Dotnet\TP3classTest\MatchTest.cs:line 135
</StackTrace>
        </ErrorInfo>
      </Output>
    </UnitTestResult>
    <UnitTestResult executionId="14afd340-fd4d-4a3f-85df-de4f1a33f96e" testId="d107c4bc-5dcb-a405-d6ca-bf8831813094" testName="AwayGoalsTest" computerName="KEIMI-PC" duration="00:00:00.0017626" startTime="2013-02-27T18:18:36.0963132+01:00" endTime="2013-02-27T18:18:36.1023135+01:00" testType="13cdc9d9-ddb5-4fa4-a97d-d965ccfc6d4b" outcome="Failed" testListId="8c84fa94-04c1-424b-9868-57a2d4851a1d" relativeResultsDirectory="14afd340-fd4d-4a3f-85df-de4f1a33f96e">
      <Output>
        <ErrorInfo>
          <Message>Test method TP3classTest.MatchTest.AwayGoalsTest threw exception: 
System.NotImplementedException: The method or operation is not implemented.</Message>
          <StackTrace>    at ClassLib.Match.get_AwayGoals() in D:\Dev\Dotnet\TP3 Dotnet\TP3 Dotnet\ClassLib\Match.cs:line 30
   at TP3classTest.MatchTest.AwayGoalsTest() in D:\Dev\Dotnet\TP3 Dotnet\TP3 Dotnet\TP3classTest\MatchTest.cs:line 87
</StackTrace>
        </ErrorInfo>
      </Output>
    </UnitTestResult>
    <UnitTestResult executionId="7b23f38d-4f67-439b-9375-ef53193cc7db" testId="d26324f1-f74d-8a17-2cca-dfddd89cb7cf" testName="IsAwayForfeitTest" computerName="KEIMI-PC" duration="00:00:00.0020705" startTime="2013-02-27T18:18:36.1033136+01:00" endTime="2013-02-27T18:18:36.1123141+01:00" testType="13cdc9d9-ddb5-4fa4-a97d-d965ccfc6d4b" outcome="Failed" testListId="8c84fa94-04c1-424b-9868-57a2d4851a1d" relativeResultsDirectory="7b23f38d-4f67-439b-9375-ef53193cc7db">
      <Output>
        <ErrorInfo>
          <Message>Test method TP3classTest.MatchTest.IsAwayForfeitTest threw exception: 
System.NotImplementedException: The method or operation is not implemented.</Message>
          <StackTrace>    at ClassLib.Match.get_IsAwayForfeit() in D:\Dev\Dotnet\TP3 Dotnet\TP3 Dotnet\ClassLib\Match.cs:line 42
   at TP3classTest.MatchTest.IsAwayForfeitTest() in D:\Dev\Dotnet\TP3 Dotnet\TP3 Dotnet\TP3classTest\MatchTest.cs:line 123
</StackTrace>
        </ErrorInfo>
      </Output>
    </UnitTestResult>
    <UnitTestResult executionId="3b30c1eb-6b40-4275-b987-77eb3ce83c3c" testId="de3e310c-7ff5-dd2c-38d7-83ff471389ae" testName="HomeTest" computerName="KEIMI-PC" duration="00:00:00.0014141" startTime="2013-02-27T18:18:36.1133142+01:00" endTime="2013-02-27T18:18:36.1183145+01:00" testType="13cdc9d9-ddb5-4fa4-a97d-d965ccfc6d4b" outcome="Failed" testListId="8c84fa94-04c1-424b-9868-57a2d4851a1d" relativeResultsDirectory="3b30c1eb-6b40-4275-b987-77eb3ce83c3c">
      <Output>
        <ErrorInfo>
          <Message>Test method TP3classTest.MatchTest.HomeTest threw exception: 
System.NotImplementedException: The method or operation is not implemented.</Message>
          <StackTrace>    at ClassLib.Match.get_Home() in D:\Dev\Dotnet\TP3 Dotnet\TP3 Dotnet\ClassLib\Match.cs:line 34
   at TP3classTest.MatchTest.HomeTest() in D:\Dev\Dotnet\TP3 Dotnet\TP3 Dotnet\TP3classTest\MatchTest.cs:line 99
</StackTrace>
        </ErrorInfo>
      </Output>
    </UnitTestResult>
  </Results>
</TestRun>