<?xml version="1.0" encoding="UTF-8"?>
<TestRun id="1c5803d1-664d-4716-9a85-843b2e7dc61b" name="Keimi@KEIMI-PC 2013-02-27 18:44:37" runUser="Keimi-PC\Keimi" xmlns="http://microsoft.com/schemas/VisualStudio/TeamTest/2010">
  <TestSettings name="Local" id="8cdc5f29-431d-4b7e-bb6b-06a80901297c">
    <Description>Il s'agit des paramètres de test par défaut pour une série de tests locale.</Description>
    <Deployment enabled="false" runDeploymentRoot="Keimi_KEIMI-PC 2013-02-27 18_44_37">
      <DeploymentItem filename="D:\Dev\Dotnet\TP3 Dotnet\TP3 Dotnet\ClassLib\bin\Debug\ClassLib.dll" />
    </Deployment>
    <Execution>
      <TestTypeSpecific />
      <AgentRule name="Execution Agents">
      </AgentRule>
    </Execution>
  </TestSettings>
  <Times creation="2013-02-27T18:44:37.2626068+01:00" queuing="2013-02-27T18:44:37.2876082+01:00" start="2013-02-27T18:44:37.2976088+01:00" finish="2013-02-27T18:44:39.8207531+01:00" />
  <ResultSummary outcome="Error">
    <Counters total="8" executed="8" passed="4" error="1" failed="3" timeout="0" aborted="0" inconclusive="0" passedButRunAborted="0" notRunnable="0" notExecuted="0" disconnected="0" warning="0" completed="0" inProgress="0" pending="0" />
  </ResultSummary>
  <TestDefinitions>
    <UnitTest name="IsHomeForfeitTest" storage="d:\dev\dotnet\tp3 dotnet\tp3 dotnet\tp3classtest\bin\debug\tp3classtest.dll" id="6da07e9f-7c61-49ff-6d98-466c114e8fbe">
      <Execution id="2b3ba613-56ad-4747-93dc-49a900440f3c" />
      <TestMethod codeBase="D:/Dev/Dotnet/TP3 Dotnet/TP3 Dotnet/TP3classTest/bin/Debug/TP3classTest.DLL" adapterTypeName="Microsoft.VisualStudio.TestTools.TestTypes.Unit.UnitTestAdapter, Microsoft.VisualStudio.QualityTools.Tips.UnitTest.Adapter, Version=10.0.0.0, Culture=neutral, PublicKeyToken=b03f5f7f11d50a3a" className="TP3classTest.MatchTest, TP3classTest, Version=1.0.0.0, Culture=neutral, PublicKeyToken=null" name="IsHomeForfeitTest" />
    </UnitTest>
    <UnitTest name="AwayTest" storage="d:\dev\dotnet\tp3 dotnet\tp3 dotnet\tp3classtest\bin\debug\tp3classtest.dll" id="4ac3140e-fbe5-6a30-6ad9-539372fc1464">
      <Execution id="ba9650b1-39d4-4546-a1b2-41b37d217c88" />
      <TestMethod codeBase="D:/Dev/Dotnet/TP3 Dotnet/TP3 Dotnet/TP3classTest/bin/Debug/TP3classTest.DLL" adapterTypeName="Microsoft.VisualStudio.TestTools.TestTypes.Unit.UnitTestAdapter, Microsoft.VisualStudio.QualityTools.Tips.UnitTest.Adapter, Version=10.0.0.0, Culture=neutral, PublicKeyToken=b03f5f7f11d50a3a" className="TP3classTest.MatchTest, TP3classTest, Version=1.0.0.0, Culture=neutral, PublicKeyToken=null" name="AwayTest" />
    </UnitTest>
    <UnitTest name="ToStringTest" storage="d:\dev\dotnet\tp3 dotnet\tp3 dotnet\tp3classtest\bin\debug\tp3classtest.dll" id="7b785e64-e8f0-3e8d-eda1-0ac7243fd269">
      <Execution id="365078be-2df2-4ac8-8622-3264c653ff9e" />
      <TestMethod codeBase="D:/Dev/Dotnet/TP3 Dotnet/TP3 Dotnet/TP3classTest/bin/Debug/TP3classTest.DLL" adapterTypeName="Microsoft.VisualStudio.TestTools.TestTypes.Unit.UnitTestAdapter, Microsoft.VisualStudio.QualityTools.Tips.UnitTest.Adapter, Version=10.0.0.0, Culture=neutral, PublicKeyToken=b03f5f7f11d50a3a" className="TP3classTest.ClubTest, TP3classTest, Version=1.0.0.0, Culture=neutral, PublicKeyToken=null" name="ToStringTest" />
    </UnitTest>
    <UnitTest name="HomeGoalsTest" storage="d:\dev\dotnet\tp3 dotnet\tp3 dotnet\tp3classtest\bin\debug\tp3classtest.dll" id="4cc693e8-c589-b96f-8314-aafe93bbf0db">
      <Execution id="cfc06f1f-162d-4ff1-a723-fa82274e34e6" />
      <TestMethod codeBase="D:/Dev/Dotnet/TP3 Dotnet/TP3 Dotnet/TP3classTest/bin/Debug/TP3classTest.DLL" adapterTypeName="Microsoft.VisualStudio.TestTools.TestTypes.Unit.UnitTestAdapter, Microsoft.VisualStudio.QualityTools.Tips.UnitTest.Adapter, Version=10.0.0.0, Culture=neutral, PublicKeyToken=b03f5f7f11d50a3a" className="TP3classTest.MatchTest, TP3classTest, Version=1.0.0.0, Culture=neutral, PublicKeyToken=null" name="HomeGoalsTest" />
    </UnitTest>
    <UnitTest name="IsAwayForfeitTest" storage="d:\dev\dotnet\tp3 dotnet\tp3 dotnet\tp3classtest\bin\debug\tp3classtest.dll" id="d26324f1-f74d-8a17-2cca-dfddd89cb7cf">
      <Execution id="05ea4040-ac89-45a9-99ee-e72bdc3a91f2" />
      <TestMethod codeBase="D:/Dev/Dotnet/TP3 Dotnet/TP3 Dotnet/TP3classTest/bin/Debug/TP3classTest.DLL" adapterTypeName="Microsoft.VisualStudio.TestTools.TestTypes.Unit.UnitTestAdapter, Microsoft.VisualStudio.QualityTools.Tips.UnitTest.Adapter, Version=10.0.0.0, Culture=neutral, PublicKeyToken=b03f5f7f11d50a3a" className="TP3classTest.MatchTest, TP3classTest, Version=1.0.0.0, Culture=neutral, PublicKeyToken=null" name="IsAwayForfeitTest" />
    </UnitTest>
    <UnitTest name="AwayGoalsTest" storage="d:\dev\dotnet\tp3 dotnet\tp3 dotnet\tp3classtest\bin\debug\tp3classtest.dll" id="d107c4bc-5dcb-a405-d6ca-bf8831813094">
      <Execution id="da64185a-f35c-4283-8efe-5cb722635d7a" />
      <TestMethod codeBase="D:/Dev/Dotnet/TP3 Dotnet/TP3 Dotnet/TP3classTest/bin/Debug/TP3classTest.DLL" adapterTypeName="Microsoft.VisualStudio.TestTools.TestTypes.Unit.UnitTestAdapter, Microsoft.VisualStudio.QualityTools.Tips.UnitTest.Adapter, Version=10.0.0.0, Culture=neutral, PublicKeyToken=b03f5f7f11d50a3a" className="TP3classTest.MatchTest, TP3classTest, Version=1.0.0.0, Culture=neutral, PublicKeyToken=null" name="AwayGoalsTest" />
    </UnitTest>
    <UnitTest name="IsDrawTest" storage="d:\dev\dotnet\tp3 dotnet\tp3 dotnet\tp3classtest\bin\debug\tp3classtest.dll" id="b4187efb-54ab-4acb-76b6-7fe8f1e427c4">
      <Execution id="05879211-95f6-4ae4-8032-e6660b632035" />
      <TestMethod codeBase="D:/Dev/Dotnet/TP3 Dotnet/TP3 Dotnet/TP3classTest/bin/Debug/TP3classTest.DLL" adapterTypeName="Microsoft.VisualStudio.TestTools.TestTypes.Unit.UnitTestAdapter, Microsoft.VisualStudio.QualityTools.Tips.UnitTest.Adapter, Version=10.0.0.0, Culture=neutral, PublicKeyToken=b03f5f7f11d50a3a" className="TP3classTest.MatchTest, TP3classTest, Version=1.0.0.0, Culture=neutral, PublicKeyToken=null" name="IsDrawTest" />
    </UnitTest>
    <UnitTest name="HomeTest" storage="d:\dev\dotnet\tp3 dotnet\tp3 dotnet\tp3classtest\bin\debug\tp3classtest.dll" id="de3e310c-7ff5-dd2c-38d7-83ff471389ae">
      <Execution id="7e47653c-8464-4b23-8907-e5f4db582475" />
      <TestMethod codeBase="D:/Dev/Dotnet/TP3 Dotnet/TP3 Dotnet/TP3classTest/bin/Debug/TP3classTest.DLL" adapterTypeName="Microsoft.VisualStudio.TestTools.TestTypes.Unit.UnitTestAdapter, Microsoft.VisualStudio.QualityTools.Tips.UnitTest.Adapter, Version=10.0.0.0, Culture=neutral, PublicKeyToken=b03f5f7f11d50a3a" className="TP3classTest.MatchTest, TP3classTest, Version=1.0.0.0, Culture=neutral, PublicKeyToken=null" name="HomeTest" />
    </UnitTest>
  </TestDefinitions>
  <TestLists>
    <TestList name="Les résultats ne figurent pas dans une liste" id="8c84fa94-04c1-424b-9868-57a2d4851a1d" />
    <TestList name="Tous les résultats chargés" id="19431567-8539-422a-85d7-44ee4e166bda" />
  </TestLists>
  <TestEntries>
    <TestEntry testId="4ac3140e-fbe5-6a30-6ad9-539372fc1464" executionId="ba9650b1-39d4-4546-a1b2-41b37d217c88" testListId="8c84fa94-04c1-424b-9868-57a2d4851a1d" />
    <TestEntry testId="4cc693e8-c589-b96f-8314-aafe93bbf0db" executionId="cfc06f1f-162d-4ff1-a723-fa82274e34e6" testListId="8c84fa94-04c1-424b-9868-57a2d4851a1d" />
    <TestEntry testId="6da07e9f-7c61-49ff-6d98-466c114e8fbe" executionId="2b3ba613-56ad-4747-93dc-49a900440f3c" testListId="8c84fa94-04c1-424b-9868-57a2d4851a1d" />
    <TestEntry testId="7b785e64-e8f0-3e8d-eda1-0ac7243fd269" executionId="365078be-2df2-4ac8-8622-3264c653ff9e" testListId="8c84fa94-04c1-424b-9868-57a2d4851a1d" />
    <TestEntry testId="b4187efb-54ab-4acb-76b6-7fe8f1e427c4" executionId="05879211-95f6-4ae4-8032-e6660b632035" testListId="8c84fa94-04c1-424b-9868-57a2d4851a1d" />
    <TestEntry testId="d107c4bc-5dcb-a405-d6ca-bf8831813094" executionId="da64185a-f35c-4283-8efe-5cb722635d7a" testListId="8c84fa94-04c1-424b-9868-57a2d4851a1d" />
    <TestEntry testId="d26324f1-f74d-8a17-2cca-dfddd89cb7cf" executionId="05ea4040-ac89-45a9-99ee-e72bdc3a91f2" testListId="8c84fa94-04c1-424b-9868-57a2d4851a1d" />
    <TestEntry testId="de3e310c-7ff5-dd2c-38d7-83ff471389ae" executionId="7e47653c-8464-4b23-8907-e5f4db582475" testListId="8c84fa94-04c1-424b-9868-57a2d4851a1d" />
  </TestEntries>
  <Results>
    <UnitTestResult executionId="ba9650b1-39d4-4546-a1b2-41b37d217c88" testId="4ac3140e-fbe5-6a30-6ad9-539372fc1464" testName="AwayTest" computerName="KEIMI-PC" duration="00:00:00.0127304" startTime="2013-02-27T18:44:37.3476117+01:00" endTime="2013-02-27T18:44:37.5866253+01:00" testType="13cdc9d9-ddb5-4fa4-a97d-d965ccfc6d4b" outcome="Passed" testListId="8c84fa94-04c1-424b-9868-57a2d4851a1d" relativeResultsDirectory="ba9650b1-39d4-4546-a1b2-41b37d217c88">
    </UnitTestResult>
    <UnitTestResult executionId="cfc06f1f-162d-4ff1-a723-fa82274e34e6" testId="4cc693e8-c589-b96f-8314-aafe93bbf0db" testName="HomeGoalsTest" computerName="KEIMI-PC" startTime="2013-02-27T18:44:37.5886254+01:00" endTime="2013-02-27T18:44:39.3947287+01:00" testType="13cdc9d9-ddb5-4fa4-a97d-d965ccfc6d4b" testListId="8c84fa94-04c1-424b-9868-57a2d4851a1d" relativeResultsDirectory="cfc06f1f-162d-4ff1-a723-fa82274e34e6">
      <Output>
        <ErrorInfo>
          <Message>The agent process was stopped while the test was running.</Message>
        </ErrorInfo>
      </Output>
    </UnitTestResult>
    <UnitTestResult executionId="2b3ba613-56ad-4747-93dc-49a900440f3c" testId="6da07e9f-7c61-49ff-6d98-466c114e8fbe" testName="IsHomeForfeitTest" computerName="KEIMI-PC" duration="00:00:00.0372046" startTime="2013-02-27T18:44:39.4037293+01:00" endTime="2013-02-27T18:44:39.7027464+01:00" testType="13cdc9d9-ddb5-4fa4-a97d-d965ccfc6d4b" outcome="Failed" testListId="8c84fa94-04c1-424b-9868-57a2d4851a1d" relativeResultsDirectory="2b3ba613-56ad-4747-93dc-49a900440f3c">
      <Output>
        <ErrorInfo>
          <Message>Test method TP3classTest.MatchTest.IsHomeForfeitTest threw exception: 
System.NotImplementedException: The method or operation is not implemented.</Message>
          <StackTrace>    at ClassLib.Match.get_IsHomeForfeit() in D:\Dev\Dotnet\TP3 Dotnet\TP3 Dotnet\ClassLib\Match.cs:line 74
   at TP3classTest.MatchTest.IsHomeForfeitTest() in D:\Dev\Dotnet\TP3 Dotnet\TP3 Dotnet\TP3classTest\MatchTest.cs:line 143
</StackTrace>
        </ErrorInfo>
      </Output>
    </UnitTestResult>
    <UnitTestResult executionId="365078be-2df2-4ac8-8622-3264c653ff9e" testId="7b785e64-e8f0-3e8d-eda1-0ac7243fd269" testName="ToStringTest" computerName="KEIMI-PC" duration="00:00:00.0004289" startTime="2013-02-27T18:44:39.7037464+01:00" endTime="2013-02-27T18:44:39.7237476+01:00" testType="13cdc9d9-ddb5-4fa4-a97d-d965ccfc6d4b" outcome="Passed" testListId="8c84fa94-04c1-424b-9868-57a2d4851a1d" relativeResultsDirectory="365078be-2df2-4ac8-8622-3264c653ff9e">
    </UnitTestResult>
    <UnitTestResult executionId="05879211-95f6-4ae4-8032-e6660b632035" testId="b4187efb-54ab-4acb-76b6-7fe8f1e427c4" testName="IsDrawTest" computerName="KEIMI-PC" duration="00:00:00.0014274" startTime="2013-02-27T18:44:39.7247476+01:00" endTime="2013-02-27T18:44:39.7307480+01:00" testType="13cdc9d9-ddb5-4fa4-a97d-d965ccfc6d4b" outcome="Failed" testListId="8c84fa94-04c1-424b-9868-57a2d4851a1d" relativeResultsDirectory="05879211-95f6-4ae4-8032-e6660b632035">
      <Output>
        <ErrorInfo>
          <Message>Test method TP3classTest.MatchTest.IsDrawTest threw exception: 
System.NotImplementedException: The method or operation is not implemented.</Message>
          <StackTrace>    at ClassLib.Match.get_IsDraw() in D:\Dev\Dotnet\TP3 Dotnet\TP3 Dotnet\ClassLib\Match.cs:line 70
   at TP3classTest.MatchTest.IsDrawTest() in D:\Dev\Dotnet\TP3 Dotnet\TP3 Dotnet\TP3classTest\MatchTest.cs:line 131
</StackTrace>
        </ErrorInfo>
      </Output>
    </UnitTestResult>
    <UnitTestResult executionId="da64185a-f35c-4283-8efe-5cb722635d7a" testId="d107c4bc-5dcb-a405-d6ca-bf8831813094" testName="AwayGoalsTest" computerName="KEIMI-PC" duration="00:00:00.0011622" startTime="2013-02-27T18:44:39.7317480+01:00" endTime="2013-02-27T18:44:39.7377484+01:00" testType="13cdc9d9-ddb5-4fa4-a97d-d965ccfc6d4b" outcome="Passed" testListId="8c84fa94-04c1-424b-9868-57a2d4851a1d" relativeResultsDirectory="da64185a-f35c-4283-8efe-5cb722635d7a">
    </UnitTestResult>
    <UnitTestResult executionId="05ea4040-ac89-45a9-99ee-e72bdc3a91f2" testId="d26324f1-f74d-8a17-2cca-dfddd89cb7cf" testName="IsAwayForfeitTest" computerName="KEIMI-PC" duration="00:00:00.0014381" startTime="2013-02-27T18:44:39.7387484+01:00" endTime="2013-02-27T18:44:39.7437487+01:00" testType="13cdc9d9-ddb5-4fa4-a97d-d965ccfc6d4b" outcome="Failed" testListId="8c84fa94-04c1-424b-9868-57a2d4851a1d" relativeResultsDirectory="05ea4040-ac89-45a9-99ee-e72bdc3a91f2">
      <Output>
        <ErrorInfo>
          <Message>Test method TP3classTest.MatchTest.IsAwayForfeitTest threw exception: 
System.NotImplementedException: The method or operation is not implemented.</Message>
          <StackTrace>    at ClassLib.Match.get_IsAwayForfeit() in D:\Dev\Dotnet\TP3 Dotnet\TP3 Dotnet\ClassLib\Match.cs:line 66
   at TP3classTest.MatchTest.IsAwayForfeitTest() in D:\Dev\Dotnet\TP3 Dotnet\TP3 Dotnet\TP3classTest\MatchTest.cs:line 119
</StackTrace>
        </ErrorInfo>
      </Output>
    </UnitTestResult>
    <UnitTestResult executionId="7e47653c-8464-4b23-8907-e5f4db582475" testId="de3e310c-7ff5-dd2c-38d7-83ff471389ae" testName="HomeTest" computerName="KEIMI-PC" duration="00:00:00.0003143" startTime="2013-02-27T18:44:39.7447488+01:00" endTime="2013-02-27T18:44:39.7497491+01:00" testType="13cdc9d9-ddb5-4fa4-a97d-d965ccfc6d4b" outcome="Passed" testListId="8c84fa94-04c1-424b-9868-57a2d4851a1d" relativeResultsDirectory="7e47653c-8464-4b23-8907-e5f4db582475">
    </UnitTestResult>
  </Results>
</TestRun>