<?xml version="1.0" encoding="UTF-8"?>
<TestRun id="993dc7d8-b5bf-4496-95c5-26e228d46619" name="Keimi@KEIMI-PC 2013-03-11 17:49:13" runUser="Keimi-PC\Keimi" xmlns="http://microsoft.com/schemas/VisualStudio/TeamTest/2010">
  <TestSettings name="Local" id="8cdc5f29-431d-4b7e-bb6b-06a80901297c">
    <Description>Il s'agit des paramètres de test par défaut pour une série de tests locale.</Description>
    <Deployment enabled="false" runDeploymentRoot="Keimi_KEIMI-PC 2013-03-11 17_49_13">
      <DeploymentItem filename="D:\Dev\Dotnet\TP3 Foot Dotnet\ClassLib\bin\Debug\ClassLib.dll" />
    </Deployment>
    <Execution>
      <TestTypeSpecific />
      <AgentRule name="Execution Agents">
      </AgentRule>
    </Execution>
  </TestSettings>
  <Times creation="2013-03-11T17:49:13.1344152+01:00" queuing="2013-03-11T17:49:15.1065280+01:00" start="2013-03-11T17:49:15.1185287+01:00" finish="2013-03-11T17:49:15.7105626+01:00" />
  <ResultSummary outcome="Failed">
    <Counters total="22" executed="22" passed="14" error="0" failed="4" timeout="0" aborted="0" inconclusive="4" passedButRunAborted="0" notRunnable="0" notExecuted="0" disconnected="0" warning="0" completed="0" inProgress="0" pending="0" />
  </ResultSummary>
  <TestDefinitions>
    <UnitTest name="GetGoalsTestHome" storage="d:\dev\dotnet\tp3 foot dotnet\tp3classtest\bin\debug\tp3classtest.dll" id="66449b77-e210-300e-ad2f-5d7338ae3674">
      <Execution id="de7f5831-ef50-44b6-a783-2afea4c6994a" />
      <TestMethod codeBase="D:/Dev/Dotnet/TP3 Foot Dotnet/TP3classTest/bin/Debug/TP3classTest.DLL" adapterTypeName="Microsoft.VisualStudio.TestTools.TestTypes.Unit.UnitTestAdapter, Microsoft.VisualStudio.QualityTools.Tips.UnitTest.Adapter, Version=10.0.0.0, Culture=neutral, PublicKeyToken=b03f5f7f11d50a3a" className="TP3classTest.MatchTest, TP3classTest, Version=1.0.0.0, Culture=neutral, PublicKeyToken=null" name="GetGoalsTestHome" />
    </UnitTest>
    <UnitTest name="AwayTest" storage="d:\dev\dotnet\tp3 foot dotnet\tp3classtest\bin\debug\tp3classtest.dll" id="4ac3140e-fbe5-6a30-6ad9-539372fc1464">
      <Execution id="eafc64bb-0ffb-4dcc-85d2-085897c9800a" />
      <TestMethod codeBase="D:/Dev/Dotnet/TP3 Foot Dotnet/TP3classTest/bin/Debug/TP3classTest.DLL" adapterTypeName="Microsoft.VisualStudio.TestTools.TestTypes.Unit.UnitTestAdapter, Microsoft.VisualStudio.QualityTools.Tips.UnitTest.Adapter, Version=10.0.0.0, Culture=neutral, PublicKeyToken=b03f5f7f11d50a3a" className="TP3classTest.MatchTest, TP3classTest, Version=1.0.0.0, Culture=neutral, PublicKeyToken=null" name="AwayTest" />
    </UnitTest>
    <UnitTest name="GetPointsFromMatchTest" storage="d:\dev\dotnet\tp3 foot dotnet\tp3classtest\bin\debug\tp3classtest.dll" id="156fb3d3-45e2-ca32-b814-97757bca0ecc">
      <Execution id="584d2dee-ebb8-4e99-a0ee-e901513ead2b" />
      <TestMethod codeBase="D:/Dev/Dotnet/TP3 Foot Dotnet/TP3classTest/bin/Debug/TP3classTest.DLL" adapterTypeName="Microsoft.VisualStudio.TestTools.TestTypes.Unit.UnitTestAdapter, Microsoft.VisualStudio.QualityTools.Tips.UnitTest.Adapter, Version=10.0.0.0, Culture=neutral, PublicKeyToken=b03f5f7f11d50a3a" className="TP3classTest.FrenchLeague1PointSystemTest, TP3classTest, Version=1.0.0.0, Culture=neutral, PublicKeyToken=null" name="GetPointsFromMatchTest" />
    </UnitTest>
    <UnitTest name="HomeGoalsTest" storage="d:\dev\dotnet\tp3 foot dotnet\tp3classtest\bin\debug\tp3classtest.dll" id="4cc693e8-c589-b96f-8314-aafe93bbf0db">
      <Execution id="04d14975-d159-4d0f-9062-c01b20cce0db" />
      <TestMethod codeBase="D:/Dev/Dotnet/TP3 Foot Dotnet/TP3classTest/bin/Debug/TP3classTest.DLL" adapterTypeName="Microsoft.VisualStudio.TestTools.TestTypes.Unit.UnitTestAdapter, Microsoft.VisualStudio.QualityTools.Tips.UnitTest.Adapter, Version=10.0.0.0, Culture=neutral, PublicKeyToken=b03f5f7f11d50a3a" className="TP3classTest.MatchTest, TP3classTest, Version=1.0.0.0, Culture=neutral, PublicKeyToken=null" name="HomeGoalsTest" />
    </UnitTest>
    <UnitTest name="AwayGoalsTest" storage="d:\dev\dotnet\tp3 foot dotnet\tp3classtest\bin\debug\tp3classtest.dll" id="d107c4bc-5dcb-a405-d6ca-bf8831813094">
      <Execution id="85292394-4a91-45fc-9e3d-e1defb31ba8b" />
      <TestMethod codeBase="D:/Dev/Dotnet/TP3 Foot Dotnet/TP3classTest/bin/Debug/TP3classTest.DLL" adapterTypeName="Microsoft.VisualStudio.TestTools.TestTypes.Unit.UnitTestAdapter, Microsoft.VisualStudio.QualityTools.Tips.UnitTest.Adapter, Version=10.0.0.0, Culture=neutral, PublicKeyToken=b03f5f7f11d50a3a" className="TP3classTest.MatchTest, TP3classTest, Version=1.0.0.0, Culture=neutral, PublicKeyToken=null" name="AwayGoalsTest" />
    </UnitTest>
    <UnitTest name="CompareToTest3" storage="d:\dev\dotnet\tp3 foot dotnet\tp3classtest\bin\debug\tp3classtest.dll" id="f4e2bdc2-7ad5-a7fd-d80f-fa54d2eec1b9">
      <DeploymentItems>
        <DeploymentItem filename="ClassLib.dll" />
      </DeploymentItems>
      <Execution id="535c92fe-4a97-4b4b-99f1-4a69b6ea90cc" />
      <TestMethod codeBase="D:/Dev/Dotnet/TP3 Foot Dotnet/TP3classTest/bin/Debug/TP3classTest.DLL" adapterTypeName="Microsoft.VisualStudio.TestTools.TestTypes.Unit.UnitTestAdapter, Microsoft.VisualStudio.QualityTools.Tips.UnitTest.Adapter, Version=10.0.0.0, Culture=neutral, PublicKeyToken=b03f5f7f11d50a3a" className="TP3classTest.FrenchLeague1PointSystem_PointTotalTest, TP3classTest, Version=1.0.0.0, Culture=neutral, PublicKeyToken=null" name="CompareToTest3" />
    </UnitTest>
    <UnitTest name="GetGoalsTestAwayAndHome" storage="d:\dev\dotnet\tp3 foot dotnet\tp3classtest\bin\debug\tp3classtest.dll" id="49c41386-d9a6-f19d-c9bf-8a218deef5fd">
      <Execution id="06129edb-130c-4c61-9729-21f77f2bd5c1" />
      <TestMethod codeBase="D:/Dev/Dotnet/TP3 Foot Dotnet/TP3classTest/bin/Debug/TP3classTest.DLL" adapterTypeName="Microsoft.VisualStudio.TestTools.TestTypes.Unit.UnitTestAdapter, Microsoft.VisualStudio.QualityTools.Tips.UnitTest.Adapter, Version=10.0.0.0, Culture=neutral, PublicKeyToken=b03f5f7f11d50a3a" className="TP3classTest.MatchTest, TP3classTest, Version=1.0.0.0, Culture=neutral, PublicKeyToken=null" name="GetGoalsTestAwayAndHome" />
    </UnitTest>
    <UnitTest name="FrenchLeague1PointSystem_PointTotalConstructorTest" storage="d:\dev\dotnet\tp3 foot dotnet\tp3classtest\bin\debug\tp3classtest.dll" id="bc89cd7f-fd1b-bd4b-01f1-030e0a0e8d90">
      <DeploymentItems>
        <DeploymentItem filename="ClassLib.dll" />
      </DeploymentItems>
      <Execution id="7c1a625f-e831-461e-b3a7-db411725b2a8" />
      <TestMethod codeBase="D:/Dev/Dotnet/TP3 Foot Dotnet/TP3classTest/bin/Debug/TP3classTest.DLL" adapterTypeName="Microsoft.VisualStudio.TestTools.TestTypes.Unit.UnitTestAdapter, Microsoft.VisualStudio.QualityTools.Tips.UnitTest.Adapter, Version=10.0.0.0, Culture=neutral, PublicKeyToken=b03f5f7f11d50a3a" className="TP3classTest.FrenchLeague1PointSystem_PointTotalTest, TP3classTest, Version=1.0.0.0, Culture=neutral, PublicKeyToken=null" name="FrenchLeague1PointSystem_PointTotalConstructorTest" />
    </UnitTest>
    <UnitTest name="InitialPointsTest" storage="d:\dev\dotnet\tp3 foot dotnet\tp3classtest\bin\debug\tp3classtest.dll" id="92818927-5a18-af3f-f6ee-f687d6ea2905">
      <Execution id="8af6c6ed-cdbf-458e-94e6-c764c63b2d40" />
      <TestMethod codeBase="D:/Dev/Dotnet/TP3 Foot Dotnet/TP3classTest/bin/Debug/TP3classTest.DLL" adapterTypeName="Microsoft.VisualStudio.TestTools.TestTypes.Unit.UnitTestAdapter, Microsoft.VisualStudio.QualityTools.Tips.UnitTest.Adapter, Version=10.0.0.0, Culture=neutral, PublicKeyToken=b03f5f7f11d50a3a" className="TP3classTest.FrenchLeague1PointSystemTest, TP3classTest, Version=1.0.0.0, Culture=neutral, PublicKeyToken=null" name="InitialPointsTest" />
    </UnitTest>
    <UnitTest name="FrenchLeague1PointSystemConstructorTest" storage="d:\dev\dotnet\tp3 foot dotnet\tp3classtest\bin\debug\tp3classtest.dll" id="981f8f49-acaa-83c5-d280-7d86853fde62">
      <DeploymentItems>
        <DeploymentItem filename="ClassLib.dll" />
      </DeploymentItems>
      <Execution id="6731b755-e845-45f5-bb02-bae2359e596e" />
      <TestMethod codeBase="D:/Dev/Dotnet/TP3 Foot Dotnet/TP3classTest/bin/Debug/TP3classTest.DLL" adapterTypeName="Microsoft.VisualStudio.TestTools.TestTypes.Unit.UnitTestAdapter, Microsoft.VisualStudio.QualityTools.Tips.UnitTest.Adapter, Version=10.0.0.0, Culture=neutral, PublicKeyToken=b03f5f7f11d50a3a" className="TP3classTest.FrenchLeague1PointSystemTest, TP3classTest, Version=1.0.0.0, Culture=neutral, PublicKeyToken=null" name="FrenchLeague1PointSystemConstructorTest" />
    </UnitTest>
    <UnitTest name="IncrementTest" storage="d:\dev\dotnet\tp3 foot dotnet\tp3classtest\bin\debug\tp3classtest.dll" id="c4d5529e-aaf1-79be-eb52-57d60f631bf9">
      <DeploymentItems>
        <DeploymentItem filename="ClassLib.dll" />
      </DeploymentItems>
      <Execution id="049bf414-0491-4e85-ba1d-2f75b3a4d669" />
      <TestMethod codeBase="D:/Dev/Dotnet/TP3 Foot Dotnet/TP3classTest/bin/Debug/TP3classTest.DLL" adapterTypeName="Microsoft.VisualStudio.TestTools.TestTypes.Unit.UnitTestAdapter, Microsoft.VisualStudio.QualityTools.Tips.UnitTest.Adapter, Version=10.0.0.0, Culture=neutral, PublicKeyToken=b03f5f7f11d50a3a" className="TP3classTest.FrenchLeague1PointSystem_PointTotalTest, TP3classTest, Version=1.0.0.0, Culture=neutral, PublicKeyToken=null" name="IncrementTest" />
    </UnitTest>
    <UnitTest name="ToStringTest" storage="d:\dev\dotnet\tp3 foot dotnet\tp3classtest\bin\debug\tp3classtest.dll" id="7b785e64-e8f0-3e8d-eda1-0ac7243fd269">
      <Execution id="88dad79f-875e-4667-afca-5ebba9121382" />
      <TestMethod codeBase="D:/Dev/Dotnet/TP3 Foot Dotnet/TP3classTest/bin/Debug/TP3classTest.DLL" adapterTypeName="Microsoft.VisualStudio.TestTools.TestTypes.Unit.UnitTestAdapter, Microsoft.VisualStudio.QualityTools.Tips.UnitTest.Adapter, Version=10.0.0.0, Culture=neutral, PublicKeyToken=b03f5f7f11d50a3a" className="TP3classTest.ClubTest, TP3classTest, Version=1.0.0.0, Culture=neutral, PublicKeyToken=null" name="ToStringTest" />
    </UnitTest>
    <UnitTest name="GetGoalsTestAway" storage="d:\dev\dotnet\tp3 foot dotnet\tp3classtest\bin\debug\tp3classtest.dll" id="963d8b99-20c3-775c-205c-749fdd0753ea">
      <Execution id="b2c564e6-fdb4-4ebc-9cb4-442e5a03ea06" />
      <TestMethod codeBase="D:/Dev/Dotnet/TP3 Foot Dotnet/TP3classTest/bin/Debug/TP3classTest.DLL" adapterTypeName="Microsoft.VisualStudio.TestTools.TestTypes.Unit.UnitTestAdapter, Microsoft.VisualStudio.QualityTools.Tips.UnitTest.Adapter, Version=10.0.0.0, Culture=neutral, PublicKeyToken=b03f5f7f11d50a3a" className="TP3classTest.MatchTest, TP3classTest, Version=1.0.0.0, Culture=neutral, PublicKeyToken=null" name="GetGoalsTestAway" />
    </UnitTest>
    <UnitTest name="CompareToTest1" storage="d:\dev\dotnet\tp3 foot dotnet\tp3classtest\bin\debug\tp3classtest.dll" id="e90a1e76-58f9-3155-8edb-f81e804ee109">
      <DeploymentItems>
        <DeploymentItem filename="ClassLib.dll" />
      </DeploymentItems>
      <Execution id="8fac9367-fa49-44ae-b283-9baf864523a9" />
      <TestMethod codeBase="D:/Dev/Dotnet/TP3 Foot Dotnet/TP3classTest/bin/Debug/TP3classTest.DLL" adapterTypeName="Microsoft.VisualStudio.TestTools.TestTypes.Unit.UnitTestAdapter, Microsoft.VisualStudio.QualityTools.Tips.UnitTest.Adapter, Version=10.0.0.0, Culture=neutral, PublicKeyToken=b03f5f7f11d50a3a" className="TP3classTest.FrenchLeague1PointSystem_PointTotalTest, TP3classTest, Version=1.0.0.0, Culture=neutral, PublicKeyToken=null" name="CompareToTest1" />
    </UnitTest>
    <UnitTest name="IsDrawTest" storage="d:\dev\dotnet\tp3 foot dotnet\tp3classtest\bin\debug\tp3classtest.dll" id="b4187efb-54ab-4acb-76b6-7fe8f1e427c4">
      <Execution id="2b9f4149-59a8-45a4-b257-70e93f84b7a5" />
      <TestMethod codeBase="D:/Dev/Dotnet/TP3 Foot Dotnet/TP3classTest/bin/Debug/TP3classTest.DLL" adapterTypeName="Microsoft.VisualStudio.TestTools.TestTypes.Unit.UnitTestAdapter, Microsoft.VisualStudio.QualityTools.Tips.UnitTest.Adapter, Version=10.0.0.0, Culture=neutral, PublicKeyToken=b03f5f7f11d50a3a" className="TP3classTest.MatchTest, TP3classTest, Version=1.0.0.0, Culture=neutral, PublicKeyToken=null" name="IsDrawTest" />
    </UnitTest>
    <UnitTest name="CompareToTest2" storage="d:\dev\dotnet\tp3 foot dotnet\tp3classtest\bin\debug\tp3classtest.dll" id="8f0c170b-4d49-74fa-46a5-164670d67999">
      <DeploymentItems>
        <DeploymentItem filename="ClassLib.dll" />
      </DeploymentItems>
      <Execution id="ae9e2cad-6136-4f16-8654-d743f219d1f8" />
      <TestMethod codeBase="D:/Dev/Dotnet/TP3 Foot Dotnet/TP3classTest/bin/Debug/TP3classTest.DLL" adapterTypeName="Microsoft.VisualStudio.TestTools.TestTypes.Unit.UnitTestAdapter, Microsoft.VisualStudio.QualityTools.Tips.UnitTest.Adapter, Version=10.0.0.0, Culture=neutral, PublicKeyToken=b03f5f7f11d50a3a" className="TP3classTest.FrenchLeague1PointSystem_PointTotalTest, TP3classTest, Version=1.0.0.0, Culture=neutral, PublicKeyToken=null" name="CompareToTest2" />
    </UnitTest>
    <UnitTest name="InstanceTest" storage="d:\dev\dotnet\tp3 foot dotnet\tp3classtest\bin\debug\tp3classtest.dll" id="1140d319-ee8d-1ffd-6dcd-d1bcd0dc7465">
      <Execution id="652c2f2c-0114-4360-a28f-00af442ace60" />
      <TestMethod codeBase="D:/Dev/Dotnet/TP3 Foot Dotnet/TP3classTest/bin/Debug/TP3classTest.DLL" adapterTypeName="Microsoft.VisualStudio.TestTools.TestTypes.Unit.UnitTestAdapter, Microsoft.VisualStudio.QualityTools.Tips.UnitTest.Adapter, Version=10.0.0.0, Culture=neutral, PublicKeyToken=b03f5f7f11d50a3a" className="TP3classTest.FrenchLeague1PointSystemTest, TP3classTest, Version=1.0.0.0, Culture=neutral, PublicKeyToken=null" name="InstanceTest" />
    </UnitTest>
    <UnitTest name="ToStringTest" storage="d:\dev\dotnet\tp3 foot dotnet\tp3classtest\bin\debug\tp3classtest.dll" id="3ccce1cc-b482-1bf7-48e4-7806da95b7c4">
      <DeploymentItems>
        <DeploymentItem filename="ClassLib.dll" />
      </DeploymentItems>
      <Execution id="e7af53ec-9ace-4eff-916d-f5aab4ebb41d" />
      <TestMethod codeBase="D:/Dev/Dotnet/TP3 Foot Dotnet/TP3classTest/bin/Debug/TP3classTest.DLL" adapterTypeName="Microsoft.VisualStudio.TestTools.TestTypes.Unit.UnitTestAdapter, Microsoft.VisualStudio.QualityTools.Tips.UnitTest.Adapter, Version=10.0.0.0, Culture=neutral, PublicKeyToken=b03f5f7f11d50a3a" className="TP3classTest.FrenchLeague1PointSystem_PointTotalTest, TP3classTest, Version=1.0.0.0, Culture=neutral, PublicKeyToken=null" name="ToStringTest" />
    </UnitTest>
    <UnitTest name="HomeTest" storage="d:\dev\dotnet\tp3 foot dotnet\tp3classtest\bin\debug\tp3classtest.dll" id="de3e310c-7ff5-dd2c-38d7-83ff471389ae">
      <Execution id="d9c72005-a8ce-4bbd-905e-e8f2b8d1a855" />
      <TestMethod codeBase="D:/Dev/Dotnet/TP3 Foot Dotnet/TP3classTest/bin/Debug/TP3classTest.DLL" adapterTypeName="Microsoft.VisualStudio.TestTools.TestTypes.Unit.UnitTestAdapter, Microsoft.VisualStudio.QualityTools.Tips.UnitTest.Adapter, Version=10.0.0.0, Culture=neutral, PublicKeyToken=b03f5f7f11d50a3a" className="TP3classTest.MatchTest, TP3classTest, Version=1.0.0.0, Culture=neutral, PublicKeyToken=null" name="HomeTest" />
    </UnitTest>
    <UnitTest name="IsAwayForfeitTest" storage="d:\dev\dotnet\tp3 foot dotnet\tp3classtest\bin\debug\tp3classtest.dll" id="d26324f1-f74d-8a17-2cca-dfddd89cb7cf">
      <Execution id="d45a0d3e-9fe1-4cea-8224-888f1422ff2a" />
      <TestMethod codeBase="D:/Dev/Dotnet/TP3 Foot Dotnet/TP3classTest/bin/Debug/TP3classTest.DLL" adapterTypeName="Microsoft.VisualStudio.TestTools.TestTypes.Unit.UnitTestAdapter, Microsoft.VisualStudio.QualityTools.Tips.UnitTest.Adapter, Version=10.0.0.0, Culture=neutral, PublicKeyToken=b03f5f7f11d50a3a" className="TP3classTest.MatchTest, TP3classTest, Version=1.0.0.0, Culture=neutral, PublicKeyToken=null" name="IsAwayForfeitTest" />
    </UnitTest>
    <UnitTest name="FrenchLeague1PointSystem_PointTotalConstructorTest1" storage="d:\dev\dotnet\tp3 foot dotnet\tp3classtest\bin\debug\tp3classtest.dll" id="a1b0c4b8-f52e-849e-5dc1-5a3525665c48">
      <DeploymentItems>
        <DeploymentItem filename="ClassLib.dll" />
      </DeploymentItems>
      <Execution id="8a47b2ed-711a-4438-9a60-345a99f4249f" />
      <TestMethod codeBase="D:/Dev/Dotnet/TP3 Foot Dotnet/TP3classTest/bin/Debug/TP3classTest.DLL" adapterTypeName="Microsoft.VisualStudio.TestTools.TestTypes.Unit.UnitTestAdapter, Microsoft.VisualStudio.QualityTools.Tips.UnitTest.Adapter, Version=10.0.0.0, Culture=neutral, PublicKeyToken=b03f5f7f11d50a3a" className="TP3classTest.FrenchLeague1PointSystem_PointTotalTest, TP3classTest, Version=1.0.0.0, Culture=neutral, PublicKeyToken=null" name="FrenchLeague1PointSystem_PointTotalConstructorTest1" />
    </UnitTest>
    <UnitTest name="IsHomeForfeitTest" storage="d:\dev\dotnet\tp3 foot dotnet\tp3classtest\bin\debug\tp3classtest.dll" id="6da07e9f-7c61-49ff-6d98-466c114e8fbe">
      <Execution id="abdb54fc-6f2c-4cff-a017-219c3373edb3" />
      <TestMethod codeBase="D:/Dev/Dotnet/TP3 Foot Dotnet/TP3classTest/bin/Debug/TP3classTest.DLL" adapterTypeName="Microsoft.VisualStudio.TestTools.TestTypes.Unit.UnitTestAdapter, Microsoft.VisualStudio.QualityTools.Tips.UnitTest.Adapter, Version=10.0.0.0, Culture=neutral, PublicKeyToken=b03f5f7f11d50a3a" className="TP3classTest.MatchTest, TP3classTest, Version=1.0.0.0, Culture=neutral, PublicKeyToken=null" name="IsHomeForfeitTest" />
    </UnitTest>
  </TestDefinitions>
  <TestLists>
    <TestList name="Les résultats ne figurent pas dans une liste" id="8c84fa94-04c1-424b-9868-57a2d4851a1d" />
    <TestList name="Tous les résultats chargés" id="19431567-8539-422a-85d7-44ee4e166bda" />
  </TestLists>
  <TestEntries>
    <TestEntry testId="1140d319-ee8d-1ffd-6dcd-d1bcd0dc7465" executionId="652c2f2c-0114-4360-a28f-00af442ace60" testListId="8c84fa94-04c1-424b-9868-57a2d4851a1d" />
    <TestEntry testId="156fb3d3-45e2-ca32-b814-97757bca0ecc" executionId="584d2dee-ebb8-4e99-a0ee-e901513ead2b" testListId="8c84fa94-04c1-424b-9868-57a2d4851a1d" />
    <TestEntry testId="3ccce1cc-b482-1bf7-48e4-7806da95b7c4" executionId="e7af53ec-9ace-4eff-916d-f5aab4ebb41d" testListId="8c84fa94-04c1-424b-9868-57a2d4851a1d" />
    <TestEntry testId="49c41386-d9a6-f19d-c9bf-8a218deef5fd" executionId="06129edb-130c-4c61-9729-21f77f2bd5c1" testListId="8c84fa94-04c1-424b-9868-57a2d4851a1d" />
    <TestEntry testId="4ac3140e-fbe5-6a30-6ad9-539372fc1464" executionId="eafc64bb-0ffb-4dcc-85d2-085897c9800a" testListId="8c84fa94-04c1-424b-9868-57a2d4851a1d" />
    <TestEntry testId="4cc693e8-c589-b96f-8314-aafe93bbf0db" executionId="04d14975-d159-4d0f-9062-c01b20cce0db" testListId="8c84fa94-04c1-424b-9868-57a2d4851a1d" />
    <TestEntry testId="66449b77-e210-300e-ad2f-5d7338ae3674" executionId="de7f5831-ef50-44b6-a783-2afea4c6994a" testListId="8c84fa94-04c1-424b-9868-57a2d4851a1d" />
    <TestEntry testId="6da07e9f-7c61-49ff-6d98-466c114e8fbe" executionId="abdb54fc-6f2c-4cff-a017-219c3373edb3" testListId="8c84fa94-04c1-424b-9868-57a2d4851a1d" />
    <TestEntry testId="7b785e64-e8f0-3e8d-eda1-0ac7243fd269" executionId="88dad79f-875e-4667-afca-5ebba9121382" testListId="8c84fa94-04c1-424b-9868-57a2d4851a1d" />
    <TestEntry testId="8f0c170b-4d49-74fa-46a5-164670d67999" executionId="ae9e2cad-6136-4f16-8654-d743f219d1f8" testListId="8c84fa94-04c1-424b-9868-57a2d4851a1d" />
    <TestEntry testId="92818927-5a18-af3f-f6ee-f687d6ea2905" executionId="8af6c6ed-cdbf-458e-94e6-c764c63b2d40" testListId="8c84fa94-04c1-424b-9868-57a2d4851a1d" />
    <TestEntry testId="963d8b99-20c3-775c-205c-749fdd0753ea" executionId="b2c564e6-fdb4-4ebc-9cb4-442e5a03ea06" testListId="8c84fa94-04c1-424b-9868-57a2d4851a1d" />
    <TestEntry testId="981f8f49-acaa-83c5-d280-7d86853fde62" executionId="6731b755-e845-45f5-bb02-bae2359e596e" testListId="8c84fa94-04c1-424b-9868-57a2d4851a1d" />
    <TestEntry testId="a1b0c4b8-f52e-849e-5dc1-5a3525665c48" executionId="8a47b2ed-711a-4438-9a60-345a99f4249f" testListId="8c84fa94-04c1-424b-9868-57a2d4851a1d" />
    <TestEntry testId="b4187efb-54ab-4acb-76b6-7fe8f1e427c4" executionId="2b9f4149-59a8-45a4-b257-70e93f84b7a5" testListId="8c84fa94-04c1-424b-9868-57a2d4851a1d" />
    <TestEntry testId="bc89cd7f-fd1b-bd4b-01f1-030e0a0e8d90" executionId="7c1a625f-e831-461e-b3a7-db411725b2a8" testListId="8c84fa94-04c1-424b-9868-57a2d4851a1d" />
    <TestEntry testId="c4d5529e-aaf1-79be-eb52-57d60f631bf9" executionId="049bf414-0491-4e85-ba1d-2f75b3a4d669" testListId="8c84fa94-04c1-424b-9868-57a2d4851a1d" />
    <TestEntry testId="d107c4bc-5dcb-a405-d6ca-bf8831813094" executionId="85292394-4a91-45fc-9e3d-e1defb31ba8b" testListId="8c84fa94-04c1-424b-9868-57a2d4851a1d" />
    <TestEntry testId="d26324f1-f74d-8a17-2cca-dfddd89cb7cf" executionId="d45a0d3e-9fe1-4cea-8224-888f1422ff2a" testListId="8c84fa94-04c1-424b-9868-57a2d4851a1d" />
    <TestEntry testId="de3e310c-7ff5-dd2c-38d7-83ff471389ae" executionId="d9c72005-a8ce-4bbd-905e-e8f2b8d1a855" testListId="8c84fa94-04c1-424b-9868-57a2d4851a1d" />
    <TestEntry testId="e90a1e76-58f9-3155-8edb-f81e804ee109" executionId="8fac9367-fa49-44ae-b283-9baf864523a9" testListId="8c84fa94-04c1-424b-9868-57a2d4851a1d" />
    <TestEntry testId="f4e2bdc2-7ad5-a7fd-d80f-fa54d2eec1b9" executionId="535c92fe-4a97-4b4b-99f1-4a69b6ea90cc" testListId="8c84fa94-04c1-424b-9868-57a2d4851a1d" />
  </TestEntries>
  <Results>
    <UnitTestResult executionId="652c2f2c-0114-4360-a28f-00af442ace60" testId="1140d319-ee8d-1ffd-6dcd-d1bcd0dc7465" testName="InstanceTest" computerName="KEIMI-PC" duration="00:00:00.0176111" startTime="2013-03-11T17:49:15.1205288+01:00" endTime="2013-03-11T17:49:15.3765435+01:00" testType="13cdc9d9-ddb5-4fa4-a97d-d965ccfc6d4b" outcome="Inconclusive" testListId="8c84fa94-04c1-424b-9868-57a2d4851a1d" relativeResultsDirectory="652c2f2c-0114-4360-a28f-00af442ace60">
      <Output>
        <ErrorInfo>
          <Message>Assert.Inconclusive failed. Vérifiez l'exactitude de cette méthode de test.</Message>
          <StackTrace>   at TP3classTest.FrenchLeague1PointSystemTest.InstanceTest() in D:\Dev\Dotnet\TP3 Foot Dotnet\TP3classTest\FrenchLeague1PointSystemTest.cs:line 114
</StackTrace>
        </ErrorInfo>
      </Output>
    </UnitTestResult>
    <UnitTestResult executionId="584d2dee-ebb8-4e99-a0ee-e901513ead2b" testId="156fb3d3-45e2-ca32-b814-97757bca0ecc" testName="GetPointsFromMatchTest" computerName="KEIMI-PC" duration="00:00:00.0126088" startTime="2013-03-11T17:49:15.3785436+01:00" endTime="2013-03-11T17:49:15.3955446+01:00" testType="13cdc9d9-ddb5-4fa4-a97d-d965ccfc6d4b" outcome="Failed" testListId="8c84fa94-04c1-424b-9868-57a2d4851a1d" relativeResultsDirectory="584d2dee-ebb8-4e99-a0ee-e901513ead2b">
      <Output>
        <ErrorInfo>
          <Message>Assert.AreEqual failed. Expected:&lt;-1 (System.Int32)&gt;. Actual:&lt;ClassLib.FrenchLeague1PointSystem+PointTotal (ClassLib.FrenchLeague1PointSystem+PointTotal)&gt;. </Message>
          <StackTrace>   at TP3classTest.FrenchLeague1PointSystemTest.GetPointsFromMatchTest() in D:\Dev\Dotnet\TP3 Foot Dotnet\TP3classTest\FrenchLeague1PointSystemTest.cs:line 90
</StackTrace>
        </ErrorInfo>
      </Output>
    </UnitTestResult>
    <UnitTestResult executionId="e7af53ec-9ace-4eff-916d-f5aab4ebb41d" testId="3ccce1cc-b482-1bf7-48e4-7806da95b7c4" testName="ToStringTest" computerName="KEIMI-PC" duration="00:00:00.0071716" startTime="2013-03-11T17:49:15.3965446+01:00" endTime="2013-03-11T17:49:15.4135456+01:00" testType="13cdc9d9-ddb5-4fa4-a97d-d965ccfc6d4b" outcome="Failed" testListId="8c84fa94-04c1-424b-9868-57a2d4851a1d" relativeResultsDirectory="e7af53ec-9ace-4eff-916d-f5aab4ebb41d">
      <Output>
        <ErrorInfo>
          <Message>Assert.AreEqual failed. Expected:&lt;&gt;. Actual:&lt;ClassLib.FrenchLeague1PointSystem+PointTotal&gt;. </Message>
          <StackTrace>   at TP3classTest.FrenchLeague1PointSystem_PointTotalTest.ToStringTest() in D:\Dev\Dotnet\TP3 Foot Dotnet\TP3classTest\FrenchLeague1PointSystem_PointTotalTest.cs:line 209
</StackTrace>
        </ErrorInfo>
      </Output>
    </UnitTestResult>
    <UnitTestResult executionId="06129edb-130c-4c61-9729-21f77f2bd5c1" testId="49c41386-d9a6-f19d-c9bf-8a218deef5fd" testName="GetGoalsTestAwayAndHome" computerName="KEIMI-PC" duration="00:00:00.0005131" startTime="2013-03-11T17:49:15.4145457+01:00" endTime="2013-03-11T17:49:15.4205460+01:00" testType="13cdc9d9-ddb5-4fa4-a97d-d965ccfc6d4b" outcome="Passed" testListId="8c84fa94-04c1-424b-9868-57a2d4851a1d" relativeResultsDirectory="06129edb-130c-4c61-9729-21f77f2bd5c1">
    </UnitTestResult>
    <UnitTestResult executionId="eafc64bb-0ffb-4dcc-85d2-085897c9800a" testId="4ac3140e-fbe5-6a30-6ad9-539372fc1464" testName="AwayTest" computerName="KEIMI-PC" duration="00:00:00.0005127" startTime="2013-03-11T17:49:15.4215461+01:00" endTime="2013-03-11T17:49:15.4275464+01:00" testType="13cdc9d9-ddb5-4fa4-a97d-d965ccfc6d4b" outcome="Passed" testListId="8c84fa94-04c1-424b-9868-57a2d4851a1d" relativeResultsDirectory="eafc64bb-0ffb-4dcc-85d2-085897c9800a">
    </UnitTestResult>
    <UnitTestResult executionId="04d14975-d159-4d0f-9062-c01b20cce0db" testId="4cc693e8-c589-b96f-8314-aafe93bbf0db" testName="HomeGoalsTest" computerName="KEIMI-PC" duration="00:00:00.0003660" startTime="2013-03-11T17:49:15.4295465+01:00" endTime="2013-03-11T17:49:15.4355469+01:00" testType="13cdc9d9-ddb5-4fa4-a97d-d965ccfc6d4b" outcome="Passed" testListId="8c84fa94-04c1-424b-9868-57a2d4851a1d" relativeResultsDirectory="04d14975-d159-4d0f-9062-c01b20cce0db">
    </UnitTestResult>
    <UnitTestResult executionId="de7f5831-ef50-44b6-a783-2afea4c6994a" testId="66449b77-e210-300e-ad2f-5d7338ae3674" testName="GetGoalsTestHome" computerName="KEIMI-PC" duration="00:00:00.0002129" startTime="2013-03-11T17:49:15.4375470+01:00" endTime="2013-03-11T17:49:15.4425473+01:00" testType="13cdc9d9-ddb5-4fa4-a97d-d965ccfc6d4b" outcome="Passed" testListId="8c84fa94-04c1-424b-9868-57a2d4851a1d" relativeResultsDirectory="de7f5831-ef50-44b6-a783-2afea4c6994a">
    </UnitTestResult>
    <UnitTestResult executionId="abdb54fc-6f2c-4cff-a017-219c3373edb3" testId="6da07e9f-7c61-49ff-6d98-466c114e8fbe" testName="IsHomeForfeitTest" computerName="KEIMI-PC" duration="00:00:00.0003215" startTime="2013-03-11T17:49:15.4445474+01:00" endTime="2013-03-11T17:49:15.4495477+01:00" testType="13cdc9d9-ddb5-4fa4-a97d-d965ccfc6d4b" outcome="Passed" testListId="8c84fa94-04c1-424b-9868-57a2d4851a1d" relativeResultsDirectory="abdb54fc-6f2c-4cff-a017-219c3373edb3">
    </UnitTestResult>
    <UnitTestResult executionId="88dad79f-875e-4667-afca-5ebba9121382" testId="7b785e64-e8f0-3e8d-eda1-0ac7243fd269" testName="ToStringTest" computerName="KEIMI-PC" duration="00:00:00.0004194" startTime="2013-03-11T17:49:15.4505477+01:00" endTime="2013-03-11T17:49:15.4565481+01:00" testType="13cdc9d9-ddb5-4fa4-a97d-d965ccfc6d4b" outcome="Passed" testListId="8c84fa94-04c1-424b-9868-57a2d4851a1d" relativeResultsDirectory="88dad79f-875e-4667-afca-5ebba9121382">
    </UnitTestResult>
    <UnitTestResult executionId="ae9e2cad-6136-4f16-8654-d743f219d1f8" testId="8f0c170b-4d49-74fa-46a5-164670d67999" testName="CompareToTest2" computerName="KEIMI-PC" duration="00:00:00.0008783" startTime="2013-03-11T17:49:15.4575481+01:00" endTime="2013-03-11T17:49:15.4635485+01:00" testType="13cdc9d9-ddb5-4fa4-a97d-d965ccfc6d4b" outcome="Passed" testListId="8c84fa94-04c1-424b-9868-57a2d4851a1d" relativeResultsDirectory="ae9e2cad-6136-4f16-8654-d743f219d1f8">
    </UnitTestResult>
    <UnitTestResult executionId="8af6c6ed-cdbf-458e-94e6-c764c63b2d40" testId="92818927-5a18-af3f-f6ee-f687d6ea2905" testName="InitialPointsTest" computerName="KEIMI-PC" duration="00:00:00.0014295" startTime="2013-03-11T17:49:15.4655486+01:00" endTime="2013-03-11T17:49:15.4715489+01:00" testType="13cdc9d9-ddb5-4fa4-a97d-d965ccfc6d4b" outcome="Inconclusive" testListId="8c84fa94-04c1-424b-9868-57a2d4851a1d" relativeResultsDirectory="8af6c6ed-cdbf-458e-94e6-c764c63b2d40">
      <Output>
        <ErrorInfo>
          <Message>Assert.Inconclusive failed. Vérifiez l'exactitude de cette méthode de test.</Message>
          <StackTrace>   at TP3classTest.FrenchLeague1PointSystemTest.InitialPointsTest() in D:\Dev\Dotnet\TP3 Foot Dotnet\TP3classTest\FrenchLeague1PointSystemTest.cs:line 103
</StackTrace>
        </ErrorInfo>
      </Output>
    </UnitTestResult>
    <UnitTestResult executionId="b2c564e6-fdb4-4ebc-9cb4-442e5a03ea06" testId="963d8b99-20c3-775c-205c-749fdd0753ea" testName="GetGoalsTestAway" computerName="KEIMI-PC" duration="00:00:00.0002912" startTime="2013-03-11T17:49:15.4735490+01:00" endTime="2013-03-11T17:49:15.4785493+01:00" testType="13cdc9d9-ddb5-4fa4-a97d-d965ccfc6d4b" outcome="Passed" testListId="8c84fa94-04c1-424b-9868-57a2d4851a1d" relativeResultsDirectory="b2c564e6-fdb4-4ebc-9cb4-442e5a03ea06">
    </UnitTestResult>
    <UnitTestResult executionId="6731b755-e845-45f5-bb02-bae2359e596e" testId="981f8f49-acaa-83c5-d280-7d86853fde62" testName="FrenchLeague1PointSystemConstructorTest" computerName="KEIMI-PC" duration="00:00:00.0008501" startTime="2013-03-11T17:49:15.4805494+01:00" endTime="2013-03-11T17:49:15.4865498+01:00" testType="13cdc9d9-ddb5-4fa4-a97d-d965ccfc6d4b" outcome="Inconclusive" testListId="8c84fa94-04c1-424b-9868-57a2d4851a1d" relativeResultsDirectory="6731b755-e845-45f5-bb02-bae2359e596e">
      <Output>
        <ErrorInfo>
          <Message>Assert.Inconclusive failed. TODO: implémentez le code pour vérifier la cible</Message>
          <StackTrace>   at TP3classTest.FrenchLeague1PointSystemTest.FrenchLeague1PointSystemConstructorTest() in D:\Dev\Dotnet\TP3 Foot Dotnet\TP3classTest\FrenchLeague1PointSystemTest.cs:line 75
</StackTrace>
        </ErrorInfo>
      </Output>
    </UnitTestResult>
    <UnitTestResult executionId="8a47b2ed-711a-4438-9a60-345a99f4249f" testId="a1b0c4b8-f52e-849e-5dc1-5a3525665c48" testName="FrenchLeague1PointSystem_PointTotalConstructorTest1" computerName="KEIMI-PC" duration="00:00:00.0099935" startTime="2013-03-11T17:49:15.4885499+01:00" endTime="2013-03-11T17:49:15.5085510+01:00" testType="13cdc9d9-ddb5-4fa4-a97d-d965ccfc6d4b" outcome="Failed" testListId="8c84fa94-04c1-424b-9868-57a2d4851a1d" relativeResultsDirectory="8a47b2ed-711a-4438-9a60-345a99f4249f">
      <Output>
        <ErrorInfo>
          <Message>Test method TP3classTest.FrenchLeague1PointSystem_PointTotalTest.FrenchLeague1PointSystem_PointTotalConstructorTest1 threw exception: 
System.NullReferenceException: Object reference not set to an instance of an object.</Message>
          <StackTrace>   at ClassLib.FrenchLeague1PointSystem_Accessor.PointTotal..ctor(Match m, Boolean home)
   at TP3classTest.FrenchLeague1PointSystem_PointTotalTest.FrenchLeague1PointSystem_PointTotalConstructorTest1() in D:\Dev\Dotnet\TP3 Foot Dotnet\TP3classTest\FrenchLeague1PointSystem_PointTotalTest.cs:line 87
</StackTrace>
        </ErrorInfo>
      </Output>
    </UnitTestResult>
    <UnitTestResult executionId="2b9f4149-59a8-45a4-b257-70e93f84b7a5" testId="b4187efb-54ab-4acb-76b6-7fe8f1e427c4" testName="IsDrawTest" computerName="KEIMI-PC" duration="00:00:00.0003985" startTime="2013-03-11T17:49:15.5105511+01:00" endTime="2013-03-11T17:49:15.5165515+01:00" testType="13cdc9d9-ddb5-4fa4-a97d-d965ccfc6d4b" outcome="Passed" testListId="8c84fa94-04c1-424b-9868-57a2d4851a1d" relativeResultsDirectory="2b9f4149-59a8-45a4-b257-70e93f84b7a5">
    </UnitTestResult>
    <UnitTestResult executionId="7c1a625f-e831-461e-b3a7-db411725b2a8" testId="bc89cd7f-fd1b-bd4b-01f1-030e0a0e8d90" testName="FrenchLeague1PointSystem_PointTotalConstructorTest" computerName="KEIMI-PC" duration="00:00:00.0008710" startTime="2013-03-11T17:49:15.5175515+01:00" endTime="2013-03-11T17:49:15.5245519+01:00" testType="13cdc9d9-ddb5-4fa4-a97d-d965ccfc6d4b" outcome="Inconclusive" testListId="8c84fa94-04c1-424b-9868-57a2d4851a1d" relativeResultsDirectory="7c1a625f-e831-461e-b3a7-db411725b2a8">
      <Output>
        <ErrorInfo>
          <Message>Assert.Inconclusive failed. TODO: implémentez le code pour vérifier la cible</Message>
          <StackTrace>   at TP3classTest.FrenchLeague1PointSystem_PointTotalTest.FrenchLeague1PointSystem_PointTotalConstructorTest() in D:\Dev\Dotnet\TP3 Foot Dotnet\TP3classTest\FrenchLeague1PointSystem_PointTotalTest.cs:line 75
</StackTrace>
        </ErrorInfo>
      </Output>
    </UnitTestResult>
    <UnitTestResult executionId="049bf414-0491-4e85-ba1d-2f75b3a4d669" testId="c4d5529e-aaf1-79be-eb52-57d60f631bf9" testName="IncrementTest" computerName="KEIMI-PC" duration="00:00:00.0015608" startTime="2013-03-11T17:49:15.5255520+01:00" endTime="2013-03-11T17:49:15.5315523+01:00" testType="13cdc9d9-ddb5-4fa4-a97d-d965ccfc6d4b" outcome="Failed" testListId="8c84fa94-04c1-424b-9868-57a2d4851a1d" relativeResultsDirectory="049bf414-0491-4e85-ba1d-2f75b3a4d669">
      <Output>
        <ErrorInfo>
          <Message>Assert.AreEqual failed. Expected:&lt;1&gt;. Actual:&lt;3&gt;. </Message>
          <StackTrace>   at TP3classTest.FrenchLeague1PointSystem_PointTotalTest.IncrementTest() in D:\Dev\Dotnet\TP3 Foot Dotnet\TP3classTest\FrenchLeague1PointSystem_PointTotalTest.cs:line 190
</StackTrace>
        </ErrorInfo>
      </Output>
    </UnitTestResult>
    <UnitTestResult executionId="85292394-4a91-45fc-9e3d-e1defb31ba8b" testId="d107c4bc-5dcb-a405-d6ca-bf8831813094" testName="AwayGoalsTest" computerName="KEIMI-PC" duration="00:00:00.0002942" startTime="2013-03-11T17:49:15.5335525+01:00" endTime="2013-03-11T17:49:15.5375527+01:00" testType="13cdc9d9-ddb5-4fa4-a97d-d965ccfc6d4b" outcome="Passed" testListId="8c84fa94-04c1-424b-9868-57a2d4851a1d" relativeResultsDirectory="85292394-4a91-45fc-9e3d-e1defb31ba8b">
    </UnitTestResult>
    <UnitTestResult executionId="d45a0d3e-9fe1-4cea-8224-888f1422ff2a" testId="d26324f1-f74d-8a17-2cca-dfddd89cb7cf" testName="IsAwayForfeitTest" computerName="KEIMI-PC" duration="00:00:00.0003998" startTime="2013-03-11T17:49:15.5385527+01:00" endTime="2013-03-11T17:49:15.5445531+01:00" testType="13cdc9d9-ddb5-4fa4-a97d-d965ccfc6d4b" outcome="Passed" testListId="8c84fa94-04c1-424b-9868-57a2d4851a1d" relativeResultsDirectory="d45a0d3e-9fe1-4cea-8224-888f1422ff2a">
    </UnitTestResult>
    <UnitTestResult executionId="d9c72005-a8ce-4bbd-905e-e8f2b8d1a855" testId="de3e310c-7ff5-dd2c-38d7-83ff471389ae" testName="HomeTest" computerName="KEIMI-PC" duration="00:00:00.0004609" startTime="2013-03-11T17:49:15.5455531+01:00" endTime="2013-03-11T17:49:15.5515535+01:00" testType="13cdc9d9-ddb5-4fa4-a97d-d965ccfc6d4b" outcome="Passed" testListId="8c84fa94-04c1-424b-9868-57a2d4851a1d" relativeResultsDirectory="d9c72005-a8ce-4bbd-905e-e8f2b8d1a855">
    </UnitTestResult>
    <UnitTestResult executionId="8fac9367-fa49-44ae-b283-9baf864523a9" testId="e90a1e76-58f9-3155-8edb-f81e804ee109" testName="CompareToTest1" computerName="KEIMI-PC" duration="00:00:00.0004648" startTime="2013-03-11T17:49:15.5525535+01:00" endTime="2013-03-11T17:49:15.5585539+01:00" testType="13cdc9d9-ddb5-4fa4-a97d-d965ccfc6d4b" outcome="Passed" testListId="8c84fa94-04c1-424b-9868-57a2d4851a1d" relativeResultsDirectory="8fac9367-fa49-44ae-b283-9baf864523a9">
    </UnitTestResult>
    <UnitTestResult executionId="535c92fe-4a97-4b4b-99f1-4a69b6ea90cc" testId="f4e2bdc2-7ad5-a7fd-d80f-fa54d2eec1b9" testName="CompareToTest3" computerName="KEIMI-PC" duration="00:00:00.0004635" startTime="2013-03-11T17:49:15.5605540+01:00" endTime="2013-03-11T17:49:15.5665543+01:00" testType="13cdc9d9-ddb5-4fa4-a97d-d965ccfc6d4b" outcome="Passed" testListId="8c84fa94-04c1-424b-9868-57a2d4851a1d" relativeResultsDirectory="535c92fe-4a97-4b4b-99f1-4a69b6ea90cc">
    </UnitTestResult>
  </Results>
</TestRun>