<?xml version="1.0" encoding="UTF-8"?>
<TestRun id="d4ec29de-e917-4cc6-a355-bbfc3d171b55" name="Keimi@KEIMI-PC 2013-03-11 17:50:31" runUser="Keimi-PC\Keimi" xmlns="http://microsoft.com/schemas/VisualStudio/TeamTest/2010">
  <TestSettings name="Local" id="8cdc5f29-431d-4b7e-bb6b-06a80901297c">
    <Description>Il s'agit des paramètres de test par défaut pour une série de tests locale.</Description>
    <Deployment enabled="false" runDeploymentRoot="Keimi_KEIMI-PC 2013-03-11 17_50_31">
      <DeploymentItem filename="D:\Dev\Dotnet\TP3 Foot Dotnet\ClassLib\bin\Debug\ClassLib.dll" />
    </Deployment>
    <Execution>
      <TestTypeSpecific />
      <AgentRule name="Execution Agents">
      </AgentRule>
    </Execution>
  </TestSettings>
  <Times creation="2013-03-11T17:50:31.9079208+01:00" queuing="2013-03-11T17:50:33.2269963+01:00" start="2013-03-11T17:50:33.2399970+01:00" finish="2013-03-11T17:50:33.7520263+01:00" />
  <ResultSummary outcome="Failed">
    <Counters total="22" executed="22" passed="14" error="0" failed="4" timeout="0" aborted="0" inconclusive="4" passedButRunAborted="0" notRunnable="0" notExecuted="0" disconnected="0" warning="0" completed="0" inProgress="0" pending="0" />
  </ResultSummary>
  <TestDefinitions>
    <UnitTest name="GetGoalsTestHome" storage="d:\dev\dotnet\tp3 foot dotnet\tp3classtest\bin\debug\tp3classtest.dll" id="66449b77-e210-300e-ad2f-5d7338ae3674">
      <Execution id="7b329fc1-d4bf-4e94-9869-6fcad8a5b8f3" />
      <TestMethod codeBase="D:/Dev/Dotnet/TP3 Foot Dotnet/TP3classTest/bin/Debug/TP3classTest.DLL" adapterTypeName="Microsoft.VisualStudio.TestTools.TestTypes.Unit.UnitTestAdapter, Microsoft.VisualStudio.QualityTools.Tips.UnitTest.Adapter, Version=10.0.0.0, Culture=neutral, PublicKeyToken=b03f5f7f11d50a3a" className="TP3classTest.MatchTest, TP3classTest, Version=1.0.0.0, Culture=neutral, PublicKeyToken=null" name="GetGoalsTestHome" />
    </UnitTest>
    <UnitTest name="AwayTest" storage="d:\dev\dotnet\tp3 foot dotnet\tp3classtest\bin\debug\tp3classtest.dll" id="4ac3140e-fbe5-6a30-6ad9-539372fc1464">
      <Execution id="ba8bbd52-24b8-4c04-a1a2-292c1fb10183" />
      <TestMethod codeBase="D:/Dev/Dotnet/TP3 Foot Dotnet/TP3classTest/bin/Debug/TP3classTest.DLL" adapterTypeName="Microsoft.VisualStudio.TestTools.TestTypes.Unit.UnitTestAdapter, Microsoft.VisualStudio.QualityTools.Tips.UnitTest.Adapter, Version=10.0.0.0, Culture=neutral, PublicKeyToken=b03f5f7f11d50a3a" className="TP3classTest.MatchTest, TP3classTest, Version=1.0.0.0, Culture=neutral, PublicKeyToken=null" name="AwayTest" />
    </UnitTest>
    <UnitTest name="GetPointsFromMatchTest" storage="d:\dev\dotnet\tp3 foot dotnet\tp3classtest\bin\debug\tp3classtest.dll" id="156fb3d3-45e2-ca32-b814-97757bca0ecc">
      <Execution id="a0330ef2-bb21-4820-82ff-ff48fb37183b" />
      <TestMethod codeBase="D:/Dev/Dotnet/TP3 Foot Dotnet/TP3classTest/bin/Debug/TP3classTest.DLL" adapterTypeName="Microsoft.VisualStudio.TestTools.TestTypes.Unit.UnitTestAdapter, Microsoft.VisualStudio.QualityTools.Tips.UnitTest.Adapter, Version=10.0.0.0, Culture=neutral, PublicKeyToken=b03f5f7f11d50a3a" className="TP3classTest.FrenchLeague1PointSystemTest, TP3classTest, Version=1.0.0.0, Culture=neutral, PublicKeyToken=null" name="GetPointsFromMatchTest" />
    </UnitTest>
    <UnitTest name="HomeGoalsTest" storage="d:\dev\dotnet\tp3 foot dotnet\tp3classtest\bin\debug\tp3classtest.dll" id="4cc693e8-c589-b96f-8314-aafe93bbf0db">
      <Execution id="40fe8c1b-2a39-4e4e-8500-5b9fe49f1d77" />
      <TestMethod codeBase="D:/Dev/Dotnet/TP3 Foot Dotnet/TP3classTest/bin/Debug/TP3classTest.DLL" adapterTypeName="Microsoft.VisualStudio.TestTools.TestTypes.Unit.UnitTestAdapter, Microsoft.VisualStudio.QualityTools.Tips.UnitTest.Adapter, Version=10.0.0.0, Culture=neutral, PublicKeyToken=b03f5f7f11d50a3a" className="TP3classTest.MatchTest, TP3classTest, Version=1.0.0.0, Culture=neutral, PublicKeyToken=null" name="HomeGoalsTest" />
    </UnitTest>
    <UnitTest name="AwayGoalsTest" storage="d:\dev\dotnet\tp3 foot dotnet\tp3classtest\bin\debug\tp3classtest.dll" id="d107c4bc-5dcb-a405-d6ca-bf8831813094">
      <Execution id="7d731a4b-405e-48e7-9919-a668ea8d2981" />
      <TestMethod codeBase="D:/Dev/Dotnet/TP3 Foot Dotnet/TP3classTest/bin/Debug/TP3classTest.DLL" adapterTypeName="Microsoft.VisualStudio.TestTools.TestTypes.Unit.UnitTestAdapter, Microsoft.VisualStudio.QualityTools.Tips.UnitTest.Adapter, Version=10.0.0.0, Culture=neutral, PublicKeyToken=b03f5f7f11d50a3a" className="TP3classTest.MatchTest, TP3classTest, Version=1.0.0.0, Culture=neutral, PublicKeyToken=null" name="AwayGoalsTest" />
    </UnitTest>
    <UnitTest name="CompareToTest3" storage="d:\dev\dotnet\tp3 foot dotnet\tp3classtest\bin\debug\tp3classtest.dll" id="f4e2bdc2-7ad5-a7fd-d80f-fa54d2eec1b9">
      <DeploymentItems>
        <DeploymentItem filename="ClassLib.dll" />
      </DeploymentItems>
      <Execution id="91fccc4e-f797-460b-a061-3e56dd33cf1a" />
      <TestMethod codeBase="D:/Dev/Dotnet/TP3 Foot Dotnet/TP3classTest/bin/Debug/TP3classTest.DLL" adapterTypeName="Microsoft.VisualStudio.TestTools.TestTypes.Unit.UnitTestAdapter, Microsoft.VisualStudio.QualityTools.Tips.UnitTest.Adapter, Version=10.0.0.0, Culture=neutral, PublicKeyToken=b03f5f7f11d50a3a" className="TP3classTest.FrenchLeague1PointSystem_PointTotalTest, TP3classTest, Version=1.0.0.0, Culture=neutral, PublicKeyToken=null" name="CompareToTest3" />
    </UnitTest>
    <UnitTest name="GetGoalsTestAwayAndHome" storage="d:\dev\dotnet\tp3 foot dotnet\tp3classtest\bin\debug\tp3classtest.dll" id="49c41386-d9a6-f19d-c9bf-8a218deef5fd">
      <Execution id="d8c51510-6cb8-4aae-88d2-a1162bcf6fe9" />
      <TestMethod codeBase="D:/Dev/Dotnet/TP3 Foot Dotnet/TP3classTest/bin/Debug/TP3classTest.DLL" adapterTypeName="Microsoft.VisualStudio.TestTools.TestTypes.Unit.UnitTestAdapter, Microsoft.VisualStudio.QualityTools.Tips.UnitTest.Adapter, Version=10.0.0.0, Culture=neutral, PublicKeyToken=b03f5f7f11d50a3a" className="TP3classTest.MatchTest, TP3classTest, Version=1.0.0.0, Culture=neutral, PublicKeyToken=null" name="GetGoalsTestAwayAndHome" />
    </UnitTest>
    <UnitTest name="FrenchLeague1PointSystem_PointTotalConstructorTest" storage="d:\dev\dotnet\tp3 foot dotnet\tp3classtest\bin\debug\tp3classtest.dll" id="bc89cd7f-fd1b-bd4b-01f1-030e0a0e8d90">
      <DeploymentItems>
        <DeploymentItem filename="ClassLib.dll" />
      </DeploymentItems>
      <Execution id="5988eff1-17b9-4f4f-a718-7eb7e1b56fcf" />
      <TestMethod codeBase="D:/Dev/Dotnet/TP3 Foot Dotnet/TP3classTest/bin/Debug/TP3classTest.DLL" adapterTypeName="Microsoft.VisualStudio.TestTools.TestTypes.Unit.UnitTestAdapter, Microsoft.VisualStudio.QualityTools.Tips.UnitTest.Adapter, Version=10.0.0.0, Culture=neutral, PublicKeyToken=b03f5f7f11d50a3a" className="TP3classTest.FrenchLeague1PointSystem_PointTotalTest, TP3classTest, Version=1.0.0.0, Culture=neutral, PublicKeyToken=null" name="FrenchLeague1PointSystem_PointTotalConstructorTest" />
    </UnitTest>
    <UnitTest name="InitialPointsTest" storage="d:\dev\dotnet\tp3 foot dotnet\tp3classtest\bin\debug\tp3classtest.dll" id="92818927-5a18-af3f-f6ee-f687d6ea2905">
      <Execution id="96391b3d-6f07-403e-877f-623ed7205e65" />
      <TestMethod codeBase="D:/Dev/Dotnet/TP3 Foot Dotnet/TP3classTest/bin/Debug/TP3classTest.DLL" adapterTypeName="Microsoft.VisualStudio.TestTools.TestTypes.Unit.UnitTestAdapter, Microsoft.VisualStudio.QualityTools.Tips.UnitTest.Adapter, Version=10.0.0.0, Culture=neutral, PublicKeyToken=b03f5f7f11d50a3a" className="TP3classTest.FrenchLeague1PointSystemTest, TP3classTest, Version=1.0.0.0, Culture=neutral, PublicKeyToken=null" name="InitialPointsTest" />
    </UnitTest>
    <UnitTest name="FrenchLeague1PointSystemConstructorTest" storage="d:\dev\dotnet\tp3 foot dotnet\tp3classtest\bin\debug\tp3classtest.dll" id="981f8f49-acaa-83c5-d280-7d86853fde62">
      <DeploymentItems>
        <DeploymentItem filename="ClassLib.dll" />
      </DeploymentItems>
      <Execution id="57c34ccf-4fa4-4878-8de4-1b2a1a8f09fe" />
      <TestMethod codeBase="D:/Dev/Dotnet/TP3 Foot Dotnet/TP3classTest/bin/Debug/TP3classTest.DLL" adapterTypeName="Microsoft.VisualStudio.TestTools.TestTypes.Unit.UnitTestAdapter, Microsoft.VisualStudio.QualityTools.Tips.UnitTest.Adapter, Version=10.0.0.0, Culture=neutral, PublicKeyToken=b03f5f7f11d50a3a" className="TP3classTest.FrenchLeague1PointSystemTest, TP3classTest, Version=1.0.0.0, Culture=neutral, PublicKeyToken=null" name="FrenchLeague1PointSystemConstructorTest" />
    </UnitTest>
    <UnitTest name="IncrementTest" storage="d:\dev\dotnet\tp3 foot dotnet\tp3classtest\bin\debug\tp3classtest.dll" id="c4d5529e-aaf1-79be-eb52-57d60f631bf9">
      <DeploymentItems>
        <DeploymentItem filename="ClassLib.dll" />
      </DeploymentItems>
      <Execution id="6db4aecf-f7ec-4cf3-a512-2208569f4123" />
      <TestMethod codeBase="D:/Dev/Dotnet/TP3 Foot Dotnet/TP3classTest/bin/Debug/TP3classTest.DLL" adapterTypeName="Microsoft.VisualStudio.TestTools.TestTypes.Unit.UnitTestAdapter, Microsoft.VisualStudio.QualityTools.Tips.UnitTest.Adapter, Version=10.0.0.0, Culture=neutral, PublicKeyToken=b03f5f7f11d50a3a" className="TP3classTest.FrenchLeague1PointSystem_PointTotalTest, TP3classTest, Version=1.0.0.0, Culture=neutral, PublicKeyToken=null" name="IncrementTest" />
    </UnitTest>
    <UnitTest name="ToStringTest" storage="d:\dev\dotnet\tp3 foot dotnet\tp3classtest\bin\debug\tp3classtest.dll" id="7b785e64-e8f0-3e8d-eda1-0ac7243fd269">
      <Execution id="b16e55b1-a881-4f1d-8c8a-de4a9a077dba" />
      <TestMethod codeBase="D:/Dev/Dotnet/TP3 Foot Dotnet/TP3classTest/bin/Debug/TP3classTest.DLL" adapterTypeName="Microsoft.VisualStudio.TestTools.TestTypes.Unit.UnitTestAdapter, Microsoft.VisualStudio.QualityTools.Tips.UnitTest.Adapter, Version=10.0.0.0, Culture=neutral, PublicKeyToken=b03f5f7f11d50a3a" className="TP3classTest.ClubTest, TP3classTest, Version=1.0.0.0, Culture=neutral, PublicKeyToken=null" name="ToStringTest" />
    </UnitTest>
    <UnitTest name="GetGoalsTestAway" storage="d:\dev\dotnet\tp3 foot dotnet\tp3classtest\bin\debug\tp3classtest.dll" id="963d8b99-20c3-775c-205c-749fdd0753ea">
      <Execution id="c8c030f2-a567-4403-a0a8-b60366c772cf" />
      <TestMethod codeBase="D:/Dev/Dotnet/TP3 Foot Dotnet/TP3classTest/bin/Debug/TP3classTest.DLL" adapterTypeName="Microsoft.VisualStudio.TestTools.TestTypes.Unit.UnitTestAdapter, Microsoft.VisualStudio.QualityTools.Tips.UnitTest.Adapter, Version=10.0.0.0, Culture=neutral, PublicKeyToken=b03f5f7f11d50a3a" className="TP3classTest.MatchTest, TP3classTest, Version=1.0.0.0, Culture=neutral, PublicKeyToken=null" name="GetGoalsTestAway" />
    </UnitTest>
    <UnitTest name="CompareToTest1" storage="d:\dev\dotnet\tp3 foot dotnet\tp3classtest\bin\debug\tp3classtest.dll" id="e90a1e76-58f9-3155-8edb-f81e804ee109">
      <DeploymentItems>
        <DeploymentItem filename="ClassLib.dll" />
      </DeploymentItems>
      <Execution id="de32478e-4284-46ba-bccd-7edd4d43b9da" />
      <TestMethod codeBase="D:/Dev/Dotnet/TP3 Foot Dotnet/TP3classTest/bin/Debug/TP3classTest.DLL" adapterTypeName="Microsoft.VisualStudio.TestTools.TestTypes.Unit.UnitTestAdapter, Microsoft.VisualStudio.QualityTools.Tips.UnitTest.Adapter, Version=10.0.0.0, Culture=neutral, PublicKeyToken=b03f5f7f11d50a3a" className="TP3classTest.FrenchLeague1PointSystem_PointTotalTest, TP3classTest, Version=1.0.0.0, Culture=neutral, PublicKeyToken=null" name="CompareToTest1" />
    </UnitTest>
    <UnitTest name="IsDrawTest" storage="d:\dev\dotnet\tp3 foot dotnet\tp3classtest\bin\debug\tp3classtest.dll" id="b4187efb-54ab-4acb-76b6-7fe8f1e427c4">
      <Execution id="5e5f162d-b0f1-4ff6-85be-0dacbb391e0a" />
      <TestMethod codeBase="D:/Dev/Dotnet/TP3 Foot Dotnet/TP3classTest/bin/Debug/TP3classTest.DLL" adapterTypeName="Microsoft.VisualStudio.TestTools.TestTypes.Unit.UnitTestAdapter, Microsoft.VisualStudio.QualityTools.Tips.UnitTest.Adapter, Version=10.0.0.0, Culture=neutral, PublicKeyToken=b03f5f7f11d50a3a" className="TP3classTest.MatchTest, TP3classTest, Version=1.0.0.0, Culture=neutral, PublicKeyToken=null" name="IsDrawTest" />
    </UnitTest>
    <UnitTest name="CompareToTest2" storage="d:\dev\dotnet\tp3 foot dotnet\tp3classtest\bin\debug\tp3classtest.dll" id="8f0c170b-4d49-74fa-46a5-164670d67999">
      <DeploymentItems>
        <DeploymentItem filename="ClassLib.dll" />
      </DeploymentItems>
      <Execution id="4ff27da1-a66c-4daf-a024-28fc8036946a" />
      <TestMethod codeBase="D:/Dev/Dotnet/TP3 Foot Dotnet/TP3classTest/bin/Debug/TP3classTest.DLL" adapterTypeName="Microsoft.VisualStudio.TestTools.TestTypes.Unit.UnitTestAdapter, Microsoft.VisualStudio.QualityTools.Tips.UnitTest.Adapter, Version=10.0.0.0, Culture=neutral, PublicKeyToken=b03f5f7f11d50a3a" className="TP3classTest.FrenchLeague1PointSystem_PointTotalTest, TP3classTest, Version=1.0.0.0, Culture=neutral, PublicKeyToken=null" name="CompareToTest2" />
    </UnitTest>
    <UnitTest name="InstanceTest" storage="d:\dev\dotnet\tp3 foot dotnet\tp3classtest\bin\debug\tp3classtest.dll" id="1140d319-ee8d-1ffd-6dcd-d1bcd0dc7465">
      <Execution id="a18bedbd-9b40-4da4-acab-0c179d8ad2e6" />
      <TestMethod codeBase="D:/Dev/Dotnet/TP3 Foot Dotnet/TP3classTest/bin/Debug/TP3classTest.DLL" adapterTypeName="Microsoft.VisualStudio.TestTools.TestTypes.Unit.UnitTestAdapter, Microsoft.VisualStudio.QualityTools.Tips.UnitTest.Adapter, Version=10.0.0.0, Culture=neutral, PublicKeyToken=b03f5f7f11d50a3a" className="TP3classTest.FrenchLeague1PointSystemTest, TP3classTest, Version=1.0.0.0, Culture=neutral, PublicKeyToken=null" name="InstanceTest" />
    </UnitTest>
    <UnitTest name="ToStringTest" storage="d:\dev\dotnet\tp3 foot dotnet\tp3classtest\bin\debug\tp3classtest.dll" id="3ccce1cc-b482-1bf7-48e4-7806da95b7c4">
      <DeploymentItems>
        <DeploymentItem filename="ClassLib.dll" />
      </DeploymentItems>
      <Execution id="08ee74af-fd2d-4183-ba27-85f8a2f09698" />
      <TestMethod codeBase="D:/Dev/Dotnet/TP3 Foot Dotnet/TP3classTest/bin/Debug/TP3classTest.DLL" adapterTypeName="Microsoft.VisualStudio.TestTools.TestTypes.Unit.UnitTestAdapter, Microsoft.VisualStudio.QualityTools.Tips.UnitTest.Adapter, Version=10.0.0.0, Culture=neutral, PublicKeyToken=b03f5f7f11d50a3a" className="TP3classTest.FrenchLeague1PointSystem_PointTotalTest, TP3classTest, Version=1.0.0.0, Culture=neutral, PublicKeyToken=null" name="ToStringTest" />
    </UnitTest>
    <UnitTest name="HomeTest" storage="d:\dev\dotnet\tp3 foot dotnet\tp3classtest\bin\debug\tp3classtest.dll" id="de3e310c-7ff5-dd2c-38d7-83ff471389ae">
      <Execution id="ffd7142e-815d-43e5-861d-db839f3ce0b1" />
      <TestMethod codeBase="D:/Dev/Dotnet/TP3 Foot Dotnet/TP3classTest/bin/Debug/TP3classTest.DLL" adapterTypeName="Microsoft.VisualStudio.TestTools.TestTypes.Unit.UnitTestAdapter, Microsoft.VisualStudio.QualityTools.Tips.UnitTest.Adapter, Version=10.0.0.0, Culture=neutral, PublicKeyToken=b03f5f7f11d50a3a" className="TP3classTest.MatchTest, TP3classTest, Version=1.0.0.0, Culture=neutral, PublicKeyToken=null" name="HomeTest" />
    </UnitTest>
    <UnitTest name="IsAwayForfeitTest" storage="d:\dev\dotnet\tp3 foot dotnet\tp3classtest\bin\debug\tp3classtest.dll" id="d26324f1-f74d-8a17-2cca-dfddd89cb7cf">
      <Execution id="77fb5325-a1b7-4663-a696-ed149a7a950a" />
      <TestMethod codeBase="D:/Dev/Dotnet/TP3 Foot Dotnet/TP3classTest/bin/Debug/TP3classTest.DLL" adapterTypeName="Microsoft.VisualStudio.TestTools.TestTypes.Unit.UnitTestAdapter, Microsoft.VisualStudio.QualityTools.Tips.UnitTest.Adapter, Version=10.0.0.0, Culture=neutral, PublicKeyToken=b03f5f7f11d50a3a" className="TP3classTest.MatchTest, TP3classTest, Version=1.0.0.0, Culture=neutral, PublicKeyToken=null" name="IsAwayForfeitTest" />
    </UnitTest>
    <UnitTest name="FrenchLeague1PointSystem_PointTotalConstructorTest1" storage="d:\dev\dotnet\tp3 foot dotnet\tp3classtest\bin\debug\tp3classtest.dll" id="a1b0c4b8-f52e-849e-5dc1-5a3525665c48">
      <DeploymentItems>
        <DeploymentItem filename="ClassLib.dll" />
      </DeploymentItems>
      <Execution id="3eb77764-156a-4084-89be-511876e4e0e0" />
      <TestMethod codeBase="D:/Dev/Dotnet/TP3 Foot Dotnet/TP3classTest/bin/Debug/TP3classTest.DLL" adapterTypeName="Microsoft.VisualStudio.TestTools.TestTypes.Unit.UnitTestAdapter, Microsoft.VisualStudio.QualityTools.Tips.UnitTest.Adapter, Version=10.0.0.0, Culture=neutral, PublicKeyToken=b03f5f7f11d50a3a" className="TP3classTest.FrenchLeague1PointSystem_PointTotalTest, TP3classTest, Version=1.0.0.0, Culture=neutral, PublicKeyToken=null" name="FrenchLeague1PointSystem_PointTotalConstructorTest1" />
    </UnitTest>
    <UnitTest name="IsHomeForfeitTest" storage="d:\dev\dotnet\tp3 foot dotnet\tp3classtest\bin\debug\tp3classtest.dll" id="6da07e9f-7c61-49ff-6d98-466c114e8fbe">
      <Execution id="b3f6732b-045e-41a8-ac65-51c8bc6487d5" />
      <TestMethod codeBase="D:/Dev/Dotnet/TP3 Foot Dotnet/TP3classTest/bin/Debug/TP3classTest.DLL" adapterTypeName="Microsoft.VisualStudio.TestTools.TestTypes.Unit.UnitTestAdapter, Microsoft.VisualStudio.QualityTools.Tips.UnitTest.Adapter, Version=10.0.0.0, Culture=neutral, PublicKeyToken=b03f5f7f11d50a3a" className="TP3classTest.MatchTest, TP3classTest, Version=1.0.0.0, Culture=neutral, PublicKeyToken=null" name="IsHomeForfeitTest" />
    </UnitTest>
  </TestDefinitions>
  <TestLists>
    <TestList name="Les résultats ne figurent pas dans une liste" id="8c84fa94-04c1-424b-9868-57a2d4851a1d" />
    <TestList name="Tous les résultats chargés" id="19431567-8539-422a-85d7-44ee4e166bda" />
  </TestLists>
  <TestEntries>
    <TestEntry testId="1140d319-ee8d-1ffd-6dcd-d1bcd0dc7465" executionId="a18bedbd-9b40-4da4-acab-0c179d8ad2e6" testListId="8c84fa94-04c1-424b-9868-57a2d4851a1d" />
    <TestEntry testId="156fb3d3-45e2-ca32-b814-97757bca0ecc" executionId="a0330ef2-bb21-4820-82ff-ff48fb37183b" testListId="8c84fa94-04c1-424b-9868-57a2d4851a1d" />
    <TestEntry testId="3ccce1cc-b482-1bf7-48e4-7806da95b7c4" executionId="08ee74af-fd2d-4183-ba27-85f8a2f09698" testListId="8c84fa94-04c1-424b-9868-57a2d4851a1d" />
    <TestEntry testId="49c41386-d9a6-f19d-c9bf-8a218deef5fd" executionId="d8c51510-6cb8-4aae-88d2-a1162bcf6fe9" testListId="8c84fa94-04c1-424b-9868-57a2d4851a1d" />
    <TestEntry testId="4ac3140e-fbe5-6a30-6ad9-539372fc1464" executionId="ba8bbd52-24b8-4c04-a1a2-292c1fb10183" testListId="8c84fa94-04c1-424b-9868-57a2d4851a1d" />
    <TestEntry testId="4cc693e8-c589-b96f-8314-aafe93bbf0db" executionId="40fe8c1b-2a39-4e4e-8500-5b9fe49f1d77" testListId="8c84fa94-04c1-424b-9868-57a2d4851a1d" />
    <TestEntry testId="66449b77-e210-300e-ad2f-5d7338ae3674" executionId="7b329fc1-d4bf-4e94-9869-6fcad8a5b8f3" testListId="8c84fa94-04c1-424b-9868-57a2d4851a1d" />
    <TestEntry testId="6da07e9f-7c61-49ff-6d98-466c114e8fbe" executionId="b3f6732b-045e-41a8-ac65-51c8bc6487d5" testListId="8c84fa94-04c1-424b-9868-57a2d4851a1d" />
    <TestEntry testId="7b785e64-e8f0-3e8d-eda1-0ac7243fd269" executionId="b16e55b1-a881-4f1d-8c8a-de4a9a077dba" testListId="8c84fa94-04c1-424b-9868-57a2d4851a1d" />
    <TestEntry testId="8f0c170b-4d49-74fa-46a5-164670d67999" executionId="4ff27da1-a66c-4daf-a024-28fc8036946a" testListId="8c84fa94-04c1-424b-9868-57a2d4851a1d" />
    <TestEntry testId="92818927-5a18-af3f-f6ee-f687d6ea2905" executionId="96391b3d-6f07-403e-877f-623ed7205e65" testListId="8c84fa94-04c1-424b-9868-57a2d4851a1d" />
    <TestEntry testId="963d8b99-20c3-775c-205c-749fdd0753ea" executionId="c8c030f2-a567-4403-a0a8-b60366c772cf" testListId="8c84fa94-04c1-424b-9868-57a2d4851a1d" />
    <TestEntry testId="981f8f49-acaa-83c5-d280-7d86853fde62" executionId="57c34ccf-4fa4-4878-8de4-1b2a1a8f09fe" testListId="8c84fa94-04c1-424b-9868-57a2d4851a1d" />
    <TestEntry testId="a1b0c4b8-f52e-849e-5dc1-5a3525665c48" executionId="3eb77764-156a-4084-89be-511876e4e0e0" testListId="8c84fa94-04c1-424b-9868-57a2d4851a1d" />
    <TestEntry testId="b4187efb-54ab-4acb-76b6-7fe8f1e427c4" executionId="5e5f162d-b0f1-4ff6-85be-0dacbb391e0a" testListId="8c84fa94-04c1-424b-9868-57a2d4851a1d" />
    <TestEntry testId="bc89cd7f-fd1b-bd4b-01f1-030e0a0e8d90" executionId="5988eff1-17b9-4f4f-a718-7eb7e1b56fcf" testListId="8c84fa94-04c1-424b-9868-57a2d4851a1d" />
    <TestEntry testId="c4d5529e-aaf1-79be-eb52-57d60f631bf9" executionId="6db4aecf-f7ec-4cf3-a512-2208569f4123" testListId="8c84fa94-04c1-424b-9868-57a2d4851a1d" />
    <TestEntry testId="d107c4bc-5dcb-a405-d6ca-bf8831813094" executionId="7d731a4b-405e-48e7-9919-a668ea8d2981" testListId="8c84fa94-04c1-424b-9868-57a2d4851a1d" />
    <TestEntry testId="d26324f1-f74d-8a17-2cca-dfddd89cb7cf" executionId="77fb5325-a1b7-4663-a696-ed149a7a950a" testListId="8c84fa94-04c1-424b-9868-57a2d4851a1d" />
    <TestEntry testId="de3e310c-7ff5-dd2c-38d7-83ff471389ae" executionId="ffd7142e-815d-43e5-861d-db839f3ce0b1" testListId="8c84fa94-04c1-424b-9868-57a2d4851a1d" />
    <TestEntry testId="e90a1e76-58f9-3155-8edb-f81e804ee109" executionId="de32478e-4284-46ba-bccd-7edd4d43b9da" testListId="8c84fa94-04c1-424b-9868-57a2d4851a1d" />
    <TestEntry testId="f4e2bdc2-7ad5-a7fd-d80f-fa54d2eec1b9" executionId="91fccc4e-f797-460b-a061-3e56dd33cf1a" testListId="8c84fa94-04c1-424b-9868-57a2d4851a1d" />
  </TestEntries>
  <Results>
    <UnitTestResult executionId="a18bedbd-9b40-4da4-acab-0c179d8ad2e6" testId="1140d319-ee8d-1ffd-6dcd-d1bcd0dc7465" testName="InstanceTest" computerName="KEIMI-PC" duration="00:00:00.0186721" startTime="2013-03-11T17:50:33.2459974+01:00" endTime="2013-03-11T17:50:33.5020120+01:00" testType="13cdc9d9-ddb5-4fa4-a97d-d965ccfc6d4b" outcome="Inconclusive" testListId="8c84fa94-04c1-424b-9868-57a2d4851a1d" relativeResultsDirectory="a18bedbd-9b40-4da4-acab-0c179d8ad2e6">
      <Output>
        <ErrorInfo>
          <Message>Assert.Inconclusive failed. Vérifiez l'exactitude de cette méthode de test.</Message>
          <StackTrace>   at TP3classTest.FrenchLeague1PointSystemTest.InstanceTest() in D:\Dev\Dotnet\TP3 Foot Dotnet\TP3classTest\FrenchLeague1PointSystemTest.cs:line 114
</StackTrace>
        </ErrorInfo>
      </Output>
    </UnitTestResult>
    <UnitTestResult executionId="a0330ef2-bb21-4820-82ff-ff48fb37183b" testId="156fb3d3-45e2-ca32-b814-97757bca0ecc" testName="GetPointsFromMatchTest" computerName="KEIMI-PC" duration="00:00:00.0126811" startTime="2013-03-11T17:50:33.5040121+01:00" endTime="2013-03-11T17:50:33.5210131+01:00" testType="13cdc9d9-ddb5-4fa4-a97d-d965ccfc6d4b" outcome="Failed" testListId="8c84fa94-04c1-424b-9868-57a2d4851a1d" relativeResultsDirectory="a0330ef2-bb21-4820-82ff-ff48fb37183b">
      <Output>
        <ErrorInfo>
          <Message>Assert.AreEqual failed. Expected:&lt;-1 (System.Int32)&gt;. Actual:&lt;ClassLib.FrenchLeague1PointSystem+PointTotal (ClassLib.FrenchLeague1PointSystem+PointTotal)&gt;. </Message>
          <StackTrace>   at TP3classTest.FrenchLeague1PointSystemTest.GetPointsFromMatchTest() in D:\Dev\Dotnet\TP3 Foot Dotnet\TP3classTest\FrenchLeague1PointSystemTest.cs:line 90
</StackTrace>
        </ErrorInfo>
      </Output>
    </UnitTestResult>
    <UnitTestResult executionId="08ee74af-fd2d-4183-ba27-85f8a2f09698" testId="3ccce1cc-b482-1bf7-48e4-7806da95b7c4" testName="ToStringTest" computerName="KEIMI-PC" duration="00:00:00.0048158" startTime="2013-03-11T17:50:33.5220131+01:00" endTime="2013-03-11T17:50:33.5330138+01:00" testType="13cdc9d9-ddb5-4fa4-a97d-d965ccfc6d4b" outcome="Failed" testListId="8c84fa94-04c1-424b-9868-57a2d4851a1d" relativeResultsDirectory="08ee74af-fd2d-4183-ba27-85f8a2f09698">
      <Output>
        <ErrorInfo>
          <Message>Assert.AreEqual failed. Expected:&lt;&gt;. Actual:&lt;ClassLib.FrenchLeague1PointSystem+PointTotal&gt;. </Message>
          <StackTrace>   at TP3classTest.FrenchLeague1PointSystem_PointTotalTest.ToStringTest() in D:\Dev\Dotnet\TP3 Foot Dotnet\TP3classTest\FrenchLeague1PointSystem_PointTotalTest.cs:line 209
</StackTrace>
        </ErrorInfo>
      </Output>
    </UnitTestResult>
    <UnitTestResult executionId="d8c51510-6cb8-4aae-88d2-a1162bcf6fe9" testId="49c41386-d9a6-f19d-c9bf-8a218deef5fd" testName="GetGoalsTestAwayAndHome" computerName="KEIMI-PC" duration="00:00:00.0003664" startTime="2013-03-11T17:50:33.5340138+01:00" endTime="2013-03-11T17:50:33.5380141+01:00" testType="13cdc9d9-ddb5-4fa4-a97d-d965ccfc6d4b" outcome="Passed" testListId="8c84fa94-04c1-424b-9868-57a2d4851a1d" relativeResultsDirectory="d8c51510-6cb8-4aae-88d2-a1162bcf6fe9">
    </UnitTestResult>
    <UnitTestResult executionId="ba8bbd52-24b8-4c04-a1a2-292c1fb10183" testId="4ac3140e-fbe5-6a30-6ad9-539372fc1464" testName="AwayTest" computerName="KEIMI-PC" duration="00:00:00.0004973" startTime="2013-03-11T17:50:33.5400142+01:00" endTime="2013-03-11T17:50:33.5460145+01:00" testType="13cdc9d9-ddb5-4fa4-a97d-d965ccfc6d4b" outcome="Passed" testListId="8c84fa94-04c1-424b-9868-57a2d4851a1d" relativeResultsDirectory="ba8bbd52-24b8-4c04-a1a2-292c1fb10183">
    </UnitTestResult>
    <UnitTestResult executionId="40fe8c1b-2a39-4e4e-8500-5b9fe49f1d77" testId="4cc693e8-c589-b96f-8314-aafe93bbf0db" testName="HomeGoalsTest" computerName="KEIMI-PC" duration="00:00:00.0004092" startTime="2013-03-11T17:50:33.5560151+01:00" endTime="2013-03-11T17:50:33.5610154+01:00" testType="13cdc9d9-ddb5-4fa4-a97d-d965ccfc6d4b" outcome="Passed" testListId="8c84fa94-04c1-424b-9868-57a2d4851a1d" relativeResultsDirectory="40fe8c1b-2a39-4e4e-8500-5b9fe49f1d77">
    </UnitTestResult>
    <UnitTestResult executionId="7b329fc1-d4bf-4e94-9869-6fcad8a5b8f3" testId="66449b77-e210-300e-ad2f-5d7338ae3674" testName="GetGoalsTestHome" computerName="KEIMI-PC" duration="00:00:00.0002270" startTime="2013-03-11T17:50:33.5630155+01:00" endTime="2013-03-11T17:50:33.5680158+01:00" testType="13cdc9d9-ddb5-4fa4-a97d-d965ccfc6d4b" outcome="Passed" testListId="8c84fa94-04c1-424b-9868-57a2d4851a1d" relativeResultsDirectory="7b329fc1-d4bf-4e94-9869-6fcad8a5b8f3">
    </UnitTestResult>
    <UnitTestResult executionId="b3f6732b-045e-41a8-ac65-51c8bc6487d5" testId="6da07e9f-7c61-49ff-6d98-466c114e8fbe" testName="IsHomeForfeitTest" computerName="KEIMI-PC" duration="00:00:00.0004528" startTime="2013-03-11T17:50:33.5700159+01:00" endTime="2013-03-11T17:50:33.5750162+01:00" testType="13cdc9d9-ddb5-4fa4-a97d-d965ccfc6d4b" outcome="Passed" testListId="8c84fa94-04c1-424b-9868-57a2d4851a1d" relativeResultsDirectory="b3f6732b-045e-41a8-ac65-51c8bc6487d5">
    </UnitTestResult>
    <UnitTestResult executionId="b16e55b1-a881-4f1d-8c8a-de4a9a077dba" testId="7b785e64-e8f0-3e8d-eda1-0ac7243fd269" testName="ToStringTest" computerName="KEIMI-PC" duration="00:00:00.0003485" startTime="2013-03-11T17:50:33.5780163+01:00" endTime="2013-03-11T17:50:33.5830166+01:00" testType="13cdc9d9-ddb5-4fa4-a97d-d965ccfc6d4b" outcome="Passed" testListId="8c84fa94-04c1-424b-9868-57a2d4851a1d" relativeResultsDirectory="b16e55b1-a881-4f1d-8c8a-de4a9a077dba">
    </UnitTestResult>
    <UnitTestResult executionId="4ff27da1-a66c-4daf-a024-28fc8036946a" testId="8f0c170b-4d49-74fa-46a5-164670d67999" testName="CompareToTest2" computerName="KEIMI-PC" duration="00:00:00.0004242" startTime="2013-03-11T17:50:33.5850168+01:00" endTime="2013-03-11T17:50:33.5890170+01:00" testType="13cdc9d9-ddb5-4fa4-a97d-d965ccfc6d4b" outcome="Passed" testListId="8c84fa94-04c1-424b-9868-57a2d4851a1d" relativeResultsDirectory="4ff27da1-a66c-4daf-a024-28fc8036946a">
    </UnitTestResult>
    <UnitTestResult executionId="96391b3d-6f07-403e-877f-623ed7205e65" testId="92818927-5a18-af3f-f6ee-f687d6ea2905" testName="InitialPointsTest" computerName="KEIMI-PC" duration="00:00:00.0019341" startTime="2013-03-11T17:50:33.5910171+01:00" endTime="2013-03-11T17:50:33.5980175+01:00" testType="13cdc9d9-ddb5-4fa4-a97d-d965ccfc6d4b" outcome="Inconclusive" testListId="8c84fa94-04c1-424b-9868-57a2d4851a1d" relativeResultsDirectory="96391b3d-6f07-403e-877f-623ed7205e65">
      <Output>
        <ErrorInfo>
          <Message>Assert.Inconclusive failed. Vérifiez l'exactitude de cette méthode de test.</Message>
          <StackTrace>   at TP3classTest.FrenchLeague1PointSystemTest.InitialPointsTest() in D:\Dev\Dotnet\TP3 Foot Dotnet\TP3classTest\FrenchLeague1PointSystemTest.cs:line 103
</StackTrace>
        </ErrorInfo>
      </Output>
    </UnitTestResult>
    <UnitTestResult executionId="c8c030f2-a567-4403-a0a8-b60366c772cf" testId="963d8b99-20c3-775c-205c-749fdd0753ea" testName="GetGoalsTestAway" computerName="KEIMI-PC" duration="00:00:00.0002997" startTime="2013-03-11T17:50:33.6000176+01:00" endTime="2013-03-11T17:50:33.6050179+01:00" testType="13cdc9d9-ddb5-4fa4-a97d-d965ccfc6d4b" outcome="Passed" testListId="8c84fa94-04c1-424b-9868-57a2d4851a1d" relativeResultsDirectory="c8c030f2-a567-4403-a0a8-b60366c772cf">
    </UnitTestResult>
    <UnitTestResult executionId="57c34ccf-4fa4-4878-8de4-1b2a1a8f09fe" testId="981f8f49-acaa-83c5-d280-7d86853fde62" testName="FrenchLeague1PointSystemConstructorTest" computerName="KEIMI-PC" duration="00:00:00.0007479" startTime="2013-03-11T17:50:33.6060180+01:00" endTime="2013-03-11T17:50:33.6120183+01:00" testType="13cdc9d9-ddb5-4fa4-a97d-d965ccfc6d4b" outcome="Inconclusive" testListId="8c84fa94-04c1-424b-9868-57a2d4851a1d" relativeResultsDirectory="57c34ccf-4fa4-4878-8de4-1b2a1a8f09fe">
      <Output>
        <ErrorInfo>
          <Message>Assert.Inconclusive failed. TODO: implémentez le code pour vérifier la cible</Message>
          <StackTrace>   at TP3classTest.FrenchLeague1PointSystemTest.FrenchLeague1PointSystemConstructorTest() in D:\Dev\Dotnet\TP3 Foot Dotnet\TP3classTest\FrenchLeague1PointSystemTest.cs:line 75
</StackTrace>
        </ErrorInfo>
      </Output>
    </UnitTestResult>
    <UnitTestResult executionId="3eb77764-156a-4084-89be-511876e4e0e0" testId="a1b0c4b8-f52e-849e-5dc1-5a3525665c48" testName="FrenchLeague1PointSystem_PointTotalConstructorTest1" computerName="KEIMI-PC" duration="00:00:00.0073922" startTime="2013-03-11T17:50:33.6140184+01:00" endTime="2013-03-11T17:50:33.6260191+01:00" testType="13cdc9d9-ddb5-4fa4-a97d-d965ccfc6d4b" outcome="Failed" testListId="8c84fa94-04c1-424b-9868-57a2d4851a1d" relativeResultsDirectory="3eb77764-156a-4084-89be-511876e4e0e0">
      <Output>
        <ErrorInfo>
          <Message>Test method TP3classTest.FrenchLeague1PointSystem_PointTotalTest.FrenchLeague1PointSystem_PointTotalConstructorTest1 threw exception: 
System.NullReferenceException: Object reference not set to an instance of an object.</Message>
          <StackTrace>   at ClassLib.FrenchLeague1PointSystem_Accessor.PointTotal..ctor(Match m, Boolean home)
   at TP3classTest.FrenchLeague1PointSystem_PointTotalTest.FrenchLeague1PointSystem_PointTotalConstructorTest1() in D:\Dev\Dotnet\TP3 Foot Dotnet\TP3classTest\FrenchLeague1PointSystem_PointTotalTest.cs:line 87
</StackTrace>
        </ErrorInfo>
      </Output>
    </UnitTestResult>
    <UnitTestResult executionId="5e5f162d-b0f1-4ff6-85be-0dacbb391e0a" testId="b4187efb-54ab-4acb-76b6-7fe8f1e427c4" testName="IsDrawTest" computerName="KEIMI-PC" duration="00:00:00.0002937" startTime="2013-03-11T17:50:33.6280192+01:00" endTime="2013-03-11T17:50:33.6320194+01:00" testType="13cdc9d9-ddb5-4fa4-a97d-d965ccfc6d4b" outcome="Passed" testListId="8c84fa94-04c1-424b-9868-57a2d4851a1d" relativeResultsDirectory="5e5f162d-b0f1-4ff6-85be-0dacbb391e0a">
    </UnitTestResult>
    <UnitTestResult executionId="5988eff1-17b9-4f4f-a718-7eb7e1b56fcf" testId="bc89cd7f-fd1b-bd4b-01f1-030e0a0e8d90" testName="FrenchLeague1PointSystem_PointTotalConstructorTest" computerName="KEIMI-PC" duration="00:00:00.0007218" startTime="2013-03-11T17:50:33.6340196+01:00" endTime="2013-03-11T17:50:33.6400199+01:00" testType="13cdc9d9-ddb5-4fa4-a97d-d965ccfc6d4b" outcome="Inconclusive" testListId="8c84fa94-04c1-424b-9868-57a2d4851a1d" relativeResultsDirectory="5988eff1-17b9-4f4f-a718-7eb7e1b56fcf">
      <Output>
        <ErrorInfo>
          <Message>Assert.Inconclusive failed. TODO: implémentez le code pour vérifier la cible</Message>
          <StackTrace>   at TP3classTest.FrenchLeague1PointSystem_PointTotalTest.FrenchLeague1PointSystem_PointTotalConstructorTest() in D:\Dev\Dotnet\TP3 Foot Dotnet\TP3classTest\FrenchLeague1PointSystem_PointTotalTest.cs:line 75
</StackTrace>
        </ErrorInfo>
      </Output>
    </UnitTestResult>
    <UnitTestResult executionId="6db4aecf-f7ec-4cf3-a512-2208569f4123" testId="c4d5529e-aaf1-79be-eb52-57d60f631bf9" testName="IncrementTest" computerName="KEIMI-PC" duration="00:00:00.0024045" startTime="2013-03-11T17:50:33.6410200+01:00" endTime="2013-03-11T17:50:33.6490204+01:00" testType="13cdc9d9-ddb5-4fa4-a97d-d965ccfc6d4b" outcome="Failed" testListId="8c84fa94-04c1-424b-9868-57a2d4851a1d" relativeResultsDirectory="6db4aecf-f7ec-4cf3-a512-2208569f4123">
      <Output>
        <ErrorInfo>
          <Message>Assert.AreEqual failed. Expected:&lt;1&gt;. Actual:&lt;3&gt;. </Message>
          <StackTrace>   at TP3classTest.FrenchLeague1PointSystem_PointTotalTest.IncrementTest() in D:\Dev\Dotnet\TP3 Foot Dotnet\TP3classTest\FrenchLeague1PointSystem_PointTotalTest.cs:line 190
</StackTrace>
        </ErrorInfo>
      </Output>
    </UnitTestResult>
    <UnitTestResult executionId="7d731a4b-405e-48e7-9919-a668ea8d2981" testId="d107c4bc-5dcb-a405-d6ca-bf8831813094" testName="AwayGoalsTest" computerName="KEIMI-PC" duration="00:00:00.0003942" startTime="2013-03-11T17:50:33.6510205+01:00" endTime="2013-03-11T17:50:33.6570209+01:00" testType="13cdc9d9-ddb5-4fa4-a97d-d965ccfc6d4b" outcome="Passed" testListId="8c84fa94-04c1-424b-9868-57a2d4851a1d" relativeResultsDirectory="7d731a4b-405e-48e7-9919-a668ea8d2981">
    </UnitTestResult>
    <UnitTestResult executionId="77fb5325-a1b7-4663-a696-ed149a7a950a" testId="d26324f1-f74d-8a17-2cca-dfddd89cb7cf" testName="IsAwayForfeitTest" computerName="KEIMI-PC" duration="00:00:00.0004156" startTime="2013-03-11T17:50:33.6580209+01:00" endTime="2013-03-11T17:50:33.6660214+01:00" testType="13cdc9d9-ddb5-4fa4-a97d-d965ccfc6d4b" outcome="Passed" testListId="8c84fa94-04c1-424b-9868-57a2d4851a1d" relativeResultsDirectory="77fb5325-a1b7-4663-a696-ed149a7a950a">
    </UnitTestResult>
    <UnitTestResult executionId="ffd7142e-815d-43e5-861d-db839f3ce0b1" testId="de3e310c-7ff5-dd2c-38d7-83ff471389ae" testName="HomeTest" computerName="KEIMI-PC" duration="00:00:00.0002877" startTime="2013-03-11T17:50:33.6680215+01:00" endTime="2013-03-11T17:50:33.6730218+01:00" testType="13cdc9d9-ddb5-4fa4-a97d-d965ccfc6d4b" outcome="Passed" testListId="8c84fa94-04c1-424b-9868-57a2d4851a1d" relativeResultsDirectory="ffd7142e-815d-43e5-861d-db839f3ce0b1">
    </UnitTestResult>
    <UnitTestResult executionId="de32478e-4284-46ba-bccd-7edd4d43b9da" testId="e90a1e76-58f9-3155-8edb-f81e804ee109" testName="CompareToTest1" computerName="KEIMI-PC" duration="00:00:00.0004785" startTime="2013-03-11T17:50:33.6740218+01:00" endTime="2013-03-11T17:50:33.6800222+01:00" testType="13cdc9d9-ddb5-4fa4-a97d-d965ccfc6d4b" outcome="Passed" testListId="8c84fa94-04c1-424b-9868-57a2d4851a1d" relativeResultsDirectory="de32478e-4284-46ba-bccd-7edd4d43b9da">
    </UnitTestResult>
    <UnitTestResult executionId="91fccc4e-f797-460b-a061-3e56dd33cf1a" testId="f4e2bdc2-7ad5-a7fd-d80f-fa54d2eec1b9" testName="CompareToTest3" computerName="KEIMI-PC" duration="00:00:00.0005080" startTime="2013-03-11T17:50:33.6810222+01:00" endTime="2013-03-11T17:50:33.6860225+01:00" testType="13cdc9d9-ddb5-4fa4-a97d-d965ccfc6d4b" outcome="Passed" testListId="8c84fa94-04c1-424b-9868-57a2d4851a1d" relativeResultsDirectory="91fccc4e-f797-460b-a061-3e56dd33cf1a">
    </UnitTestResult>
  </Results>
</TestRun>