<?xml version="1.0" encoding="UTF-8"?>
<TestRun id="fcc1ec18-d5d7-408e-93c3-81b1d8305280" name="Keimi@KEIMI-PC 2013-02-27 17:14:14" runUser="Keimi-PC\Keimi" xmlns="http://microsoft.com/schemas/VisualStudio/TeamTest/2010">
  <TestSettings name="Local" id="8cdc5f29-431d-4b7e-bb6b-06a80901297c">
    <Description>Il s'agit des paramètres de test par défaut pour une série de tests locale.</Description>
    <Deployment enabled="false" runDeploymentRoot="Keimi_KEIMI-PC 2013-02-27 17_14_14">
      <DeploymentItem filename="D:\Dev\Dotnet\TP3 Dotnet\TP3 Dotnet\ClassLib\bin\Debug\ClassLib.dll" />
    </Deployment>
    <Execution>
      <TestTypeSpecific />
      <AgentRule name="Execution Agents">
      </AgentRule>
    </Execution>
  </TestSettings>
  <Times creation="2013-02-27T17:14:14.0453869+01:00" queuing="2013-02-27T17:14:14.0563876+01:00" start="2013-02-27T17:14:14.0703884+01:00" finish="2013-02-27T17:14:14.4384094+01:00" />
  <ResultSummary outcome="Failed">
    <Counters total="10" executed="10" passed="1" error="0" failed="7" timeout="0" aborted="0" inconclusive="2" passedButRunAborted="0" notRunnable="0" notExecuted="0" disconnected="0" warning="0" completed="0" inProgress="0" pending="0" />
  </ResultSummary>
  <TestDefinitions>
    <UnitTest name="AwayGoalsTest" storage="d:\dev\dotnet\tp3 dotnet\tp3 dotnet\tp3classtest\bin\debug\tp3classtest.dll" id="d107c4bc-5dcb-a405-d6ca-bf8831813094">
      <Execution id="fd84a823-9359-4e57-9abb-a080f2a94fec" />
      <TestMethod codeBase="D:/Dev/Dotnet/TP3 Dotnet/TP3 Dotnet/TP3classTest/bin/Debug/TP3classTest.DLL" adapterTypeName="Microsoft.VisualStudio.TestTools.TestTypes.Unit.UnitTestAdapter, Microsoft.VisualStudio.QualityTools.Tips.UnitTest.Adapter, Version=10.0.0.0, Culture=neutral, PublicKeyToken=b03f5f7f11d50a3a" className="TP3classTest.MatchTest, TP3classTest, Version=1.0.0.0, Culture=neutral, PublicKeyToken=null" name="AwayGoalsTest" />
    </UnitTest>
    <UnitTest name="IsHomeForfeitTest" storage="d:\dev\dotnet\tp3 dotnet\tp3 dotnet\tp3classtest\bin\debug\tp3classtest.dll" id="6da07e9f-7c61-49ff-6d98-466c114e8fbe">
      <Execution id="6c2fec21-563b-4a5b-9582-7ece9d298577" />
      <TestMethod codeBase="D:/Dev/Dotnet/TP3 Dotnet/TP3 Dotnet/TP3classTest/bin/Debug/TP3classTest.DLL" adapterTypeName="Microsoft.VisualStudio.TestTools.TestTypes.Unit.UnitTestAdapter, Microsoft.VisualStudio.QualityTools.Tips.UnitTest.Adapter, Version=10.0.0.0, Culture=neutral, PublicKeyToken=b03f5f7f11d50a3a" className="TP3classTest.MatchTest, TP3classTest, Version=1.0.0.0, Culture=neutral, PublicKeyToken=null" name="IsHomeForfeitTest" />
    </UnitTest>
    <UnitTest name="AwayTest" storage="d:\dev\dotnet\tp3 dotnet\tp3 dotnet\tp3classtest\bin\debug\tp3classtest.dll" id="4ac3140e-fbe5-6a30-6ad9-539372fc1464">
      <Execution id="bf81c828-b175-46eb-9e90-da29235f514f" />
      <TestMethod codeBase="D:/Dev/Dotnet/TP3 Dotnet/TP3 Dotnet/TP3classTest/bin/Debug/TP3classTest.DLL" adapterTypeName="Microsoft.VisualStudio.TestTools.TestTypes.Unit.UnitTestAdapter, Microsoft.VisualStudio.QualityTools.Tips.UnitTest.Adapter, Version=10.0.0.0, Culture=neutral, PublicKeyToken=b03f5f7f11d50a3a" className="TP3classTest.MatchTest, TP3classTest, Version=1.0.0.0, Culture=neutral, PublicKeyToken=null" name="AwayTest" />
    </UnitTest>
    <UnitTest name="ToStringTest" storage="d:\dev\dotnet\tp3 dotnet\tp3 dotnet\tp3classtest\bin\debug\tp3classtest.dll" id="7b785e64-e8f0-3e8d-eda1-0ac7243fd269">
      <Execution id="2b30d256-01f7-4aac-abda-c6fa9e6e6137" />
      <TestMethod codeBase="D:/Dev/Dotnet/TP3 Dotnet/TP3 Dotnet/TP3classTest/bin/Debug/TP3classTest.DLL" adapterTypeName="Microsoft.VisualStudio.TestTools.TestTypes.Unit.UnitTestAdapter, Microsoft.VisualStudio.QualityTools.Tips.UnitTest.Adapter, Version=10.0.0.0, Culture=neutral, PublicKeyToken=b03f5f7f11d50a3a" className="TP3classTest.ClubTest, TP3classTest, Version=1.0.0.0, Culture=neutral, PublicKeyToken=null" name="ToStringTest" />
    </UnitTest>
    <UnitTest name="HomeGoalsTest" storage="d:\dev\dotnet\tp3 dotnet\tp3 dotnet\tp3classtest\bin\debug\tp3classtest.dll" id="4cc693e8-c589-b96f-8314-aafe93bbf0db">
      <Execution id="9cfc3fcc-37f5-4463-bd52-54db88906aa8" />
      <TestMethod codeBase="D:/Dev/Dotnet/TP3 Dotnet/TP3 Dotnet/TP3classTest/bin/Debug/TP3classTest.DLL" adapterTypeName="Microsoft.VisualStudio.TestTools.TestTypes.Unit.UnitTestAdapter, Microsoft.VisualStudio.QualityTools.Tips.UnitTest.Adapter, Version=10.0.0.0, Culture=neutral, PublicKeyToken=b03f5f7f11d50a3a" className="TP3classTest.MatchTest, TP3classTest, Version=1.0.0.0, Culture=neutral, PublicKeyToken=null" name="HomeGoalsTest" />
    </UnitTest>
    <UnitTest name="IsAwayForfeitTest" storage="d:\dev\dotnet\tp3 dotnet\tp3 dotnet\tp3classtest\bin\debug\tp3classtest.dll" id="d26324f1-f74d-8a17-2cca-dfddd89cb7cf">
      <Execution id="0969eec7-fc08-4cf2-9e57-8cc1c6126b0f" />
      <TestMethod codeBase="D:/Dev/Dotnet/TP3 Dotnet/TP3 Dotnet/TP3classTest/bin/Debug/TP3classTest.DLL" adapterTypeName="Microsoft.VisualStudio.TestTools.TestTypes.Unit.UnitTestAdapter, Microsoft.VisualStudio.QualityTools.Tips.UnitTest.Adapter, Version=10.0.0.0, Culture=neutral, PublicKeyToken=b03f5f7f11d50a3a" className="TP3classTest.MatchTest, TP3classTest, Version=1.0.0.0, Culture=neutral, PublicKeyToken=null" name="IsAwayForfeitTest" />
    </UnitTest>
    <UnitTest name="MatchConstructorTest" storage="d:\dev\dotnet\tp3 dotnet\tp3 dotnet\tp3classtest\bin\debug\tp3classtest.dll" id="060ceb3a-659a-65a9-2fb6-19b9506b2fa6">
      <Execution id="a3321730-6b92-4d45-a6f5-5400bdc5a810" />
      <TestMethod codeBase="D:/Dev/Dotnet/TP3 Dotnet/TP3 Dotnet/TP3classTest/bin/Debug/TP3classTest.DLL" adapterTypeName="Microsoft.VisualStudio.TestTools.TestTypes.Unit.UnitTestAdapter, Microsoft.VisualStudio.QualityTools.Tips.UnitTest.Adapter, Version=10.0.0.0, Culture=neutral, PublicKeyToken=b03f5f7f11d50a3a" className="TP3classTest.MatchTest, TP3classTest, Version=1.0.0.0, Culture=neutral, PublicKeyToken=null" name="MatchConstructorTest" />
    </UnitTest>
    <UnitTest name="ClubConstructorTest" storage="d:\dev\dotnet\tp3 dotnet\tp3 dotnet\tp3classtest\bin\debug\tp3classtest.dll" id="aa876468-c2ed-d1e8-c499-955e5153d4d8">
      <Execution id="bcd060fc-751b-4064-b8fe-b3fcea83f1e7" />
      <TestMethod codeBase="D:/Dev/Dotnet/TP3 Dotnet/TP3 Dotnet/TP3classTest/bin/Debug/TP3classTest.DLL" adapterTypeName="Microsoft.VisualStudio.TestTools.TestTypes.Unit.UnitTestAdapter, Microsoft.VisualStudio.QualityTools.Tips.UnitTest.Adapter, Version=10.0.0.0, Culture=neutral, PublicKeyToken=b03f5f7f11d50a3a" className="TP3classTest.ClubTest, TP3classTest, Version=1.0.0.0, Culture=neutral, PublicKeyToken=null" name="ClubConstructorTest" />
    </UnitTest>
    <UnitTest name="IsDrawTest" storage="d:\dev\dotnet\tp3 dotnet\tp3 dotnet\tp3classtest\bin\debug\tp3classtest.dll" id="b4187efb-54ab-4acb-76b6-7fe8f1e427c4">
      <Execution id="b1e4c123-d431-46c0-8b67-7de0ff90c5bc" />
      <TestMethod codeBase="D:/Dev/Dotnet/TP3 Dotnet/TP3 Dotnet/TP3classTest/bin/Debug/TP3classTest.DLL" adapterTypeName="Microsoft.VisualStudio.TestTools.TestTypes.Unit.UnitTestAdapter, Microsoft.VisualStudio.QualityTools.Tips.UnitTest.Adapter, Version=10.0.0.0, Culture=neutral, PublicKeyToken=b03f5f7f11d50a3a" className="TP3classTest.MatchTest, TP3classTest, Version=1.0.0.0, Culture=neutral, PublicKeyToken=null" name="IsDrawTest" />
    </UnitTest>
    <UnitTest name="HomeTest" storage="d:\dev\dotnet\tp3 dotnet\tp3 dotnet\tp3classtest\bin\debug\tp3classtest.dll" id="de3e310c-7ff5-dd2c-38d7-83ff471389ae">
      <Execution id="629a0701-f28e-4150-9039-019425004c65" />
      <TestMethod codeBase="D:/Dev/Dotnet/TP3 Dotnet/TP3 Dotnet/TP3classTest/bin/Debug/TP3classTest.DLL" adapterTypeName="Microsoft.VisualStudio.TestTools.TestTypes.Unit.UnitTestAdapter, Microsoft.VisualStudio.QualityTools.Tips.UnitTest.Adapter, Version=10.0.0.0, Culture=neutral, PublicKeyToken=b03f5f7f11d50a3a" className="TP3classTest.MatchTest, TP3classTest, Version=1.0.0.0, Culture=neutral, PublicKeyToken=null" name="HomeTest" />
    </UnitTest>
  </TestDefinitions>
  <TestLists>
    <TestList name="Les résultats ne figurent pas dans une liste" id="8c84fa94-04c1-424b-9868-57a2d4851a1d" />
    <TestList name="Tous les résultats chargés" id="19431567-8539-422a-85d7-44ee4e166bda" />
  </TestLists>
  <TestEntries>
    <TestEntry testId="060ceb3a-659a-65a9-2fb6-19b9506b2fa6" executionId="a3321730-6b92-4d45-a6f5-5400bdc5a810" testListId="8c84fa94-04c1-424b-9868-57a2d4851a1d" />
    <TestEntry testId="4ac3140e-fbe5-6a30-6ad9-539372fc1464" executionId="bf81c828-b175-46eb-9e90-da29235f514f" testListId="8c84fa94-04c1-424b-9868-57a2d4851a1d" />
    <TestEntry testId="4cc693e8-c589-b96f-8314-aafe93bbf0db" executionId="9cfc3fcc-37f5-4463-bd52-54db88906aa8" testListId="8c84fa94-04c1-424b-9868-57a2d4851a1d" />
    <TestEntry testId="6da07e9f-7c61-49ff-6d98-466c114e8fbe" executionId="6c2fec21-563b-4a5b-9582-7ece9d298577" testListId="8c84fa94-04c1-424b-9868-57a2d4851a1d" />
    <TestEntry testId="7b785e64-e8f0-3e8d-eda1-0ac7243fd269" executionId="2b30d256-01f7-4aac-abda-c6fa9e6e6137" testListId="8c84fa94-04c1-424b-9868-57a2d4851a1d" />
    <TestEntry testId="aa876468-c2ed-d1e8-c499-955e5153d4d8" executionId="bcd060fc-751b-4064-b8fe-b3fcea83f1e7" testListId="8c84fa94-04c1-424b-9868-57a2d4851a1d" />
    <TestEntry testId="b4187efb-54ab-4acb-76b6-7fe8f1e427c4" executionId="b1e4c123-d431-46c0-8b67-7de0ff90c5bc" testListId="8c84fa94-04c1-424b-9868-57a2d4851a1d" />
    <TestEntry testId="d107c4bc-5dcb-a405-d6ca-bf8831813094" executionId="fd84a823-9359-4e57-9abb-a080f2a94fec" testListId="8c84fa94-04c1-424b-9868-57a2d4851a1d" />
    <TestEntry testId="d26324f1-f74d-8a17-2cca-dfddd89cb7cf" executionId="0969eec7-fc08-4cf2-9e57-8cc1c6126b0f" testListId="8c84fa94-04c1-424b-9868-57a2d4851a1d" />
    <TestEntry testId="de3e310c-7ff5-dd2c-38d7-83ff471389ae" executionId="629a0701-f28e-4150-9039-019425004c65" testListId="8c84fa94-04c1-424b-9868-57a2d4851a1d" />
  </TestEntries>
  <Results>
    <UnitTestResult executionId="a3321730-6b92-4d45-a6f5-5400bdc5a810" testId="060ceb3a-659a-65a9-2fb6-19b9506b2fa6" testName="MatchConstructorTest" computerName="KEIMI-PC" duration="00:00:00.0228984" startTime="2013-02-27T17:14:14.0723885+01:00" endTime="2013-02-27T17:14:14.3114021+01:00" testType="13cdc9d9-ddb5-4fa4-a97d-d965ccfc6d4b" outcome="Inconclusive" testListId="8c84fa94-04c1-424b-9868-57a2d4851a1d" relativeResultsDirectory="a3321730-6b92-4d45-a6f5-5400bdc5a810">
      <Output>
        <ErrorInfo>
          <Message>Assert.Inconclusive failed. TODO: implémentez le code pour vérifier la cible</Message>
          <StackTrace>   at TP3classTest.MatchTest.MatchConstructorTest() in D:\Dev\Dotnet\TP3 Dotnet\TP3 Dotnet\TP3classTest\MatchTest.cs:line 74
</StackTrace>
        </ErrorInfo>
      </Output>
    </UnitTestResult>
    <UnitTestResult executionId="bf81c828-b175-46eb-9e90-da29235f514f" testId="4ac3140e-fbe5-6a30-6ad9-539372fc1464" testName="AwayTest" computerName="KEIMI-PC" duration="00:00:00.0120359" startTime="2013-02-27T17:14:14.3134023+01:00" endTime="2013-02-27T17:14:14.3314033+01:00" testType="13cdc9d9-ddb5-4fa4-a97d-d965ccfc6d4b" outcome="Failed" testListId="8c84fa94-04c1-424b-9868-57a2d4851a1d" relativeResultsDirectory="bf81c828-b175-46eb-9e90-da29235f514f">
      <Output>
        <ErrorInfo>
          <Message>Test method TP3classTest.MatchTest.AwayTest threw exception: 
System.NotImplementedException: The method or operation is not implemented.</Message>
          <StackTrace>    at ClassLib.Match.get_Away() in D:\Dev\Dotnet\TP3 Dotnet\TP3 Dotnet\ClassLib\Match.cs:line 13
   at TP3classTest.MatchTest.AwayTest() in D:\Dev\Dotnet\TP3 Dotnet\TP3 Dotnet\TP3classTest\MatchTest.cs:line 85
</StackTrace>
        </ErrorInfo>
      </Output>
    </UnitTestResult>
    <UnitTestResult executionId="9cfc3fcc-37f5-4463-bd52-54db88906aa8" testId="4cc693e8-c589-b96f-8314-aafe93bbf0db" testName="HomeGoalsTest" computerName="KEIMI-PC" duration="00:00:00.0024930" startTime="2013-02-27T17:14:14.3344035+01:00" endTime="2013-02-27T17:14:14.3434040+01:00" testType="13cdc9d9-ddb5-4fa4-a97d-d965ccfc6d4b" outcome="Failed" testListId="8c84fa94-04c1-424b-9868-57a2d4851a1d" relativeResultsDirectory="9cfc3fcc-37f5-4463-bd52-54db88906aa8">
      <Output>
        <ErrorInfo>
          <Message>Test method TP3classTest.MatchTest.HomeGoalsTest threw exception: 
System.NotImplementedException: The method or operation is not implemented.</Message>
          <StackTrace>    at ClassLib.Match.get_HomeGoals() in D:\Dev\Dotnet\TP3 Dotnet\TP3 Dotnet\ClassLib\Match.cs:line 26
   at TP3classTest.MatchTest.HomeGoalsTest() in D:\Dev\Dotnet\TP3 Dotnet\TP3 Dotnet\TP3classTest\MatchTest.cs:line 121
</StackTrace>
        </ErrorInfo>
      </Output>
    </UnitTestResult>
    <UnitTestResult executionId="6c2fec21-563b-4a5b-9582-7ece9d298577" testId="6da07e9f-7c61-49ff-6d98-466c114e8fbe" testName="IsHomeForfeitTest" computerName="KEIMI-PC" duration="00:00:00.0021432" startTime="2013-02-27T17:14:14.3454041+01:00" endTime="2013-02-27T17:14:14.3534045+01:00" testType="13cdc9d9-ddb5-4fa4-a97d-d965ccfc6d4b" outcome="Failed" testListId="8c84fa94-04c1-424b-9868-57a2d4851a1d" relativeResultsDirectory="6c2fec21-563b-4a5b-9582-7ece9d298577">
      <Output>
        <ErrorInfo>
          <Message>Test method TP3classTest.MatchTest.IsHomeForfeitTest threw exception: 
System.NotImplementedException: The method or operation is not implemented.</Message>
          <StackTrace>    at ClassLib.Match.get_IsHomeForfeit() in D:\Dev\Dotnet\TP3 Dotnet\TP3 Dotnet\ClassLib\Match.cs:line 38
   at TP3classTest.MatchTest.IsHomeForfeitTest() in D:\Dev\Dotnet\TP3 Dotnet\TP3 Dotnet\TP3classTest\MatchTest.cs:line 157
</StackTrace>
        </ErrorInfo>
      </Output>
    </UnitTestResult>
    <UnitTestResult executionId="2b30d256-01f7-4aac-abda-c6fa9e6e6137" testId="7b785e64-e8f0-3e8d-eda1-0ac7243fd269" testName="ToStringTest" computerName="KEIMI-PC" duration="00:00:00.0006696" startTime="2013-02-27T17:14:14.3564047+01:00" endTime="2013-02-27T17:14:14.3634051+01:00" testType="13cdc9d9-ddb5-4fa4-a97d-d965ccfc6d4b" outcome="Passed" testListId="8c84fa94-04c1-424b-9868-57a2d4851a1d" relativeResultsDirectory="2b30d256-01f7-4aac-abda-c6fa9e6e6137">
    </UnitTestResult>
    <UnitTestResult executionId="bcd060fc-751b-4064-b8fe-b3fcea83f1e7" testId="aa876468-c2ed-d1e8-c499-955e5153d4d8" testName="ClubConstructorTest" computerName="KEIMI-PC" duration="00:00:00.0009565" startTime="2013-02-27T17:14:14.3744057+01:00" endTime="2013-02-27T17:14:14.3814061+01:00" testType="13cdc9d9-ddb5-4fa4-a97d-d965ccfc6d4b" outcome="Inconclusive" testListId="8c84fa94-04c1-424b-9868-57a2d4851a1d" relativeResultsDirectory="bcd060fc-751b-4064-b8fe-b3fcea83f1e7">
      <Output>
        <ErrorInfo>
          <Message>Assert.Inconclusive failed. TODO: implémentez le code pour vérifier la cible</Message>
          <StackTrace>   at TP3classTest.ClubTest.ClubConstructorTest() in D:\Dev\Dotnet\TP3 Dotnet\TP3 Dotnet\TP3classTest\ClubTest.cs:line 74
</StackTrace>
        </ErrorInfo>
      </Output>
    </UnitTestResult>
    <UnitTestResult executionId="b1e4c123-d431-46c0-8b67-7de0ff90c5bc" testId="b4187efb-54ab-4acb-76b6-7fe8f1e427c4" testName="IsDrawTest" computerName="KEIMI-PC" duration="00:00:00.0021689" startTime="2013-02-27T17:14:14.3824062+01:00" endTime="2013-02-27T17:14:14.3904067+01:00" testType="13cdc9d9-ddb5-4fa4-a97d-d965ccfc6d4b" outcome="Failed" testListId="8c84fa94-04c1-424b-9868-57a2d4851a1d" relativeResultsDirectory="b1e4c123-d431-46c0-8b67-7de0ff90c5bc">
      <Output>
        <ErrorInfo>
          <Message>Test method TP3classTest.MatchTest.IsDrawTest threw exception: 
System.NotImplementedException: The method or operation is not implemented.</Message>
          <StackTrace>    at ClassLib.Match.get_IsDraw() in D:\Dev\Dotnet\TP3 Dotnet\TP3 Dotnet\ClassLib\Match.cs:line 34
   at TP3classTest.MatchTest.IsDrawTest() in D:\Dev\Dotnet\TP3 Dotnet\TP3 Dotnet\TP3classTest\MatchTest.cs:line 145
</StackTrace>
        </ErrorInfo>
      </Output>
    </UnitTestResult>
    <UnitTestResult executionId="fd84a823-9359-4e57-9abb-a080f2a94fec" testId="d107c4bc-5dcb-a405-d6ca-bf8831813094" testName="AwayGoalsTest" computerName="KEIMI-PC" duration="00:00:00.0027526" startTime="2013-02-27T17:14:14.3924068+01:00" endTime="2013-02-27T17:14:14.4024073+01:00" testType="13cdc9d9-ddb5-4fa4-a97d-d965ccfc6d4b" outcome="Failed" testListId="8c84fa94-04c1-424b-9868-57a2d4851a1d" relativeResultsDirectory="fd84a823-9359-4e57-9abb-a080f2a94fec">
      <Output>
        <ErrorInfo>
          <Message>Test method TP3classTest.MatchTest.AwayGoalsTest threw exception: 
System.NotImplementedException: The method or operation is not implemented.</Message>
          <StackTrace>    at ClassLib.Match.get_AwayGoals() in D:\Dev\Dotnet\TP3 Dotnet\TP3 Dotnet\ClassLib\Match.cs:line 18
   at TP3classTest.MatchTest.AwayGoalsTest() in D:\Dev\Dotnet\TP3 Dotnet\TP3 Dotnet\TP3classTest\MatchTest.cs:line 97
</StackTrace>
        </ErrorInfo>
      </Output>
    </UnitTestResult>
    <UnitTestResult executionId="0969eec7-fc08-4cf2-9e57-8cc1c6126b0f" testId="d26324f1-f74d-8a17-2cca-dfddd89cb7cf" testName="IsAwayForfeitTest" computerName="KEIMI-PC" duration="00:00:00.0018965" startTime="2013-02-27T17:14:14.4044075+01:00" endTime="2013-02-27T17:14:14.4114079+01:00" testType="13cdc9d9-ddb5-4fa4-a97d-d965ccfc6d4b" outcome="Failed" testListId="8c84fa94-04c1-424b-9868-57a2d4851a1d" relativeResultsDirectory="0969eec7-fc08-4cf2-9e57-8cc1c6126b0f">
      <Output>
        <ErrorInfo>
          <Message>Test method TP3classTest.MatchTest.IsAwayForfeitTest threw exception: 
System.NotImplementedException: The method or operation is not implemented.</Message>
          <StackTrace>    at ClassLib.Match.get_IsAwayForfeit() in D:\Dev\Dotnet\TP3 Dotnet\TP3 Dotnet\ClassLib\Match.cs:line 30
   at TP3classTest.MatchTest.IsAwayForfeitTest() in D:\Dev\Dotnet\TP3 Dotnet\TP3 Dotnet\TP3classTest\MatchTest.cs:line 133
</StackTrace>
        </ErrorInfo>
      </Output>
    </UnitTestResult>
    <UnitTestResult executionId="629a0701-f28e-4150-9039-019425004c65" testId="de3e310c-7ff5-dd2c-38d7-83ff471389ae" testName="HomeTest" computerName="KEIMI-PC" duration="00:00:00.0020953" startTime="2013-02-27T17:14:14.4134080+01:00" endTime="2013-02-27T17:14:14.4224085+01:00" testType="13cdc9d9-ddb5-4fa4-a97d-d965ccfc6d4b" outcome="Failed" testListId="8c84fa94-04c1-424b-9868-57a2d4851a1d" relativeResultsDirectory="629a0701-f28e-4150-9039-019425004c65">
      <Output>
        <ErrorInfo>
          <Message>Test method TP3classTest.MatchTest.HomeTest threw exception: 
System.NotImplementedException: The method or operation is not implemented.</Message>
          <StackTrace>    at ClassLib.Match.get_Home() in D:\Dev\Dotnet\TP3 Dotnet\TP3 Dotnet\ClassLib\Match.cs:line 22
   at TP3classTest.MatchTest.HomeTest() in D:\Dev\Dotnet\TP3 Dotnet\TP3 Dotnet\TP3classTest\MatchTest.cs:line 109
</StackTrace>
        </ErrorInfo>
      </Output>
    </UnitTestResult>
  </Results>
</TestRun>