<?xml version="1.0" encoding="UTF-8"?>
<TestRun id="8a818954-2e06-4d87-9825-b0d100fe60ca" name="Keimi@KEIMI-PC 2013-02-27 18:38:59" runUser="Keimi-PC\Keimi" xmlns="http://microsoft.com/schemas/VisualStudio/TeamTest/2010">
  <TestSettings name="Local" id="8cdc5f29-431d-4b7e-bb6b-06a80901297c">
    <Description>Il s'agit des paramètres de test par défaut pour une série de tests locale.</Description>
    <Deployment enabled="false" runDeploymentRoot="Keimi_KEIMI-PC 2013-02-27 18_38_59">
      <DeploymentItem filename="D:\Dev\Dotnet\TP3 Dotnet\TP3 Dotnet\ClassLib\bin\Debug\ClassLib.dll" />
    </Deployment>
    <Execution>
      <TestTypeSpecific />
      <AgentRule name="Execution Agents">
      </AgentRule>
    </Execution>
  </TestSettings>
  <Times creation="2013-02-27T18:38:59.0842641+01:00" queuing="2013-02-27T18:38:59.0952647+01:00" start="2013-02-27T18:38:59.1012651+01:00" finish="2013-02-27T18:38:59.4182832+01:00" />
  <ResultSummary outcome="Failed">
    <Counters total="8" executed="8" passed="3" error="0" failed="5" timeout="0" aborted="0" inconclusive="0" passedButRunAborted="0" notRunnable="0" notExecuted="0" disconnected="0" warning="0" completed="0" inProgress="0" pending="0" />
  </ResultSummary>
  <TestDefinitions>
    <UnitTest name="IsHomeForfeitTest" storage="d:\dev\dotnet\tp3 dotnet\tp3 dotnet\tp3classtest\bin\debug\tp3classtest.dll" id="6da07e9f-7c61-49ff-6d98-466c114e8fbe">
      <Execution id="af2e09a1-657a-4c86-9133-b9770f7413a9" />
      <TestMethod codeBase="D:/Dev/Dotnet/TP3 Dotnet/TP3 Dotnet/TP3classTest/bin/Debug/TP3classTest.DLL" adapterTypeName="Microsoft.VisualStudio.TestTools.TestTypes.Unit.UnitTestAdapter, Microsoft.VisualStudio.QualityTools.Tips.UnitTest.Adapter, Version=10.0.0.0, Culture=neutral, PublicKeyToken=b03f5f7f11d50a3a" className="TP3classTest.MatchTest, TP3classTest, Version=1.0.0.0, Culture=neutral, PublicKeyToken=null" name="IsHomeForfeitTest" />
    </UnitTest>
    <UnitTest name="AwayTest" storage="d:\dev\dotnet\tp3 dotnet\tp3 dotnet\tp3classtest\bin\debug\tp3classtest.dll" id="4ac3140e-fbe5-6a30-6ad9-539372fc1464">
      <Execution id="b2ddfbe2-7196-48d6-b140-2fb62336ba83" />
      <TestMethod codeBase="D:/Dev/Dotnet/TP3 Dotnet/TP3 Dotnet/TP3classTest/bin/Debug/TP3classTest.DLL" adapterTypeName="Microsoft.VisualStudio.TestTools.TestTypes.Unit.UnitTestAdapter, Microsoft.VisualStudio.QualityTools.Tips.UnitTest.Adapter, Version=10.0.0.0, Culture=neutral, PublicKeyToken=b03f5f7f11d50a3a" className="TP3classTest.MatchTest, TP3classTest, Version=1.0.0.0, Culture=neutral, PublicKeyToken=null" name="AwayTest" />
    </UnitTest>
    <UnitTest name="ToStringTest" storage="d:\dev\dotnet\tp3 dotnet\tp3 dotnet\tp3classtest\bin\debug\tp3classtest.dll" id="7b785e64-e8f0-3e8d-eda1-0ac7243fd269">
      <Execution id="fb6a724e-2ebb-47c4-8351-c5f87599a574" />
      <TestMethod codeBase="D:/Dev/Dotnet/TP3 Dotnet/TP3 Dotnet/TP3classTest/bin/Debug/TP3classTest.DLL" adapterTypeName="Microsoft.VisualStudio.TestTools.TestTypes.Unit.UnitTestAdapter, Microsoft.VisualStudio.QualityTools.Tips.UnitTest.Adapter, Version=10.0.0.0, Culture=neutral, PublicKeyToken=b03f5f7f11d50a3a" className="TP3classTest.ClubTest, TP3classTest, Version=1.0.0.0, Culture=neutral, PublicKeyToken=null" name="ToStringTest" />
    </UnitTest>
    <UnitTest name="HomeGoalsTest" storage="d:\dev\dotnet\tp3 dotnet\tp3 dotnet\tp3classtest\bin\debug\tp3classtest.dll" id="4cc693e8-c589-b96f-8314-aafe93bbf0db">
      <Execution id="49508980-def3-4ecb-96b5-4772f26e2e2c" />
      <TestMethod codeBase="D:/Dev/Dotnet/TP3 Dotnet/TP3 Dotnet/TP3classTest/bin/Debug/TP3classTest.DLL" adapterTypeName="Microsoft.VisualStudio.TestTools.TestTypes.Unit.UnitTestAdapter, Microsoft.VisualStudio.QualityTools.Tips.UnitTest.Adapter, Version=10.0.0.0, Culture=neutral, PublicKeyToken=b03f5f7f11d50a3a" className="TP3classTest.MatchTest, TP3classTest, Version=1.0.0.0, Culture=neutral, PublicKeyToken=null" name="HomeGoalsTest" />
    </UnitTest>
    <UnitTest name="IsAwayForfeitTest" storage="d:\dev\dotnet\tp3 dotnet\tp3 dotnet\tp3classtest\bin\debug\tp3classtest.dll" id="d26324f1-f74d-8a17-2cca-dfddd89cb7cf">
      <Execution id="accba5a8-7057-4d5a-a6e8-ec321f4b8bef" />
      <TestMethod codeBase="D:/Dev/Dotnet/TP3 Dotnet/TP3 Dotnet/TP3classTest/bin/Debug/TP3classTest.DLL" adapterTypeName="Microsoft.VisualStudio.TestTools.TestTypes.Unit.UnitTestAdapter, Microsoft.VisualStudio.QualityTools.Tips.UnitTest.Adapter, Version=10.0.0.0, Culture=neutral, PublicKeyToken=b03f5f7f11d50a3a" className="TP3classTest.MatchTest, TP3classTest, Version=1.0.0.0, Culture=neutral, PublicKeyToken=null" name="IsAwayForfeitTest" />
    </UnitTest>
    <UnitTest name="AwayGoalsTest" storage="d:\dev\dotnet\tp3 dotnet\tp3 dotnet\tp3classtest\bin\debug\tp3classtest.dll" id="d107c4bc-5dcb-a405-d6ca-bf8831813094">
      <Execution id="6a6487b5-6157-4bfe-8532-31c14ab456b8" />
      <TestMethod codeBase="D:/Dev/Dotnet/TP3 Dotnet/TP3 Dotnet/TP3classTest/bin/Debug/TP3classTest.DLL" adapterTypeName="Microsoft.VisualStudio.TestTools.TestTypes.Unit.UnitTestAdapter, Microsoft.VisualStudio.QualityTools.Tips.UnitTest.Adapter, Version=10.0.0.0, Culture=neutral, PublicKeyToken=b03f5f7f11d50a3a" className="TP3classTest.MatchTest, TP3classTest, Version=1.0.0.0, Culture=neutral, PublicKeyToken=null" name="AwayGoalsTest" />
    </UnitTest>
    <UnitTest name="IsDrawTest" storage="d:\dev\dotnet\tp3 dotnet\tp3 dotnet\tp3classtest\bin\debug\tp3classtest.dll" id="b4187efb-54ab-4acb-76b6-7fe8f1e427c4">
      <Execution id="c313afea-b132-478d-a6a2-14bcbbb680a5" />
      <TestMethod codeBase="D:/Dev/Dotnet/TP3 Dotnet/TP3 Dotnet/TP3classTest/bin/Debug/TP3classTest.DLL" adapterTypeName="Microsoft.VisualStudio.TestTools.TestTypes.Unit.UnitTestAdapter, Microsoft.VisualStudio.QualityTools.Tips.UnitTest.Adapter, Version=10.0.0.0, Culture=neutral, PublicKeyToken=b03f5f7f11d50a3a" className="TP3classTest.MatchTest, TP3classTest, Version=1.0.0.0, Culture=neutral, PublicKeyToken=null" name="IsDrawTest" />
    </UnitTest>
    <UnitTest name="HomeTest" storage="d:\dev\dotnet\tp3 dotnet\tp3 dotnet\tp3classtest\bin\debug\tp3classtest.dll" id="de3e310c-7ff5-dd2c-38d7-83ff471389ae">
      <Execution id="f5f58852-bc48-424d-996b-a53cdc648294" />
      <TestMethod codeBase="D:/Dev/Dotnet/TP3 Dotnet/TP3 Dotnet/TP3classTest/bin/Debug/TP3classTest.DLL" adapterTypeName="Microsoft.VisualStudio.TestTools.TestTypes.Unit.UnitTestAdapter, Microsoft.VisualStudio.QualityTools.Tips.UnitTest.Adapter, Version=10.0.0.0, Culture=neutral, PublicKeyToken=b03f5f7f11d50a3a" className="TP3classTest.MatchTest, TP3classTest, Version=1.0.0.0, Culture=neutral, PublicKeyToken=null" name="HomeTest" />
    </UnitTest>
  </TestDefinitions>
  <TestLists>
    <TestList name="Les résultats ne figurent pas dans une liste" id="8c84fa94-04c1-424b-9868-57a2d4851a1d" />
    <TestList name="Tous les résultats chargés" id="19431567-8539-422a-85d7-44ee4e166bda" />
  </TestLists>
  <TestEntries>
    <TestEntry testId="4ac3140e-fbe5-6a30-6ad9-539372fc1464" executionId="b2ddfbe2-7196-48d6-b140-2fb62336ba83" testListId="8c84fa94-04c1-424b-9868-57a2d4851a1d" />
    <TestEntry testId="4cc693e8-c589-b96f-8314-aafe93bbf0db" executionId="49508980-def3-4ecb-96b5-4772f26e2e2c" testListId="8c84fa94-04c1-424b-9868-57a2d4851a1d" />
    <TestEntry testId="6da07e9f-7c61-49ff-6d98-466c114e8fbe" executionId="af2e09a1-657a-4c86-9133-b9770f7413a9" testListId="8c84fa94-04c1-424b-9868-57a2d4851a1d" />
    <TestEntry testId="7b785e64-e8f0-3e8d-eda1-0ac7243fd269" executionId="fb6a724e-2ebb-47c4-8351-c5f87599a574" testListId="8c84fa94-04c1-424b-9868-57a2d4851a1d" />
    <TestEntry testId="b4187efb-54ab-4acb-76b6-7fe8f1e427c4" executionId="c313afea-b132-478d-a6a2-14bcbbb680a5" testListId="8c84fa94-04c1-424b-9868-57a2d4851a1d" />
    <TestEntry testId="d107c4bc-5dcb-a405-d6ca-bf8831813094" executionId="6a6487b5-6157-4bfe-8532-31c14ab456b8" testListId="8c84fa94-04c1-424b-9868-57a2d4851a1d" />
    <TestEntry testId="d26324f1-f74d-8a17-2cca-dfddd89cb7cf" executionId="accba5a8-7057-4d5a-a6e8-ec321f4b8bef" testListId="8c84fa94-04c1-424b-9868-57a2d4851a1d" />
    <TestEntry testId="de3e310c-7ff5-dd2c-38d7-83ff471389ae" executionId="f5f58852-bc48-424d-996b-a53cdc648294" testListId="8c84fa94-04c1-424b-9868-57a2d4851a1d" />
  </TestEntries>
  <Results>
    <UnitTestResult executionId="b2ddfbe2-7196-48d6-b140-2fb62336ba83" testId="4ac3140e-fbe5-6a30-6ad9-539372fc1464" testName="AwayTest" computerName="KEIMI-PC" duration="00:00:00.0375968" startTime="2013-02-27T18:38:59.1032652+01:00" endTime="2013-02-27T18:38:59.3482792+01:00" testType="13cdc9d9-ddb5-4fa4-a97d-d965ccfc6d4b" outcome="Failed" testListId="8c84fa94-04c1-424b-9868-57a2d4851a1d" relativeResultsDirectory="b2ddfbe2-7196-48d6-b140-2fb62336ba83">
      <Output>
        <ErrorInfo>
          <Message>Test method TP3classTest.MatchTest.AwayTest threw exception: 
System.NotImplementedException: The method or operation is not implemented.</Message>
          <StackTrace>    at ClassLib.Match.get_Away() in D:\Dev\Dotnet\TP3 Dotnet\TP3 Dotnet\ClassLib\Match.cs:line 26
   at TP3classTest.MatchTest.AwayTest() in D:\Dev\Dotnet\TP3 Dotnet\TP3 Dotnet\TP3classTest\MatchTest.cs:line 76
</StackTrace>
        </ErrorInfo>
      </Output>
    </UnitTestResult>
    <UnitTestResult executionId="49508980-def3-4ecb-96b5-4772f26e2e2c" testId="4cc693e8-c589-b96f-8314-aafe93bbf0db" testName="HomeGoalsTest" computerName="KEIMI-PC" duration="00:00:00.0014564" startTime="2013-02-27T18:38:59.3502793+01:00" endTime="2013-02-27T18:38:59.3562797+01:00" testType="13cdc9d9-ddb5-4fa4-a97d-d965ccfc6d4b" outcome="Failed" testListId="8c84fa94-04c1-424b-9868-57a2d4851a1d" relativeResultsDirectory="49508980-def3-4ecb-96b5-4772f26e2e2c">
      <Output>
        <ErrorInfo>
          <Message>Test method TP3classTest.MatchTest.HomeGoalsTest threw exception: 
System.NotImplementedException: The method or operation is not implemented.</Message>
          <StackTrace>    at ClassLib.Match.get_HomeGoals() in D:\Dev\Dotnet\TP3 Dotnet\TP3 Dotnet\ClassLib\Match.cs:line 51
   at TP3classTest.MatchTest.HomeGoalsTest() in D:\Dev\Dotnet\TP3 Dotnet\TP3 Dotnet\TP3classTest\MatchTest.cs:line 108
</StackTrace>
        </ErrorInfo>
      </Output>
    </UnitTestResult>
    <UnitTestResult executionId="af2e09a1-657a-4c86-9133-b9770f7413a9" testId="6da07e9f-7c61-49ff-6d98-466c114e8fbe" testName="IsHomeForfeitTest" computerName="KEIMI-PC" duration="00:00:00.0014009" startTime="2013-02-27T18:38:59.3602799+01:00" endTime="2013-02-27T18:38:59.3652802+01:00" testType="13cdc9d9-ddb5-4fa4-a97d-d965ccfc6d4b" outcome="Failed" testListId="8c84fa94-04c1-424b-9868-57a2d4851a1d" relativeResultsDirectory="af2e09a1-657a-4c86-9133-b9770f7413a9">
      <Output>
        <ErrorInfo>
          <Message>Test method TP3classTest.MatchTest.IsHomeForfeitTest threw exception: 
System.NotImplementedException: The method or operation is not implemented.</Message>
          <StackTrace>    at ClassLib.Match.get_IsHomeForfeit() in D:\Dev\Dotnet\TP3 Dotnet\TP3 Dotnet\ClassLib\Match.cs:line 63
   at TP3classTest.MatchTest.IsHomeForfeitTest() in D:\Dev\Dotnet\TP3 Dotnet\TP3 Dotnet\TP3classTest\MatchTest.cs:line 144
</StackTrace>
        </ErrorInfo>
      </Output>
    </UnitTestResult>
    <UnitTestResult executionId="fb6a724e-2ebb-47c4-8351-c5f87599a574" testId="7b785e64-e8f0-3e8d-eda1-0ac7243fd269" testName="ToStringTest" computerName="KEIMI-PC" duration="00:00:00.0003664" startTime="2013-02-27T18:38:59.3672803+01:00" endTime="2013-02-27T18:38:59.3712805+01:00" testType="13cdc9d9-ddb5-4fa4-a97d-d965ccfc6d4b" outcome="Passed" testListId="8c84fa94-04c1-424b-9868-57a2d4851a1d" relativeResultsDirectory="fb6a724e-2ebb-47c4-8351-c5f87599a574">
    </UnitTestResult>
    <UnitTestResult executionId="c313afea-b132-478d-a6a2-14bcbbb680a5" testId="b4187efb-54ab-4acb-76b6-7fe8f1e427c4" testName="IsDrawTest" computerName="KEIMI-PC" duration="00:00:00.0014834" startTime="2013-02-27T18:38:59.3732806+01:00" endTime="2013-02-27T18:38:59.3792810+01:00" testType="13cdc9d9-ddb5-4fa4-a97d-d965ccfc6d4b" outcome="Failed" testListId="8c84fa94-04c1-424b-9868-57a2d4851a1d" relativeResultsDirectory="c313afea-b132-478d-a6a2-14bcbbb680a5">
      <Output>
        <ErrorInfo>
          <Message>Test method TP3classTest.MatchTest.IsDrawTest threw exception: 
System.NotImplementedException: The method or operation is not implemented.</Message>
          <StackTrace>    at ClassLib.Match.get_IsDraw() in D:\Dev\Dotnet\TP3 Dotnet\TP3 Dotnet\ClassLib\Match.cs:line 59
   at TP3classTest.MatchTest.IsDrawTest() in D:\Dev\Dotnet\TP3 Dotnet\TP3 Dotnet\TP3classTest\MatchTest.cs:line 132
</StackTrace>
        </ErrorInfo>
      </Output>
    </UnitTestResult>
    <UnitTestResult executionId="6a6487b5-6157-4bfe-8532-31c14ab456b8" testId="d107c4bc-5dcb-a405-d6ca-bf8831813094" testName="AwayGoalsTest" computerName="KEIMI-PC" duration="00:00:00.0003497" startTime="2013-02-27T18:38:59.3802810+01:00" endTime="2013-02-27T18:38:59.3882815+01:00" testType="13cdc9d9-ddb5-4fa4-a97d-d965ccfc6d4b" outcome="Passed" testListId="8c84fa94-04c1-424b-9868-57a2d4851a1d" relativeResultsDirectory="6a6487b5-6157-4bfe-8532-31c14ab456b8">
    </UnitTestResult>
    <UnitTestResult executionId="accba5a8-7057-4d5a-a6e8-ec321f4b8bef" testId="d26324f1-f74d-8a17-2cca-dfddd89cb7cf" testName="IsAwayForfeitTest" computerName="KEIMI-PC" duration="00:00:00.0015929" startTime="2013-02-27T18:38:59.3902816+01:00" endTime="2013-02-27T18:38:59.3952819+01:00" testType="13cdc9d9-ddb5-4fa4-a97d-d965ccfc6d4b" outcome="Failed" testListId="8c84fa94-04c1-424b-9868-57a2d4851a1d" relativeResultsDirectory="accba5a8-7057-4d5a-a6e8-ec321f4b8bef">
      <Output>
        <ErrorInfo>
          <Message>Test method TP3classTest.MatchTest.IsAwayForfeitTest threw exception: 
System.NotImplementedException: The method or operation is not implemented.</Message>
          <StackTrace>    at ClassLib.Match.get_IsAwayForfeit() in D:\Dev\Dotnet\TP3 Dotnet\TP3 Dotnet\ClassLib\Match.cs:line 55
   at TP3classTest.MatchTest.IsAwayForfeitTest() in D:\Dev\Dotnet\TP3 Dotnet\TP3 Dotnet\TP3classTest\MatchTest.cs:line 120
</StackTrace>
        </ErrorInfo>
      </Output>
    </UnitTestResult>
    <UnitTestResult executionId="f5f58852-bc48-424d-996b-a53cdc648294" testId="de3e310c-7ff5-dd2c-38d7-83ff471389ae" testName="HomeTest" computerName="KEIMI-PC" duration="00:00:00.0004340" startTime="2013-02-27T18:38:59.3972820+01:00" endTime="2013-02-27T18:38:59.4022823+01:00" testType="13cdc9d9-ddb5-4fa4-a97d-d965ccfc6d4b" outcome="Passed" testListId="8c84fa94-04c1-424b-9868-57a2d4851a1d" relativeResultsDirectory="f5f58852-bc48-424d-996b-a53cdc648294">
    </UnitTestResult>
  </Results>
</TestRun>