<?xml version="1.0" encoding="UTF-8"?>
<TestRun id="12776236-df3c-4107-aa74-370c225dada4" name="Keimi@KEIMI-PC 2013-03-11 17:56:39" runUser="Keimi-PC\Keimi" xmlns="http://microsoft.com/schemas/VisualStudio/TeamTest/2010">
  <TestSettings name="Local" id="8cdc5f29-431d-4b7e-bb6b-06a80901297c">
    <Description>Il s'agit des paramètres de test par défaut pour une série de tests locale.</Description>
    <Deployment enabled="false" runDeploymentRoot="Keimi_KEIMI-PC 2013-03-11 17_56_39">
      <DeploymentItem filename="D:\Dev\Dotnet\TP3 Foot Dotnet\ClassLib\bin\Debug\ClassLib.dll" />
    </Deployment>
    <Execution>
      <TestTypeSpecific />
      <AgentRule name="Execution Agents">
      </AgentRule>
    </Execution>
  </TestSettings>
  <Times creation="2013-03-11T17:56:39.1729272+01:00" queuing="2013-03-11T17:56:40.4039976+01:00" start="2013-03-11T17:56:40.4129981+01:00" finish="2013-03-11T17:56:41.2390454+01:00" />
  <ResultSummary outcome="Failed">
    <Counters total="22" executed="22" passed="12" error="0" failed="6" timeout="0" aborted="0" inconclusive="4" passedButRunAborted="0" notRunnable="0" notExecuted="0" disconnected="0" warning="0" completed="0" inProgress="0" pending="0" />
  </ResultSummary>
  <TestDefinitions>
    <UnitTest name="GetGoalsTestHome" storage="d:\dev\dotnet\tp3 foot dotnet\tp3classtest\bin\debug\tp3classtest.dll" id="66449b77-e210-300e-ad2f-5d7338ae3674">
      <Execution id="38d237a3-bb65-467b-8544-64e8a580fd59" />
      <TestMethod codeBase="D:/Dev/Dotnet/TP3 Foot Dotnet/TP3classTest/bin/Debug/TP3classTest.DLL" adapterTypeName="Microsoft.VisualStudio.TestTools.TestTypes.Unit.UnitTestAdapter, Microsoft.VisualStudio.QualityTools.Tips.UnitTest.Adapter, Version=10.0.0.0, Culture=neutral, PublicKeyToken=b03f5f7f11d50a3a" className="TP3classTest.MatchTest, TP3classTest, Version=1.0.0.0, Culture=neutral, PublicKeyToken=null" name="GetGoalsTestHome" />
    </UnitTest>
    <UnitTest name="AwayTest" storage="d:\dev\dotnet\tp3 foot dotnet\tp3classtest\bin\debug\tp3classtest.dll" id="4ac3140e-fbe5-6a30-6ad9-539372fc1464">
      <Execution id="8c22b815-8293-4323-9420-b0501ad8fe43" />
      <TestMethod codeBase="D:/Dev/Dotnet/TP3 Foot Dotnet/TP3classTest/bin/Debug/TP3classTest.DLL" adapterTypeName="Microsoft.VisualStudio.TestTools.TestTypes.Unit.UnitTestAdapter, Microsoft.VisualStudio.QualityTools.Tips.UnitTest.Adapter, Version=10.0.0.0, Culture=neutral, PublicKeyToken=b03f5f7f11d50a3a" className="TP3classTest.MatchTest, TP3classTest, Version=1.0.0.0, Culture=neutral, PublicKeyToken=null" name="AwayTest" />
    </UnitTest>
    <UnitTest name="GetPointsFromMatchTest" storage="d:\dev\dotnet\tp3 foot dotnet\tp3classtest\bin\debug\tp3classtest.dll" id="156fb3d3-45e2-ca32-b814-97757bca0ecc">
      <Execution id="fec91832-2cda-4062-9f53-16a763a78b54" />
      <TestMethod codeBase="D:/Dev/Dotnet/TP3 Foot Dotnet/TP3classTest/bin/Debug/TP3classTest.DLL" adapterTypeName="Microsoft.VisualStudio.TestTools.TestTypes.Unit.UnitTestAdapter, Microsoft.VisualStudio.QualityTools.Tips.UnitTest.Adapter, Version=10.0.0.0, Culture=neutral, PublicKeyToken=b03f5f7f11d50a3a" className="TP3classTest.FrenchLeague1PointSystemTest, TP3classTest, Version=1.0.0.0, Culture=neutral, PublicKeyToken=null" name="GetPointsFromMatchTest" />
    </UnitTest>
    <UnitTest name="HomeGoalsTest" storage="d:\dev\dotnet\tp3 foot dotnet\tp3classtest\bin\debug\tp3classtest.dll" id="4cc693e8-c589-b96f-8314-aafe93bbf0db">
      <Execution id="7acc1d73-c81b-4e9e-bf18-7f31cb6b24c2" />
      <TestMethod codeBase="D:/Dev/Dotnet/TP3 Foot Dotnet/TP3classTest/bin/Debug/TP3classTest.DLL" adapterTypeName="Microsoft.VisualStudio.TestTools.TestTypes.Unit.UnitTestAdapter, Microsoft.VisualStudio.QualityTools.Tips.UnitTest.Adapter, Version=10.0.0.0, Culture=neutral, PublicKeyToken=b03f5f7f11d50a3a" className="TP3classTest.MatchTest, TP3classTest, Version=1.0.0.0, Culture=neutral, PublicKeyToken=null" name="HomeGoalsTest" />
    </UnitTest>
    <UnitTest name="AwayGoalsTest" storage="d:\dev\dotnet\tp3 foot dotnet\tp3classtest\bin\debug\tp3classtest.dll" id="d107c4bc-5dcb-a405-d6ca-bf8831813094">
      <Execution id="8c952ab1-6874-405d-a9b6-ee97f467ec70" />
      <TestMethod codeBase="D:/Dev/Dotnet/TP3 Foot Dotnet/TP3classTest/bin/Debug/TP3classTest.DLL" adapterTypeName="Microsoft.VisualStudio.TestTools.TestTypes.Unit.UnitTestAdapter, Microsoft.VisualStudio.QualityTools.Tips.UnitTest.Adapter, Version=10.0.0.0, Culture=neutral, PublicKeyToken=b03f5f7f11d50a3a" className="TP3classTest.MatchTest, TP3classTest, Version=1.0.0.0, Culture=neutral, PublicKeyToken=null" name="AwayGoalsTest" />
    </UnitTest>
    <UnitTest name="CompareToTest3" storage="d:\dev\dotnet\tp3 foot dotnet\tp3classtest\bin\debug\tp3classtest.dll" id="f4e2bdc2-7ad5-a7fd-d80f-fa54d2eec1b9">
      <DeploymentItems>
        <DeploymentItem filename="ClassLib.dll" />
      </DeploymentItems>
      <Execution id="b4f22234-c2dc-46ce-a319-7e1ac410c79f" />
      <TestMethod codeBase="D:/Dev/Dotnet/TP3 Foot Dotnet/TP3classTest/bin/Debug/TP3classTest.DLL" adapterTypeName="Microsoft.VisualStudio.TestTools.TestTypes.Unit.UnitTestAdapter, Microsoft.VisualStudio.QualityTools.Tips.UnitTest.Adapter, Version=10.0.0.0, Culture=neutral, PublicKeyToken=b03f5f7f11d50a3a" className="TP3classTest.FrenchLeague1PointSystem_PointTotalTest, TP3classTest, Version=1.0.0.0, Culture=neutral, PublicKeyToken=null" name="CompareToTest3" />
    </UnitTest>
    <UnitTest name="GetGoalsTestAwayAndHome" storage="d:\dev\dotnet\tp3 foot dotnet\tp3classtest\bin\debug\tp3classtest.dll" id="49c41386-d9a6-f19d-c9bf-8a218deef5fd">
      <Execution id="c33166b0-0a09-4215-ad5b-9f767802aa1c" />
      <TestMethod codeBase="D:/Dev/Dotnet/TP3 Foot Dotnet/TP3classTest/bin/Debug/TP3classTest.DLL" adapterTypeName="Microsoft.VisualStudio.TestTools.TestTypes.Unit.UnitTestAdapter, Microsoft.VisualStudio.QualityTools.Tips.UnitTest.Adapter, Version=10.0.0.0, Culture=neutral, PublicKeyToken=b03f5f7f11d50a3a" className="TP3classTest.MatchTest, TP3classTest, Version=1.0.0.0, Culture=neutral, PublicKeyToken=null" name="GetGoalsTestAwayAndHome" />
    </UnitTest>
    <UnitTest name="FrenchLeague1PointSystem_PointTotalConstructorTest" storage="d:\dev\dotnet\tp3 foot dotnet\tp3classtest\bin\debug\tp3classtest.dll" id="bc89cd7f-fd1b-bd4b-01f1-030e0a0e8d90">
      <DeploymentItems>
        <DeploymentItem filename="ClassLib.dll" />
      </DeploymentItems>
      <Execution id="d51f654c-1ed2-4a42-bc44-d39fcafdb4d3" />
      <TestMethod codeBase="D:/Dev/Dotnet/TP3 Foot Dotnet/TP3classTest/bin/Debug/TP3classTest.DLL" adapterTypeName="Microsoft.VisualStudio.TestTools.TestTypes.Unit.UnitTestAdapter, Microsoft.VisualStudio.QualityTools.Tips.UnitTest.Adapter, Version=10.0.0.0, Culture=neutral, PublicKeyToken=b03f5f7f11d50a3a" className="TP3classTest.FrenchLeague1PointSystem_PointTotalTest, TP3classTest, Version=1.0.0.0, Culture=neutral, PublicKeyToken=null" name="FrenchLeague1PointSystem_PointTotalConstructorTest" />
    </UnitTest>
    <UnitTest name="InitialPointsTest" storage="d:\dev\dotnet\tp3 foot dotnet\tp3classtest\bin\debug\tp3classtest.dll" id="92818927-5a18-af3f-f6ee-f687d6ea2905">
      <Execution id="c1719ad5-bce0-4fcf-8132-ec63c705d1db" />
      <TestMethod codeBase="D:/Dev/Dotnet/TP3 Foot Dotnet/TP3classTest/bin/Debug/TP3classTest.DLL" adapterTypeName="Microsoft.VisualStudio.TestTools.TestTypes.Unit.UnitTestAdapter, Microsoft.VisualStudio.QualityTools.Tips.UnitTest.Adapter, Version=10.0.0.0, Culture=neutral, PublicKeyToken=b03f5f7f11d50a3a" className="TP3classTest.FrenchLeague1PointSystemTest, TP3classTest, Version=1.0.0.0, Culture=neutral, PublicKeyToken=null" name="InitialPointsTest" />
    </UnitTest>
    <UnitTest name="FrenchLeague1PointSystemConstructorTest" storage="d:\dev\dotnet\tp3 foot dotnet\tp3classtest\bin\debug\tp3classtest.dll" id="981f8f49-acaa-83c5-d280-7d86853fde62">
      <DeploymentItems>
        <DeploymentItem filename="ClassLib.dll" />
      </DeploymentItems>
      <Execution id="36ad4103-24fa-495c-b8d7-23a3556615b5" />
      <TestMethod codeBase="D:/Dev/Dotnet/TP3 Foot Dotnet/TP3classTest/bin/Debug/TP3classTest.DLL" adapterTypeName="Microsoft.VisualStudio.TestTools.TestTypes.Unit.UnitTestAdapter, Microsoft.VisualStudio.QualityTools.Tips.UnitTest.Adapter, Version=10.0.0.0, Culture=neutral, PublicKeyToken=b03f5f7f11d50a3a" className="TP3classTest.FrenchLeague1PointSystemTest, TP3classTest, Version=1.0.0.0, Culture=neutral, PublicKeyToken=null" name="FrenchLeague1PointSystemConstructorTest" />
    </UnitTest>
    <UnitTest name="IncrementTest" storage="d:\dev\dotnet\tp3 foot dotnet\tp3classtest\bin\debug\tp3classtest.dll" id="c4d5529e-aaf1-79be-eb52-57d60f631bf9">
      <DeploymentItems>
        <DeploymentItem filename="ClassLib.dll" />
      </DeploymentItems>
      <Execution id="314b268d-d2c9-4f97-848a-42457346adf7" />
      <TestMethod codeBase="D:/Dev/Dotnet/TP3 Foot Dotnet/TP3classTest/bin/Debug/TP3classTest.DLL" adapterTypeName="Microsoft.VisualStudio.TestTools.TestTypes.Unit.UnitTestAdapter, Microsoft.VisualStudio.QualityTools.Tips.UnitTest.Adapter, Version=10.0.0.0, Culture=neutral, PublicKeyToken=b03f5f7f11d50a3a" className="TP3classTest.FrenchLeague1PointSystem_PointTotalTest, TP3classTest, Version=1.0.0.0, Culture=neutral, PublicKeyToken=null" name="IncrementTest" />
    </UnitTest>
    <UnitTest name="ToStringTest" storage="d:\dev\dotnet\tp3 foot dotnet\tp3classtest\bin\debug\tp3classtest.dll" id="7b785e64-e8f0-3e8d-eda1-0ac7243fd269">
      <Execution id="9afa7b4a-6329-4ec2-96fb-10e66d1ae947" />
      <TestMethod codeBase="D:/Dev/Dotnet/TP3 Foot Dotnet/TP3classTest/bin/Debug/TP3classTest.DLL" adapterTypeName="Microsoft.VisualStudio.TestTools.TestTypes.Unit.UnitTestAdapter, Microsoft.VisualStudio.QualityTools.Tips.UnitTest.Adapter, Version=10.0.0.0, Culture=neutral, PublicKeyToken=b03f5f7f11d50a3a" className="TP3classTest.ClubTest, TP3classTest, Version=1.0.0.0, Culture=neutral, PublicKeyToken=null" name="ToStringTest" />
    </UnitTest>
    <UnitTest name="GetGoalsTestAway" storage="d:\dev\dotnet\tp3 foot dotnet\tp3classtest\bin\debug\tp3classtest.dll" id="963d8b99-20c3-775c-205c-749fdd0753ea">
      <Execution id="7174eacf-9f7c-4602-84aa-ea728d4618ee" />
      <TestMethod codeBase="D:/Dev/Dotnet/TP3 Foot Dotnet/TP3classTest/bin/Debug/TP3classTest.DLL" adapterTypeName="Microsoft.VisualStudio.TestTools.TestTypes.Unit.UnitTestAdapter, Microsoft.VisualStudio.QualityTools.Tips.UnitTest.Adapter, Version=10.0.0.0, Culture=neutral, PublicKeyToken=b03f5f7f11d50a3a" className="TP3classTest.MatchTest, TP3classTest, Version=1.0.0.0, Culture=neutral, PublicKeyToken=null" name="GetGoalsTestAway" />
    </UnitTest>
    <UnitTest name="CompareToTest1" storage="d:\dev\dotnet\tp3 foot dotnet\tp3classtest\bin\debug\tp3classtest.dll" id="e90a1e76-58f9-3155-8edb-f81e804ee109">
      <DeploymentItems>
        <DeploymentItem filename="ClassLib.dll" />
      </DeploymentItems>
      <Execution id="6de5a5d0-f9c4-4ba1-aa45-560239697962" />
      <TestMethod codeBase="D:/Dev/Dotnet/TP3 Foot Dotnet/TP3classTest/bin/Debug/TP3classTest.DLL" adapterTypeName="Microsoft.VisualStudio.TestTools.TestTypes.Unit.UnitTestAdapter, Microsoft.VisualStudio.QualityTools.Tips.UnitTest.Adapter, Version=10.0.0.0, Culture=neutral, PublicKeyToken=b03f5f7f11d50a3a" className="TP3classTest.FrenchLeague1PointSystem_PointTotalTest, TP3classTest, Version=1.0.0.0, Culture=neutral, PublicKeyToken=null" name="CompareToTest1" />
    </UnitTest>
    <UnitTest name="IsDrawTest" storage="d:\dev\dotnet\tp3 foot dotnet\tp3classtest\bin\debug\tp3classtest.dll" id="b4187efb-54ab-4acb-76b6-7fe8f1e427c4">
      <Execution id="ac486d90-1d99-463e-a54c-12dec026515c" />
      <TestMethod codeBase="D:/Dev/Dotnet/TP3 Foot Dotnet/TP3classTest/bin/Debug/TP3classTest.DLL" adapterTypeName="Microsoft.VisualStudio.TestTools.TestTypes.Unit.UnitTestAdapter, Microsoft.VisualStudio.QualityTools.Tips.UnitTest.Adapter, Version=10.0.0.0, Culture=neutral, PublicKeyToken=b03f5f7f11d50a3a" className="TP3classTest.MatchTest, TP3classTest, Version=1.0.0.0, Culture=neutral, PublicKeyToken=null" name="IsDrawTest" />
    </UnitTest>
    <UnitTest name="CompareToTest2" storage="d:\dev\dotnet\tp3 foot dotnet\tp3classtest\bin\debug\tp3classtest.dll" id="8f0c170b-4d49-74fa-46a5-164670d67999">
      <DeploymentItems>
        <DeploymentItem filename="ClassLib.dll" />
      </DeploymentItems>
      <Execution id="453742b2-1d5d-47ba-88bf-a4c3204a45c5" />
      <TestMethod codeBase="D:/Dev/Dotnet/TP3 Foot Dotnet/TP3classTest/bin/Debug/TP3classTest.DLL" adapterTypeName="Microsoft.VisualStudio.TestTools.TestTypes.Unit.UnitTestAdapter, Microsoft.VisualStudio.QualityTools.Tips.UnitTest.Adapter, Version=10.0.0.0, Culture=neutral, PublicKeyToken=b03f5f7f11d50a3a" className="TP3classTest.FrenchLeague1PointSystem_PointTotalTest, TP3classTest, Version=1.0.0.0, Culture=neutral, PublicKeyToken=null" name="CompareToTest2" />
    </UnitTest>
    <UnitTest name="InstanceTest" storage="d:\dev\dotnet\tp3 foot dotnet\tp3classtest\bin\debug\tp3classtest.dll" id="1140d319-ee8d-1ffd-6dcd-d1bcd0dc7465">
      <Execution id="4009d2a7-32fb-4a6b-baea-270f174c7bc0" />
      <TestMethod codeBase="D:/Dev/Dotnet/TP3 Foot Dotnet/TP3classTest/bin/Debug/TP3classTest.DLL" adapterTypeName="Microsoft.VisualStudio.TestTools.TestTypes.Unit.UnitTestAdapter, Microsoft.VisualStudio.QualityTools.Tips.UnitTest.Adapter, Version=10.0.0.0, Culture=neutral, PublicKeyToken=b03f5f7f11d50a3a" className="TP3classTest.FrenchLeague1PointSystemTest, TP3classTest, Version=1.0.0.0, Culture=neutral, PublicKeyToken=null" name="InstanceTest" />
    </UnitTest>
    <UnitTest name="ToStringTest" storage="d:\dev\dotnet\tp3 foot dotnet\tp3classtest\bin\debug\tp3classtest.dll" id="3ccce1cc-b482-1bf7-48e4-7806da95b7c4">
      <DeploymentItems>
        <DeploymentItem filename="ClassLib.dll" />
      </DeploymentItems>
      <Execution id="2cd96bb6-1122-4206-a0be-b1ba7c467a6f" />
      <TestMethod codeBase="D:/Dev/Dotnet/TP3 Foot Dotnet/TP3classTest/bin/Debug/TP3classTest.DLL" adapterTypeName="Microsoft.VisualStudio.TestTools.TestTypes.Unit.UnitTestAdapter, Microsoft.VisualStudio.QualityTools.Tips.UnitTest.Adapter, Version=10.0.0.0, Culture=neutral, PublicKeyToken=b03f5f7f11d50a3a" className="TP3classTest.FrenchLeague1PointSystem_PointTotalTest, TP3classTest, Version=1.0.0.0, Culture=neutral, PublicKeyToken=null" name="ToStringTest" />
    </UnitTest>
    <UnitTest name="HomeTest" storage="d:\dev\dotnet\tp3 foot dotnet\tp3classtest\bin\debug\tp3classtest.dll" id="de3e310c-7ff5-dd2c-38d7-83ff471389ae">
      <Execution id="c5e04bc8-1407-44cb-96ec-99d7f5baa746" />
      <TestMethod codeBase="D:/Dev/Dotnet/TP3 Foot Dotnet/TP3classTest/bin/Debug/TP3classTest.DLL" adapterTypeName="Microsoft.VisualStudio.TestTools.TestTypes.Unit.UnitTestAdapter, Microsoft.VisualStudio.QualityTools.Tips.UnitTest.Adapter, Version=10.0.0.0, Culture=neutral, PublicKeyToken=b03f5f7f11d50a3a" className="TP3classTest.MatchTest, TP3classTest, Version=1.0.0.0, Culture=neutral, PublicKeyToken=null" name="HomeTest" />
    </UnitTest>
    <UnitTest name="IsAwayForfeitTest" storage="d:\dev\dotnet\tp3 foot dotnet\tp3classtest\bin\debug\tp3classtest.dll" id="d26324f1-f74d-8a17-2cca-dfddd89cb7cf">
      <Execution id="446a6bba-1b2d-45ab-b417-e63e1a9d21e7" />
      <TestMethod codeBase="D:/Dev/Dotnet/TP3 Foot Dotnet/TP3classTest/bin/Debug/TP3classTest.DLL" adapterTypeName="Microsoft.VisualStudio.TestTools.TestTypes.Unit.UnitTestAdapter, Microsoft.VisualStudio.QualityTools.Tips.UnitTest.Adapter, Version=10.0.0.0, Culture=neutral, PublicKeyToken=b03f5f7f11d50a3a" className="TP3classTest.MatchTest, TP3classTest, Version=1.0.0.0, Culture=neutral, PublicKeyToken=null" name="IsAwayForfeitTest" />
    </UnitTest>
    <UnitTest name="FrenchLeague1PointSystem_PointTotalConstructorTest1" storage="d:\dev\dotnet\tp3 foot dotnet\tp3classtest\bin\debug\tp3classtest.dll" id="a1b0c4b8-f52e-849e-5dc1-5a3525665c48">
      <DeploymentItems>
        <DeploymentItem filename="ClassLib.dll" />
      </DeploymentItems>
      <Execution id="ae933c84-2ee8-419a-a525-6a5ae304ad00" />
      <TestMethod codeBase="D:/Dev/Dotnet/TP3 Foot Dotnet/TP3classTest/bin/Debug/TP3classTest.DLL" adapterTypeName="Microsoft.VisualStudio.TestTools.TestTypes.Unit.UnitTestAdapter, Microsoft.VisualStudio.QualityTools.Tips.UnitTest.Adapter, Version=10.0.0.0, Culture=neutral, PublicKeyToken=b03f5f7f11d50a3a" className="TP3classTest.FrenchLeague1PointSystem_PointTotalTest, TP3classTest, Version=1.0.0.0, Culture=neutral, PublicKeyToken=null" name="FrenchLeague1PointSystem_PointTotalConstructorTest1" />
    </UnitTest>
    <UnitTest name="IsHomeForfeitTest" storage="d:\dev\dotnet\tp3 foot dotnet\tp3classtest\bin\debug\tp3classtest.dll" id="6da07e9f-7c61-49ff-6d98-466c114e8fbe">
      <Execution id="746594e0-7bd4-433a-b9b8-6fb06aca7acc" />
      <TestMethod codeBase="D:/Dev/Dotnet/TP3 Foot Dotnet/TP3classTest/bin/Debug/TP3classTest.DLL" adapterTypeName="Microsoft.VisualStudio.TestTools.TestTypes.Unit.UnitTestAdapter, Microsoft.VisualStudio.QualityTools.Tips.UnitTest.Adapter, Version=10.0.0.0, Culture=neutral, PublicKeyToken=b03f5f7f11d50a3a" className="TP3classTest.MatchTest, TP3classTest, Version=1.0.0.0, Culture=neutral, PublicKeyToken=null" name="IsHomeForfeitTest" />
    </UnitTest>
  </TestDefinitions>
  <TestLists>
    <TestList name="Les résultats ne figurent pas dans une liste" id="8c84fa94-04c1-424b-9868-57a2d4851a1d" />
    <TestList name="Tous les résultats chargés" id="19431567-8539-422a-85d7-44ee4e166bda" />
  </TestLists>
  <TestEntries>
    <TestEntry testId="1140d319-ee8d-1ffd-6dcd-d1bcd0dc7465" executionId="4009d2a7-32fb-4a6b-baea-270f174c7bc0" testListId="8c84fa94-04c1-424b-9868-57a2d4851a1d" />
    <TestEntry testId="156fb3d3-45e2-ca32-b814-97757bca0ecc" executionId="fec91832-2cda-4062-9f53-16a763a78b54" testListId="8c84fa94-04c1-424b-9868-57a2d4851a1d" />
    <TestEntry testId="3ccce1cc-b482-1bf7-48e4-7806da95b7c4" executionId="2cd96bb6-1122-4206-a0be-b1ba7c467a6f" testListId="8c84fa94-04c1-424b-9868-57a2d4851a1d" />
    <TestEntry testId="49c41386-d9a6-f19d-c9bf-8a218deef5fd" executionId="c33166b0-0a09-4215-ad5b-9f767802aa1c" testListId="8c84fa94-04c1-424b-9868-57a2d4851a1d" />
    <TestEntry testId="4ac3140e-fbe5-6a30-6ad9-539372fc1464" executionId="8c22b815-8293-4323-9420-b0501ad8fe43" testListId="8c84fa94-04c1-424b-9868-57a2d4851a1d" />
    <TestEntry testId="4cc693e8-c589-b96f-8314-aafe93bbf0db" executionId="7acc1d73-c81b-4e9e-bf18-7f31cb6b24c2" testListId="8c84fa94-04c1-424b-9868-57a2d4851a1d" />
    <TestEntry testId="66449b77-e210-300e-ad2f-5d7338ae3674" executionId="38d237a3-bb65-467b-8544-64e8a580fd59" testListId="8c84fa94-04c1-424b-9868-57a2d4851a1d" />
    <TestEntry testId="6da07e9f-7c61-49ff-6d98-466c114e8fbe" executionId="746594e0-7bd4-433a-b9b8-6fb06aca7acc" testListId="8c84fa94-04c1-424b-9868-57a2d4851a1d" />
    <TestEntry testId="7b785e64-e8f0-3e8d-eda1-0ac7243fd269" executionId="9afa7b4a-6329-4ec2-96fb-10e66d1ae947" testListId="8c84fa94-04c1-424b-9868-57a2d4851a1d" />
    <TestEntry testId="8f0c170b-4d49-74fa-46a5-164670d67999" executionId="453742b2-1d5d-47ba-88bf-a4c3204a45c5" testListId="8c84fa94-04c1-424b-9868-57a2d4851a1d" />
    <TestEntry testId="92818927-5a18-af3f-f6ee-f687d6ea2905" executionId="c1719ad5-bce0-4fcf-8132-ec63c705d1db" testListId="8c84fa94-04c1-424b-9868-57a2d4851a1d" />
    <TestEntry testId="963d8b99-20c3-775c-205c-749fdd0753ea" executionId="7174eacf-9f7c-4602-84aa-ea728d4618ee" testListId="8c84fa94-04c1-424b-9868-57a2d4851a1d" />
    <TestEntry testId="981f8f49-acaa-83c5-d280-7d86853fde62" executionId="36ad4103-24fa-495c-b8d7-23a3556615b5" testListId="8c84fa94-04c1-424b-9868-57a2d4851a1d" />
    <TestEntry testId="a1b0c4b8-f52e-849e-5dc1-5a3525665c48" executionId="ae933c84-2ee8-419a-a525-6a5ae304ad00" testListId="8c84fa94-04c1-424b-9868-57a2d4851a1d" />
    <TestEntry testId="b4187efb-54ab-4acb-76b6-7fe8f1e427c4" executionId="ac486d90-1d99-463e-a54c-12dec026515c" testListId="8c84fa94-04c1-424b-9868-57a2d4851a1d" />
    <TestEntry testId="bc89cd7f-fd1b-bd4b-01f1-030e0a0e8d90" executionId="d51f654c-1ed2-4a42-bc44-d39fcafdb4d3" testListId="8c84fa94-04c1-424b-9868-57a2d4851a1d" />
    <TestEntry testId="c4d5529e-aaf1-79be-eb52-57d60f631bf9" executionId="314b268d-d2c9-4f97-848a-42457346adf7" testListId="8c84fa94-04c1-424b-9868-57a2d4851a1d" />
    <TestEntry testId="d107c4bc-5dcb-a405-d6ca-bf8831813094" executionId="8c952ab1-6874-405d-a9b6-ee97f467ec70" testListId="8c84fa94-04c1-424b-9868-57a2d4851a1d" />
    <TestEntry testId="d26324f1-f74d-8a17-2cca-dfddd89cb7cf" executionId="446a6bba-1b2d-45ab-b417-e63e1a9d21e7" testListId="8c84fa94-04c1-424b-9868-57a2d4851a1d" />
    <TestEntry testId="de3e310c-7ff5-dd2c-38d7-83ff471389ae" executionId="c5e04bc8-1407-44cb-96ec-99d7f5baa746" testListId="8c84fa94-04c1-424b-9868-57a2d4851a1d" />
    <TestEntry testId="e90a1e76-58f9-3155-8edb-f81e804ee109" executionId="6de5a5d0-f9c4-4ba1-aa45-560239697962" testListId="8c84fa94-04c1-424b-9868-57a2d4851a1d" />
    <TestEntry testId="f4e2bdc2-7ad5-a7fd-d80f-fa54d2eec1b9" executionId="b4f22234-c2dc-46ce-a319-7e1ac410c79f" testListId="8c84fa94-04c1-424b-9868-57a2d4851a1d" />
  </TestEntries>
  <Results>
    <UnitTestResult executionId="4009d2a7-32fb-4a6b-baea-270f174c7bc0" testId="1140d319-ee8d-1ffd-6dcd-d1bcd0dc7465" testName="InstanceTest" computerName="KEIMI-PC" duration="00:00:00.0160246" startTime="2013-03-11T17:56:40.4149982+01:00" endTime="2013-03-11T17:56:40.6380110+01:00" testType="13cdc9d9-ddb5-4fa4-a97d-d965ccfc6d4b" outcome="Inconclusive" testListId="8c84fa94-04c1-424b-9868-57a2d4851a1d" relativeResultsDirectory="4009d2a7-32fb-4a6b-baea-270f174c7bc0">
      <Output>
        <ErrorInfo>
          <Message>Assert.Inconclusive failed. Vérifiez l'exactitude de cette méthode de test.</Message>
          <StackTrace>   at TP3classTest.FrenchLeague1PointSystemTest.InstanceTest() in D:\Dev\Dotnet\TP3 Foot Dotnet\TP3classTest\FrenchLeague1PointSystemTest.cs:line 114
</StackTrace>
        </ErrorInfo>
      </Output>
    </UnitTestResult>
    <UnitTestResult executionId="fec91832-2cda-4062-9f53-16a763a78b54" testId="156fb3d3-45e2-ca32-b814-97757bca0ecc" testName="GetPointsFromMatchTest" computerName="KEIMI-PC" duration="00:00:00.0108697" startTime="2013-03-11T17:56:40.6390110+01:00" endTime="2013-03-11T17:56:40.6560120+01:00" testType="13cdc9d9-ddb5-4fa4-a97d-d965ccfc6d4b" outcome="Failed" testListId="8c84fa94-04c1-424b-9868-57a2d4851a1d" relativeResultsDirectory="fec91832-2cda-4062-9f53-16a763a78b54">
      <Output>
        <ErrorInfo>
          <Message>Assert.AreEqual failed. Expected:&lt;-1 (System.Int32)&gt;. Actual:&lt;ClassLib.FrenchLeague1PointSystem+PointTotal (ClassLib.FrenchLeague1PointSystem+PointTotal)&gt;. </Message>
          <StackTrace>   at TP3classTest.FrenchLeague1PointSystemTest.GetPointsFromMatchTest() in D:\Dev\Dotnet\TP3 Foot Dotnet\TP3classTest\FrenchLeague1PointSystemTest.cs:line 90
</StackTrace>
        </ErrorInfo>
      </Output>
    </UnitTestResult>
    <UnitTestResult executionId="2cd96bb6-1122-4206-a0be-b1ba7c467a6f" testId="3ccce1cc-b482-1bf7-48e4-7806da95b7c4" testName="ToStringTest" computerName="KEIMI-PC" duration="00:00:00.0065580" startTime="2013-03-11T17:56:40.6570121+01:00" endTime="2013-03-11T17:56:40.6690128+01:00" testType="13cdc9d9-ddb5-4fa4-a97d-d965ccfc6d4b" outcome="Failed" testListId="8c84fa94-04c1-424b-9868-57a2d4851a1d" relativeResultsDirectory="2cd96bb6-1122-4206-a0be-b1ba7c467a6f">
      <Output>
        <ErrorInfo>
          <Message>Assert.AreEqual failed. Expected:&lt;&gt;. Actual:&lt;ClassLib.FrenchLeague1PointSystem+PointTotal&gt;. </Message>
          <StackTrace>   at TP3classTest.FrenchLeague1PointSystem_PointTotalTest.ToStringTest() in D:\Dev\Dotnet\TP3 Foot Dotnet\TP3classTest\FrenchLeague1PointSystem_PointTotalTest.cs:line 209
</StackTrace>
        </ErrorInfo>
      </Output>
    </UnitTestResult>
    <UnitTestResult executionId="c33166b0-0a09-4215-ad5b-9f767802aa1c" testId="49c41386-d9a6-f19d-c9bf-8a218deef5fd" testName="GetGoalsTestAwayAndHome" computerName="KEIMI-PC" duration="00:00:00.0003818" startTime="2013-03-11T17:56:40.6700128+01:00" endTime="2013-03-11T17:56:40.6750131+01:00" testType="13cdc9d9-ddb5-4fa4-a97d-d965ccfc6d4b" outcome="Passed" testListId="8c84fa94-04c1-424b-9868-57a2d4851a1d" relativeResultsDirectory="c33166b0-0a09-4215-ad5b-9f767802aa1c">
    </UnitTestResult>
    <UnitTestResult executionId="8c22b815-8293-4323-9420-b0501ad8fe43" testId="4ac3140e-fbe5-6a30-6ad9-539372fc1464" testName="AwayTest" computerName="KEIMI-PC" duration="00:00:00.0004819" startTime="2013-03-11T17:56:40.6760132+01:00" endTime="2013-03-11T17:56:40.6820135+01:00" testType="13cdc9d9-ddb5-4fa4-a97d-d965ccfc6d4b" outcome="Passed" testListId="8c84fa94-04c1-424b-9868-57a2d4851a1d" relativeResultsDirectory="8c22b815-8293-4323-9420-b0501ad8fe43">
    </UnitTestResult>
    <UnitTestResult executionId="7acc1d73-c81b-4e9e-bf18-7f31cb6b24c2" testId="4cc693e8-c589-b96f-8314-aafe93bbf0db" testName="HomeGoalsTest" computerName="KEIMI-PC" duration="00:00:00.0003438" startTime="2013-03-11T17:56:40.6830136+01:00" endTime="2013-03-11T17:56:40.6880138+01:00" testType="13cdc9d9-ddb5-4fa4-a97d-d965ccfc6d4b" outcome="Passed" testListId="8c84fa94-04c1-424b-9868-57a2d4851a1d" relativeResultsDirectory="7acc1d73-c81b-4e9e-bf18-7f31cb6b24c2">
    </UnitTestResult>
    <UnitTestResult executionId="38d237a3-bb65-467b-8544-64e8a580fd59" testId="66449b77-e210-300e-ad2f-5d7338ae3674" testName="GetGoalsTestHome" computerName="KEIMI-PC" duration="00:00:00.0002095" startTime="2013-03-11T17:56:40.6900140+01:00" endTime="2013-03-11T17:56:40.6940142+01:00" testType="13cdc9d9-ddb5-4fa4-a97d-d965ccfc6d4b" outcome="Passed" testListId="8c84fa94-04c1-424b-9868-57a2d4851a1d" relativeResultsDirectory="38d237a3-bb65-467b-8544-64e8a580fd59">
    </UnitTestResult>
    <UnitTestResult executionId="746594e0-7bd4-433a-b9b8-6fb06aca7acc" testId="6da07e9f-7c61-49ff-6d98-466c114e8fbe" testName="IsHomeForfeitTest" computerName="KEIMI-PC" duration="00:00:00.0003716" startTime="2013-03-11T17:56:40.6960143+01:00" endTime="2013-03-11T17:56:40.7010146+01:00" testType="13cdc9d9-ddb5-4fa4-a97d-d965ccfc6d4b" outcome="Passed" testListId="8c84fa94-04c1-424b-9868-57a2d4851a1d" relativeResultsDirectory="746594e0-7bd4-433a-b9b8-6fb06aca7acc">
    </UnitTestResult>
    <UnitTestResult executionId="9afa7b4a-6329-4ec2-96fb-10e66d1ae947" testId="7b785e64-e8f0-3e8d-eda1-0ac7243fd269" testName="ToStringTest" computerName="KEIMI-PC" duration="00:00:00.0003057" startTime="2013-03-11T17:56:40.7020146+01:00" endTime="2013-03-11T17:56:40.7070149+01:00" testType="13cdc9d9-ddb5-4fa4-a97d-d965ccfc6d4b" outcome="Passed" testListId="8c84fa94-04c1-424b-9868-57a2d4851a1d" relativeResultsDirectory="9afa7b4a-6329-4ec2-96fb-10e66d1ae947">
    </UnitTestResult>
    <UnitTestResult executionId="453742b2-1d5d-47ba-88bf-a4c3204a45c5" testId="8f0c170b-4d49-74fa-46a5-164670d67999" testName="CompareToTest2" computerName="KEIMI-PC" duration="00:00:00.0004224" startTime="2013-03-11T17:56:40.7090150+01:00" endTime="2013-03-11T17:56:40.7140153+01:00" testType="13cdc9d9-ddb5-4fa4-a97d-d965ccfc6d4b" outcome="Passed" testListId="8c84fa94-04c1-424b-9868-57a2d4851a1d" relativeResultsDirectory="453742b2-1d5d-47ba-88bf-a4c3204a45c5">
    </UnitTestResult>
    <UnitTestResult executionId="c1719ad5-bce0-4fcf-8132-ec63c705d1db" testId="92818927-5a18-af3f-f6ee-f687d6ea2905" testName="InitialPointsTest" computerName="KEIMI-PC" duration="00:00:00.0014483" startTime="2013-03-11T17:56:40.7160154+01:00" endTime="2013-03-11T17:56:40.7210157+01:00" testType="13cdc9d9-ddb5-4fa4-a97d-d965ccfc6d4b" outcome="Inconclusive" testListId="8c84fa94-04c1-424b-9868-57a2d4851a1d" relativeResultsDirectory="c1719ad5-bce0-4fcf-8132-ec63c705d1db">
      <Output>
        <ErrorInfo>
          <Message>Assert.Inconclusive failed. Vérifiez l'exactitude de cette méthode de test.</Message>
          <StackTrace>   at TP3classTest.FrenchLeague1PointSystemTest.InitialPointsTest() in D:\Dev\Dotnet\TP3 Foot Dotnet\TP3classTest\FrenchLeague1PointSystemTest.cs:line 103
</StackTrace>
        </ErrorInfo>
      </Output>
    </UnitTestResult>
    <UnitTestResult executionId="7174eacf-9f7c-4602-84aa-ea728d4618ee" testId="963d8b99-20c3-775c-205c-749fdd0753ea" testName="GetGoalsTestAway" computerName="KEIMI-PC" duration="00:00:00.0003023" startTime="2013-03-11T17:56:40.7220158+01:00" endTime="2013-03-11T17:56:40.7280161+01:00" testType="13cdc9d9-ddb5-4fa4-a97d-d965ccfc6d4b" outcome="Passed" testListId="8c84fa94-04c1-424b-9868-57a2d4851a1d" relativeResultsDirectory="7174eacf-9f7c-4602-84aa-ea728d4618ee">
    </UnitTestResult>
    <UnitTestResult executionId="36ad4103-24fa-495c-b8d7-23a3556615b5" testId="981f8f49-acaa-83c5-d280-7d86853fde62" testName="FrenchLeague1PointSystemConstructorTest" computerName="KEIMI-PC" duration="00:00:00.0009005" startTime="2013-03-11T17:56:40.7300162+01:00" endTime="2013-03-11T17:56:40.7360166+01:00" testType="13cdc9d9-ddb5-4fa4-a97d-d965ccfc6d4b" outcome="Inconclusive" testListId="8c84fa94-04c1-424b-9868-57a2d4851a1d" relativeResultsDirectory="36ad4103-24fa-495c-b8d7-23a3556615b5">
      <Output>
        <ErrorInfo>
          <Message>Assert.Inconclusive failed. TODO: implémentez le code pour vérifier la cible</Message>
          <StackTrace>   at TP3classTest.FrenchLeague1PointSystemTest.FrenchLeague1PointSystemConstructorTest() in D:\Dev\Dotnet\TP3 Foot Dotnet\TP3classTest\FrenchLeague1PointSystemTest.cs:line 75
</StackTrace>
        </ErrorInfo>
      </Output>
    </UnitTestResult>
    <UnitTestResult executionId="ae933c84-2ee8-419a-a525-6a5ae304ad00" testId="a1b0c4b8-f52e-849e-5dc1-5a3525665c48" testName="FrenchLeague1PointSystem_PointTotalConstructorTest1" computerName="KEIMI-PC" duration="00:00:00.0102518" startTime="2013-03-11T17:56:40.7400168+01:00" endTime="2013-03-11T17:56:40.7560177+01:00" testType="13cdc9d9-ddb5-4fa4-a97d-d965ccfc6d4b" outcome="Failed" testListId="8c84fa94-04c1-424b-9868-57a2d4851a1d" relativeResultsDirectory="ae933c84-2ee8-419a-a525-6a5ae304ad00">
      <Output>
        <ErrorInfo>
          <Message>Test method TP3classTest.FrenchLeague1PointSystem_PointTotalTest.FrenchLeague1PointSystem_PointTotalConstructorTest1 threw exception: 
System.NullReferenceException: Object reference not set to an instance of an object.</Message>
          <StackTrace>   at ClassLib.FrenchLeague1PointSystem_Accessor.PointTotal..ctor(Match m, Boolean home)
   at TP3classTest.FrenchLeague1PointSystem_PointTotalTest.FrenchLeague1PointSystem_PointTotalConstructorTest1() in D:\Dev\Dotnet\TP3 Foot Dotnet\TP3classTest\FrenchLeague1PointSystem_PointTotalTest.cs:line 87
</StackTrace>
        </ErrorInfo>
      </Output>
    </UnitTestResult>
    <UnitTestResult executionId="ac486d90-1d99-463e-a54c-12dec026515c" testId="b4187efb-54ab-4acb-76b6-7fe8f1e427c4" testName="IsDrawTest" computerName="KEIMI-PC" duration="00:00:00.0002847" startTime="2013-03-11T17:56:40.7580178+01:00" endTime="2013-03-11T17:56:40.7620181+01:00" testType="13cdc9d9-ddb5-4fa4-a97d-d965ccfc6d4b" outcome="Passed" testListId="8c84fa94-04c1-424b-9868-57a2d4851a1d" relativeResultsDirectory="ac486d90-1d99-463e-a54c-12dec026515c">
    </UnitTestResult>
    <UnitTestResult executionId="d51f654c-1ed2-4a42-bc44-d39fcafdb4d3" testId="bc89cd7f-fd1b-bd4b-01f1-030e0a0e8d90" testName="FrenchLeague1PointSystem_PointTotalConstructorTest" computerName="KEIMI-PC" duration="00:00:00.0007940" startTime="2013-03-11T17:56:40.7630181+01:00" endTime="2013-03-11T17:56:40.7690185+01:00" testType="13cdc9d9-ddb5-4fa4-a97d-d965ccfc6d4b" outcome="Inconclusive" testListId="8c84fa94-04c1-424b-9868-57a2d4851a1d" relativeResultsDirectory="d51f654c-1ed2-4a42-bc44-d39fcafdb4d3">
      <Output>
        <ErrorInfo>
          <Message>Assert.Inconclusive failed. TODO: implémentez le code pour vérifier la cible</Message>
          <StackTrace>   at TP3classTest.FrenchLeague1PointSystem_PointTotalTest.FrenchLeague1PointSystem_PointTotalConstructorTest() in D:\Dev\Dotnet\TP3 Foot Dotnet\TP3classTest\FrenchLeague1PointSystem_PointTotalTest.cs:line 75
</StackTrace>
        </ErrorInfo>
      </Output>
    </UnitTestResult>
    <UnitTestResult executionId="314b268d-d2c9-4f97-848a-42457346adf7" testId="c4d5529e-aaf1-79be-eb52-57d60f631bf9" testName="IncrementTest" computerName="KEIMI-PC" duration="00:00:00.0018592" startTime="2013-03-11T17:56:40.7710186+01:00" endTime="2013-03-11T17:56:40.7780190+01:00" testType="13cdc9d9-ddb5-4fa4-a97d-d965ccfc6d4b" outcome="Failed" testListId="8c84fa94-04c1-424b-9868-57a2d4851a1d" relativeResultsDirectory="314b268d-d2c9-4f97-848a-42457346adf7">
      <Output>
        <ErrorInfo>
          <Message>Assert.AreEqual failed. Expected:&lt;1&gt;. Actual:&lt;2&gt;. </Message>
          <StackTrace>   at TP3classTest.FrenchLeague1PointSystem_PointTotalTest.IncrementTest() in D:\Dev\Dotnet\TP3 Foot Dotnet\TP3classTest\FrenchLeague1PointSystem_PointTotalTest.cs:line 190
</StackTrace>
        </ErrorInfo>
      </Output>
    </UnitTestResult>
    <UnitTestResult executionId="8c952ab1-6874-405d-a9b6-ee97f467ec70" testId="d107c4bc-5dcb-a405-d6ca-bf8831813094" testName="AwayGoalsTest" computerName="KEIMI-PC" duration="00:00:00.0004053" startTime="2013-03-11T17:56:40.7800191+01:00" endTime="2013-03-11T17:56:40.7970201+01:00" testType="13cdc9d9-ddb5-4fa4-a97d-d965ccfc6d4b" outcome="Passed" testListId="8c84fa94-04c1-424b-9868-57a2d4851a1d" relativeResultsDirectory="8c952ab1-6874-405d-a9b6-ee97f467ec70">
    </UnitTestResult>
    <UnitTestResult executionId="446a6bba-1b2d-45ab-b417-e63e1a9d21e7" testId="d26324f1-f74d-8a17-2cca-dfddd89cb7cf" testName="IsAwayForfeitTest" computerName="KEIMI-PC" duration="00:00:00.0003095" startTime="2013-03-11T17:56:40.7980201+01:00" endTime="2013-03-11T17:56:40.8030204+01:00" testType="13cdc9d9-ddb5-4fa4-a97d-d965ccfc6d4b" outcome="Passed" testListId="8c84fa94-04c1-424b-9868-57a2d4851a1d" relativeResultsDirectory="446a6bba-1b2d-45ab-b417-e63e1a9d21e7">
    </UnitTestResult>
    <UnitTestResult executionId="c5e04bc8-1407-44cb-96ec-99d7f5baa746" testId="de3e310c-7ff5-dd2c-38d7-83ff471389ae" testName="HomeTest" computerName="KEIMI-PC" duration="00:00:00.0003036" startTime="2013-03-11T17:56:40.8040205+01:00" endTime="2013-03-11T17:56:40.8090208+01:00" testType="13cdc9d9-ddb5-4fa4-a97d-d965ccfc6d4b" outcome="Passed" testListId="8c84fa94-04c1-424b-9868-57a2d4851a1d" relativeResultsDirectory="c5e04bc8-1407-44cb-96ec-99d7f5baa746">
    </UnitTestResult>
    <UnitTestResult executionId="6de5a5d0-f9c4-4ba1-aa45-560239697962" testId="e90a1e76-58f9-3155-8edb-f81e804ee109" testName="CompareToTest1" computerName="KEIMI-PC" duration="00:00:00.0015428" startTime="2013-03-11T17:56:40.8320221+01:00" endTime="2013-03-11T17:56:40.8380224+01:00" testType="13cdc9d9-ddb5-4fa4-a97d-d965ccfc6d4b" outcome="Failed" testListId="8c84fa94-04c1-424b-9868-57a2d4851a1d" relativeResultsDirectory="6de5a5d0-f9c4-4ba1-aa45-560239697962">
      <Output>
        <ErrorInfo>
          <Message>Assert.AreEqual failed. Expected:&lt;3&gt;. Actual:&lt;1&gt;. </Message>
          <StackTrace>   at TP3classTest.FrenchLeague1PointSystem_PointTotalTest.CompareToTest1() in D:\Dev\Dotnet\TP3 Foot Dotnet\TP3classTest\FrenchLeague1PointSystem_PointTotalTest.cs:line 109
</StackTrace>
        </ErrorInfo>
      </Output>
    </UnitTestResult>
    <UnitTestResult executionId="b4f22234-c2dc-46ce-a319-7e1ac410c79f" testId="f4e2bdc2-7ad5-a7fd-d80f-fa54d2eec1b9" testName="CompareToTest3" computerName="KEIMI-PC" duration="00:00:00.0021376" startTime="2013-03-11T17:56:40.8400225+01:00" endTime="2013-03-11T17:56:40.8470229+01:00" testType="13cdc9d9-ddb5-4fa4-a97d-d965ccfc6d4b" outcome="Failed" testListId="8c84fa94-04c1-424b-9868-57a2d4851a1d" relativeResultsDirectory="b4f22234-c2dc-46ce-a319-7e1ac410c79f">
      <Output>
        <ErrorInfo>
          <Message>Assert.AreEqual failed. Expected:&lt;2&gt;. Actual:&lt;1&gt;. </Message>
          <StackTrace>   at TP3classTest.FrenchLeague1PointSystem_PointTotalTest.CompareToTest3() in D:\Dev\Dotnet\TP3 Foot Dotnet\TP3classTest\FrenchLeague1PointSystem_PointTotalTest.cs:line 154
</StackTrace>
        </ErrorInfo>
      </Output>
    </UnitTestResult>
  </Results>
</TestRun>