<?xml version="1.0" encoding="UTF-8"?>
<TestRun id="6bb3c156-a042-470f-ab12-d76534f1b02a" name="Keimi@KEIMI-PC 2013-02-27 18:45:54" runUser="Keimi-PC\Keimi" xmlns="http://microsoft.com/schemas/VisualStudio/TeamTest/2010">
  <TestSettings name="Local" id="8cdc5f29-431d-4b7e-bb6b-06a80901297c">
    <Description>Il s'agit des paramètres de test par défaut pour une série de tests locale.</Description>
    <Deployment enabled="false" runDeploymentRoot="Keimi_KEIMI-PC 2013-02-27 18_45_54">
      <DeploymentItem filename="D:\Dev\Dotnet\TP3 Dotnet\TP3 Dotnet\ClassLib\bin\Debug\ClassLib.dll" />
    </Deployment>
    <Execution>
      <TestTypeSpecific />
      <AgentRule name="Execution Agents">
      </AgentRule>
    </Execution>
  </TestSettings>
  <Times creation="2013-02-27T18:45:54.7340379+01:00" queuing="2013-02-27T18:45:54.7440385+01:00" start="2013-02-27T18:45:54.7580393+01:00" finish="2013-02-27T18:45:55.0450557+01:00" />
  <ResultSummary outcome="Failed">
    <Counters total="8" executed="8" passed="5" error="0" failed="3" timeout="0" aborted="0" inconclusive="0" passedButRunAborted="0" notRunnable="0" notExecuted="0" disconnected="0" warning="0" completed="0" inProgress="0" pending="0" />
  </ResultSummary>
  <TestDefinitions>
    <UnitTest name="IsHomeForfeitTest" storage="d:\dev\dotnet\tp3 dotnet\tp3 dotnet\tp3classtest\bin\debug\tp3classtest.dll" id="6da07e9f-7c61-49ff-6d98-466c114e8fbe">
      <Execution id="dea13684-0ce4-4a3b-9396-86ef84780d84" />
      <TestMethod codeBase="D:/Dev/Dotnet/TP3 Dotnet/TP3 Dotnet/TP3classTest/bin/Debug/TP3classTest.DLL" adapterTypeName="Microsoft.VisualStudio.TestTools.TestTypes.Unit.UnitTestAdapter, Microsoft.VisualStudio.QualityTools.Tips.UnitTest.Adapter, Version=10.0.0.0, Culture=neutral, PublicKeyToken=b03f5f7f11d50a3a" className="TP3classTest.MatchTest, TP3classTest, Version=1.0.0.0, Culture=neutral, PublicKeyToken=null" name="IsHomeForfeitTest" />
    </UnitTest>
    <UnitTest name="AwayTest" storage="d:\dev\dotnet\tp3 dotnet\tp3 dotnet\tp3classtest\bin\debug\tp3classtest.dll" id="4ac3140e-fbe5-6a30-6ad9-539372fc1464">
      <Execution id="db5a07ae-1316-4b7c-b7d9-ff0f32499d79" />
      <TestMethod codeBase="D:/Dev/Dotnet/TP3 Dotnet/TP3 Dotnet/TP3classTest/bin/Debug/TP3classTest.DLL" adapterTypeName="Microsoft.VisualStudio.TestTools.TestTypes.Unit.UnitTestAdapter, Microsoft.VisualStudio.QualityTools.Tips.UnitTest.Adapter, Version=10.0.0.0, Culture=neutral, PublicKeyToken=b03f5f7f11d50a3a" className="TP3classTest.MatchTest, TP3classTest, Version=1.0.0.0, Culture=neutral, PublicKeyToken=null" name="AwayTest" />
    </UnitTest>
    <UnitTest name="ToStringTest" storage="d:\dev\dotnet\tp3 dotnet\tp3 dotnet\tp3classtest\bin\debug\tp3classtest.dll" id="7b785e64-e8f0-3e8d-eda1-0ac7243fd269">
      <Execution id="62e7b7dd-b856-434d-897d-9d4b509f0391" />
      <TestMethod codeBase="D:/Dev/Dotnet/TP3 Dotnet/TP3 Dotnet/TP3classTest/bin/Debug/TP3classTest.DLL" adapterTypeName="Microsoft.VisualStudio.TestTools.TestTypes.Unit.UnitTestAdapter, Microsoft.VisualStudio.QualityTools.Tips.UnitTest.Adapter, Version=10.0.0.0, Culture=neutral, PublicKeyToken=b03f5f7f11d50a3a" className="TP3classTest.ClubTest, TP3classTest, Version=1.0.0.0, Culture=neutral, PublicKeyToken=null" name="ToStringTest" />
    </UnitTest>
    <UnitTest name="HomeGoalsTest" storage="d:\dev\dotnet\tp3 dotnet\tp3 dotnet\tp3classtest\bin\debug\tp3classtest.dll" id="4cc693e8-c589-b96f-8314-aafe93bbf0db">
      <Execution id="c5170c98-3804-4de4-9db2-e6445ae244cc" />
      <TestMethod codeBase="D:/Dev/Dotnet/TP3 Dotnet/TP3 Dotnet/TP3classTest/bin/Debug/TP3classTest.DLL" adapterTypeName="Microsoft.VisualStudio.TestTools.TestTypes.Unit.UnitTestAdapter, Microsoft.VisualStudio.QualityTools.Tips.UnitTest.Adapter, Version=10.0.0.0, Culture=neutral, PublicKeyToken=b03f5f7f11d50a3a" className="TP3classTest.MatchTest, TP3classTest, Version=1.0.0.0, Culture=neutral, PublicKeyToken=null" name="HomeGoalsTest" />
    </UnitTest>
    <UnitTest name="IsAwayForfeitTest" storage="d:\dev\dotnet\tp3 dotnet\tp3 dotnet\tp3classtest\bin\debug\tp3classtest.dll" id="d26324f1-f74d-8a17-2cca-dfddd89cb7cf">
      <Execution id="9d54af13-cb88-4b2d-afc9-26737095fa8e" />
      <TestMethod codeBase="D:/Dev/Dotnet/TP3 Dotnet/TP3 Dotnet/TP3classTest/bin/Debug/TP3classTest.DLL" adapterTypeName="Microsoft.VisualStudio.TestTools.TestTypes.Unit.UnitTestAdapter, Microsoft.VisualStudio.QualityTools.Tips.UnitTest.Adapter, Version=10.0.0.0, Culture=neutral, PublicKeyToken=b03f5f7f11d50a3a" className="TP3classTest.MatchTest, TP3classTest, Version=1.0.0.0, Culture=neutral, PublicKeyToken=null" name="IsAwayForfeitTest" />
    </UnitTest>
    <UnitTest name="AwayGoalsTest" storage="d:\dev\dotnet\tp3 dotnet\tp3 dotnet\tp3classtest\bin\debug\tp3classtest.dll" id="d107c4bc-5dcb-a405-d6ca-bf8831813094">
      <Execution id="30e61485-00f2-495c-8c06-18e6064935d6" />
      <TestMethod codeBase="D:/Dev/Dotnet/TP3 Dotnet/TP3 Dotnet/TP3classTest/bin/Debug/TP3classTest.DLL" adapterTypeName="Microsoft.VisualStudio.TestTools.TestTypes.Unit.UnitTestAdapter, Microsoft.VisualStudio.QualityTools.Tips.UnitTest.Adapter, Version=10.0.0.0, Culture=neutral, PublicKeyToken=b03f5f7f11d50a3a" className="TP3classTest.MatchTest, TP3classTest, Version=1.0.0.0, Culture=neutral, PublicKeyToken=null" name="AwayGoalsTest" />
    </UnitTest>
    <UnitTest name="IsDrawTest" storage="d:\dev\dotnet\tp3 dotnet\tp3 dotnet\tp3classtest\bin\debug\tp3classtest.dll" id="b4187efb-54ab-4acb-76b6-7fe8f1e427c4">
      <Execution id="26a313e7-fee7-444d-96d0-ec5f41fae17d" />
      <TestMethod codeBase="D:/Dev/Dotnet/TP3 Dotnet/TP3 Dotnet/TP3classTest/bin/Debug/TP3classTest.DLL" adapterTypeName="Microsoft.VisualStudio.TestTools.TestTypes.Unit.UnitTestAdapter, Microsoft.VisualStudio.QualityTools.Tips.UnitTest.Adapter, Version=10.0.0.0, Culture=neutral, PublicKeyToken=b03f5f7f11d50a3a" className="TP3classTest.MatchTest, TP3classTest, Version=1.0.0.0, Culture=neutral, PublicKeyToken=null" name="IsDrawTest" />
    </UnitTest>
    <UnitTest name="HomeTest" storage="d:\dev\dotnet\tp3 dotnet\tp3 dotnet\tp3classtest\bin\debug\tp3classtest.dll" id="de3e310c-7ff5-dd2c-38d7-83ff471389ae">
      <Execution id="265e48da-953b-42b6-afb6-34947cf5c795" />
      <TestMethod codeBase="D:/Dev/Dotnet/TP3 Dotnet/TP3 Dotnet/TP3classTest/bin/Debug/TP3classTest.DLL" adapterTypeName="Microsoft.VisualStudio.TestTools.TestTypes.Unit.UnitTestAdapter, Microsoft.VisualStudio.QualityTools.Tips.UnitTest.Adapter, Version=10.0.0.0, Culture=neutral, PublicKeyToken=b03f5f7f11d50a3a" className="TP3classTest.MatchTest, TP3classTest, Version=1.0.0.0, Culture=neutral, PublicKeyToken=null" name="HomeTest" />
    </UnitTest>
  </TestDefinitions>
  <TestLists>
    <TestList name="Les résultats ne figurent pas dans une liste" id="8c84fa94-04c1-424b-9868-57a2d4851a1d" />
    <TestList name="Tous les résultats chargés" id="19431567-8539-422a-85d7-44ee4e166bda" />
  </TestLists>
  <TestEntries>
    <TestEntry testId="4ac3140e-fbe5-6a30-6ad9-539372fc1464" executionId="db5a07ae-1316-4b7c-b7d9-ff0f32499d79" testListId="8c84fa94-04c1-424b-9868-57a2d4851a1d" />
    <TestEntry testId="4cc693e8-c589-b96f-8314-aafe93bbf0db" executionId="c5170c98-3804-4de4-9db2-e6445ae244cc" testListId="8c84fa94-04c1-424b-9868-57a2d4851a1d" />
    <TestEntry testId="6da07e9f-7c61-49ff-6d98-466c114e8fbe" executionId="dea13684-0ce4-4a3b-9396-86ef84780d84" testListId="8c84fa94-04c1-424b-9868-57a2d4851a1d" />
    <TestEntry testId="7b785e64-e8f0-3e8d-eda1-0ac7243fd269" executionId="62e7b7dd-b856-434d-897d-9d4b509f0391" testListId="8c84fa94-04c1-424b-9868-57a2d4851a1d" />
    <TestEntry testId="b4187efb-54ab-4acb-76b6-7fe8f1e427c4" executionId="26a313e7-fee7-444d-96d0-ec5f41fae17d" testListId="8c84fa94-04c1-424b-9868-57a2d4851a1d" />
    <TestEntry testId="d107c4bc-5dcb-a405-d6ca-bf8831813094" executionId="30e61485-00f2-495c-8c06-18e6064935d6" testListId="8c84fa94-04c1-424b-9868-57a2d4851a1d" />
    <TestEntry testId="d26324f1-f74d-8a17-2cca-dfddd89cb7cf" executionId="9d54af13-cb88-4b2d-afc9-26737095fa8e" testListId="8c84fa94-04c1-424b-9868-57a2d4851a1d" />
    <TestEntry testId="de3e310c-7ff5-dd2c-38d7-83ff471389ae" executionId="265e48da-953b-42b6-afb6-34947cf5c795" testListId="8c84fa94-04c1-424b-9868-57a2d4851a1d" />
  </TestEntries>
  <Results>
    <UnitTestResult executionId="db5a07ae-1316-4b7c-b7d9-ff0f32499d79" testId="4ac3140e-fbe5-6a30-6ad9-539372fc1464" testName="AwayTest" computerName="KEIMI-PC" duration="00:00:00.0136553" startTime="2013-02-27T18:45:54.7610395+01:00" endTime="2013-02-27T18:45:54.9650511+01:00" testType="13cdc9d9-ddb5-4fa4-a97d-d965ccfc6d4b" outcome="Passed" testListId="8c84fa94-04c1-424b-9868-57a2d4851a1d" relativeResultsDirectory="db5a07ae-1316-4b7c-b7d9-ff0f32499d79">
    </UnitTestResult>
    <UnitTestResult executionId="c5170c98-3804-4de4-9db2-e6445ae244cc" testId="4cc693e8-c589-b96f-8314-aafe93bbf0db" testName="HomeGoalsTest" computerName="KEIMI-PC" duration="00:00:00.0004511" startTime="2013-02-27T18:45:54.9670512+01:00" endTime="2013-02-27T18:45:54.9740516+01:00" testType="13cdc9d9-ddb5-4fa4-a97d-d965ccfc6d4b" outcome="Passed" testListId="8c84fa94-04c1-424b-9868-57a2d4851a1d" relativeResultsDirectory="c5170c98-3804-4de4-9db2-e6445ae244cc">
    </UnitTestResult>
    <UnitTestResult executionId="dea13684-0ce4-4a3b-9396-86ef84780d84" testId="6da07e9f-7c61-49ff-6d98-466c114e8fbe" testName="IsHomeForfeitTest" computerName="KEIMI-PC" duration="00:00:00.0174389" startTime="2013-02-27T18:45:54.9750517+01:00" endTime="2013-02-27T18:45:54.9960529+01:00" testType="13cdc9d9-ddb5-4fa4-a97d-d965ccfc6d4b" outcome="Failed" testListId="8c84fa94-04c1-424b-9868-57a2d4851a1d" relativeResultsDirectory="dea13684-0ce4-4a3b-9396-86ef84780d84">
      <Output>
        <ErrorInfo>
          <Message>Test method TP3classTest.MatchTest.IsHomeForfeitTest threw exception: 
System.NotImplementedException: The method or operation is not implemented.</Message>
          <StackTrace>    at ClassLib.Match.get_IsHomeForfeit() in D:\Dev\Dotnet\TP3 Dotnet\TP3 Dotnet\ClassLib\Match.cs:line 74
   at TP3classTest.MatchTest.IsHomeForfeitTest() in D:\Dev\Dotnet\TP3 Dotnet\TP3 Dotnet\TP3classTest\MatchTest.cs:line 143
</StackTrace>
        </ErrorInfo>
      </Output>
    </UnitTestResult>
    <UnitTestResult executionId="62e7b7dd-b856-434d-897d-9d4b509f0391" testId="7b785e64-e8f0-3e8d-eda1-0ac7243fd269" testName="ToStringTest" computerName="KEIMI-PC" duration="00:00:00.0003254" startTime="2013-02-27T18:45:54.9980530+01:00" endTime="2013-02-27T18:45:55.0030533+01:00" testType="13cdc9d9-ddb5-4fa4-a97d-d965ccfc6d4b" outcome="Passed" testListId="8c84fa94-04c1-424b-9868-57a2d4851a1d" relativeResultsDirectory="62e7b7dd-b856-434d-897d-9d4b509f0391">
    </UnitTestResult>
    <UnitTestResult executionId="26a313e7-fee7-444d-96d0-ec5f41fae17d" testId="b4187efb-54ab-4acb-76b6-7fe8f1e427c4" testName="IsDrawTest" computerName="KEIMI-PC" duration="00:00:00.0022608" startTime="2013-02-27T18:45:55.0040534+01:00" endTime="2013-02-27T18:45:55.0110538+01:00" testType="13cdc9d9-ddb5-4fa4-a97d-d965ccfc6d4b" outcome="Failed" testListId="8c84fa94-04c1-424b-9868-57a2d4851a1d" relativeResultsDirectory="26a313e7-fee7-444d-96d0-ec5f41fae17d">
      <Output>
        <ErrorInfo>
          <Message>Test method TP3classTest.MatchTest.IsDrawTest threw exception: 
System.NotImplementedException: The method or operation is not implemented.</Message>
          <StackTrace>    at ClassLib.Match.get_IsDraw() in D:\Dev\Dotnet\TP3 Dotnet\TP3 Dotnet\ClassLib\Match.cs:line 70
   at TP3classTest.MatchTest.IsDrawTest() in D:\Dev\Dotnet\TP3 Dotnet\TP3 Dotnet\TP3classTest\MatchTest.cs:line 131
</StackTrace>
        </ErrorInfo>
      </Output>
    </UnitTestResult>
    <UnitTestResult executionId="30e61485-00f2-495c-8c06-18e6064935d6" testId="d107c4bc-5dcb-a405-d6ca-bf8831813094" testName="AwayGoalsTest" computerName="KEIMI-PC" duration="00:00:00.0003373" startTime="2013-02-27T18:45:55.0120538+01:00" endTime="2013-02-27T18:45:55.0160540+01:00" testType="13cdc9d9-ddb5-4fa4-a97d-d965ccfc6d4b" outcome="Passed" testListId="8c84fa94-04c1-424b-9868-57a2d4851a1d" relativeResultsDirectory="30e61485-00f2-495c-8c06-18e6064935d6">
    </UnitTestResult>
    <UnitTestResult executionId="9d54af13-cb88-4b2d-afc9-26737095fa8e" testId="d26324f1-f74d-8a17-2cca-dfddd89cb7cf" testName="IsAwayForfeitTest" computerName="KEIMI-PC" duration="00:00:00.0014774" startTime="2013-02-27T18:45:55.0180542+01:00" endTime="2013-02-27T18:45:55.0240545+01:00" testType="13cdc9d9-ddb5-4fa4-a97d-d965ccfc6d4b" outcome="Failed" testListId="8c84fa94-04c1-424b-9868-57a2d4851a1d" relativeResultsDirectory="9d54af13-cb88-4b2d-afc9-26737095fa8e">
      <Output>
        <ErrorInfo>
          <Message>Test method TP3classTest.MatchTest.IsAwayForfeitTest threw exception: 
System.NotImplementedException: The method or operation is not implemented.</Message>
          <StackTrace>    at ClassLib.Match.get_IsAwayForfeit() in D:\Dev\Dotnet\TP3 Dotnet\TP3 Dotnet\ClassLib\Match.cs:line 66
   at TP3classTest.MatchTest.IsAwayForfeitTest() in D:\Dev\Dotnet\TP3 Dotnet\TP3 Dotnet\TP3classTest\MatchTest.cs:line 119
</StackTrace>
        </ErrorInfo>
      </Output>
    </UnitTestResult>
    <UnitTestResult executionId="265e48da-953b-42b6-afb6-34947cf5c795" testId="de3e310c-7ff5-dd2c-38d7-83ff471389ae" testName="HomeTest" computerName="KEIMI-PC" duration="00:00:00.0004357" startTime="2013-02-27T18:45:55.0260546+01:00" endTime="2013-02-27T18:45:55.0320550+01:00" testType="13cdc9d9-ddb5-4fa4-a97d-d965ccfc6d4b" outcome="Passed" testListId="8c84fa94-04c1-424b-9868-57a2d4851a1d" relativeResultsDirectory="265e48da-953b-42b6-afb6-34947cf5c795">
    </UnitTestResult>
  </Results>
</TestRun>