<?xml version="1.0" encoding="UTF-8"?>
<TestRun id="371cbc4f-923e-4190-999e-e1b845202f48" name="Keimi@KEIMI-PC 2013-03-11 17:25:30" runUser="Keimi-PC\Keimi" xmlns="http://microsoft.com/schemas/VisualStudio/TeamTest/2010">
  <TestSettings name="Local" id="8cdc5f29-431d-4b7e-bb6b-06a80901297c">
    <Description>Il s'agit des paramètres de test par défaut pour une série de tests locale.</Description>
    <Deployment enabled="false" runDeploymentRoot="Keimi_KEIMI-PC 2013-03-11 17_25_30">
      <DeploymentItem filename="D:\Dev\Dotnet\TP3 Foot Dotnet\ClassLib\bin\Debug\ClassLib.dll" />
    </Deployment>
    <Execution>
      <TestTypeSpecific />
      <AgentRule name="Execution Agents">
      </AgentRule>
    </Execution>
  </TestSettings>
  <Times creation="2013-03-11T17:25:30.4660433+01:00" queuing="2013-03-11T17:25:31.7511168+01:00" start="2013-03-11T17:25:31.7591172+01:00" finish="2013-03-11T17:25:32.2491453+01:00" />
  <ResultSummary outcome="Failed">
    <Counters total="20" executed="20" passed="12" error="0" failed="4" timeout="0" aborted="0" inconclusive="4" passedButRunAborted="0" notRunnable="0" notExecuted="0" disconnected="0" warning="0" completed="0" inProgress="0" pending="0" />
  </ResultSummary>
  <TestDefinitions>
    <UnitTest name="GetGoalsTestHome" storage="d:\dev\dotnet\tp3 foot dotnet\tp3classtest\bin\debug\tp3classtest.dll" id="66449b77-e210-300e-ad2f-5d7338ae3674">
      <Execution id="ca99b6fe-fdb4-434c-ac32-d7c44ff02a1d" />
      <TestMethod codeBase="D:/Dev/Dotnet/TP3 Foot Dotnet/TP3classTest/bin/Debug/TP3classTest.DLL" adapterTypeName="Microsoft.VisualStudio.TestTools.TestTypes.Unit.UnitTestAdapter, Microsoft.VisualStudio.QualityTools.Tips.UnitTest.Adapter, Version=10.0.0.0, Culture=neutral, PublicKeyToken=b03f5f7f11d50a3a" className="TP3classTest.MatchTest, TP3classTest, Version=1.0.0.0, Culture=neutral, PublicKeyToken=null" name="GetGoalsTestHome" />
    </UnitTest>
    <UnitTest name="AwayTest" storage="d:\dev\dotnet\tp3 foot dotnet\tp3classtest\bin\debug\tp3classtest.dll" id="4ac3140e-fbe5-6a30-6ad9-539372fc1464">
      <Execution id="8d96986e-5ff3-4bd0-94d4-629115debd36" />
      <TestMethod codeBase="D:/Dev/Dotnet/TP3 Foot Dotnet/TP3classTest/bin/Debug/TP3classTest.DLL" adapterTypeName="Microsoft.VisualStudio.TestTools.TestTypes.Unit.UnitTestAdapter, Microsoft.VisualStudio.QualityTools.Tips.UnitTest.Adapter, Version=10.0.0.0, Culture=neutral, PublicKeyToken=b03f5f7f11d50a3a" className="TP3classTest.MatchTest, TP3classTest, Version=1.0.0.0, Culture=neutral, PublicKeyToken=null" name="AwayTest" />
    </UnitTest>
    <UnitTest name="GetPointsFromMatchTest" storage="d:\dev\dotnet\tp3 foot dotnet\tp3classtest\bin\debug\tp3classtest.dll" id="156fb3d3-45e2-ca32-b814-97757bca0ecc">
      <Execution id="17429d76-b255-4430-949d-5b09546408b5" />
      <TestMethod codeBase="D:/Dev/Dotnet/TP3 Foot Dotnet/TP3classTest/bin/Debug/TP3classTest.DLL" adapterTypeName="Microsoft.VisualStudio.TestTools.TestTypes.Unit.UnitTestAdapter, Microsoft.VisualStudio.QualityTools.Tips.UnitTest.Adapter, Version=10.0.0.0, Culture=neutral, PublicKeyToken=b03f5f7f11d50a3a" className="TP3classTest.FrenchLeague1PointSystemTest, TP3classTest, Version=1.0.0.0, Culture=neutral, PublicKeyToken=null" name="GetPointsFromMatchTest" />
    </UnitTest>
    <UnitTest name="HomeGoalsTest" storage="d:\dev\dotnet\tp3 foot dotnet\tp3classtest\bin\debug\tp3classtest.dll" id="4cc693e8-c589-b96f-8314-aafe93bbf0db">
      <Execution id="aaa33067-2a6d-462e-bf92-6b9f73b8a1c7" />
      <TestMethod codeBase="D:/Dev/Dotnet/TP3 Foot Dotnet/TP3classTest/bin/Debug/TP3classTest.DLL" adapterTypeName="Microsoft.VisualStudio.TestTools.TestTypes.Unit.UnitTestAdapter, Microsoft.VisualStudio.QualityTools.Tips.UnitTest.Adapter, Version=10.0.0.0, Culture=neutral, PublicKeyToken=b03f5f7f11d50a3a" className="TP3classTest.MatchTest, TP3classTest, Version=1.0.0.0, Culture=neutral, PublicKeyToken=null" name="HomeGoalsTest" />
    </UnitTest>
    <UnitTest name="AwayGoalsTest" storage="d:\dev\dotnet\tp3 foot dotnet\tp3classtest\bin\debug\tp3classtest.dll" id="d107c4bc-5dcb-a405-d6ca-bf8831813094">
      <Execution id="f1ca1e34-9c8d-4a27-9fee-94135ada4dd6" />
      <TestMethod codeBase="D:/Dev/Dotnet/TP3 Foot Dotnet/TP3classTest/bin/Debug/TP3classTest.DLL" adapterTypeName="Microsoft.VisualStudio.TestTools.TestTypes.Unit.UnitTestAdapter, Microsoft.VisualStudio.QualityTools.Tips.UnitTest.Adapter, Version=10.0.0.0, Culture=neutral, PublicKeyToken=b03f5f7f11d50a3a" className="TP3classTest.MatchTest, TP3classTest, Version=1.0.0.0, Culture=neutral, PublicKeyToken=null" name="AwayGoalsTest" />
    </UnitTest>
    <UnitTest name="GetGoalsTestAwayAndHome" storage="d:\dev\dotnet\tp3 foot dotnet\tp3classtest\bin\debug\tp3classtest.dll" id="49c41386-d9a6-f19d-c9bf-8a218deef5fd">
      <Execution id="6e34213a-81ae-4bcd-ba37-58a400e879ad" />
      <TestMethod codeBase="D:/Dev/Dotnet/TP3 Foot Dotnet/TP3classTest/bin/Debug/TP3classTest.DLL" adapterTypeName="Microsoft.VisualStudio.TestTools.TestTypes.Unit.UnitTestAdapter, Microsoft.VisualStudio.QualityTools.Tips.UnitTest.Adapter, Version=10.0.0.0, Culture=neutral, PublicKeyToken=b03f5f7f11d50a3a" className="TP3classTest.MatchTest, TP3classTest, Version=1.0.0.0, Culture=neutral, PublicKeyToken=null" name="GetGoalsTestAwayAndHome" />
    </UnitTest>
    <UnitTest name="FrenchLeague1PointSystem_PointTotalConstructorTest" storage="d:\dev\dotnet\tp3 foot dotnet\tp3classtest\bin\debug\tp3classtest.dll" id="bc89cd7f-fd1b-bd4b-01f1-030e0a0e8d90">
      <DeploymentItems>
        <DeploymentItem filename="ClassLib.dll" />
      </DeploymentItems>
      <Execution id="10b5d30c-2dca-4f44-805a-6b2fa6ff85b8" />
      <TestMethod codeBase="D:/Dev/Dotnet/TP3 Foot Dotnet/TP3classTest/bin/Debug/TP3classTest.DLL" adapterTypeName="Microsoft.VisualStudio.TestTools.TestTypes.Unit.UnitTestAdapter, Microsoft.VisualStudio.QualityTools.Tips.UnitTest.Adapter, Version=10.0.0.0, Culture=neutral, PublicKeyToken=b03f5f7f11d50a3a" className="TP3classTest.FrenchLeague1PointSystem_PointTotalTest, TP3classTest, Version=1.0.0.0, Culture=neutral, PublicKeyToken=null" name="FrenchLeague1PointSystem_PointTotalConstructorTest" />
    </UnitTest>
    <UnitTest name="InitialPointsTest" storage="d:\dev\dotnet\tp3 foot dotnet\tp3classtest\bin\debug\tp3classtest.dll" id="92818927-5a18-af3f-f6ee-f687d6ea2905">
      <Execution id="82bbbed8-b128-4aa8-8b7a-a8c9236b995a" />
      <TestMethod codeBase="D:/Dev/Dotnet/TP3 Foot Dotnet/TP3classTest/bin/Debug/TP3classTest.DLL" adapterTypeName="Microsoft.VisualStudio.TestTools.TestTypes.Unit.UnitTestAdapter, Microsoft.VisualStudio.QualityTools.Tips.UnitTest.Adapter, Version=10.0.0.0, Culture=neutral, PublicKeyToken=b03f5f7f11d50a3a" className="TP3classTest.FrenchLeague1PointSystemTest, TP3classTest, Version=1.0.0.0, Culture=neutral, PublicKeyToken=null" name="InitialPointsTest" />
    </UnitTest>
    <UnitTest name="ToStringTest" storage="d:\dev\dotnet\tp3 foot dotnet\tp3classtest\bin\debug\tp3classtest.dll" id="3ccce1cc-b482-1bf7-48e4-7806da95b7c4">
      <DeploymentItems>
        <DeploymentItem filename="ClassLib.dll" />
      </DeploymentItems>
      <Execution id="5afca797-a33c-46a9-8c07-139a09bfb67f" />
      <TestMethod codeBase="D:/Dev/Dotnet/TP3 Foot Dotnet/TP3classTest/bin/Debug/TP3classTest.DLL" adapterTypeName="Microsoft.VisualStudio.TestTools.TestTypes.Unit.UnitTestAdapter, Microsoft.VisualStudio.QualityTools.Tips.UnitTest.Adapter, Version=10.0.0.0, Culture=neutral, PublicKeyToken=b03f5f7f11d50a3a" className="TP3classTest.FrenchLeague1PointSystem_PointTotalTest, TP3classTest, Version=1.0.0.0, Culture=neutral, PublicKeyToken=null" name="ToStringTest" />
    </UnitTest>
    <UnitTest name="IncrementTest" storage="d:\dev\dotnet\tp3 foot dotnet\tp3classtest\bin\debug\tp3classtest.dll" id="c4d5529e-aaf1-79be-eb52-57d60f631bf9">
      <DeploymentItems>
        <DeploymentItem filename="ClassLib.dll" />
      </DeploymentItems>
      <Execution id="5f269706-8841-4bfd-8070-9540ba66ff4b" />
      <TestMethod codeBase="D:/Dev/Dotnet/TP3 Foot Dotnet/TP3classTest/bin/Debug/TP3classTest.DLL" adapterTypeName="Microsoft.VisualStudio.TestTools.TestTypes.Unit.UnitTestAdapter, Microsoft.VisualStudio.QualityTools.Tips.UnitTest.Adapter, Version=10.0.0.0, Culture=neutral, PublicKeyToken=b03f5f7f11d50a3a" className="TP3classTest.FrenchLeague1PointSystem_PointTotalTest, TP3classTest, Version=1.0.0.0, Culture=neutral, PublicKeyToken=null" name="IncrementTest" />
    </UnitTest>
    <UnitTest name="ToStringTest" storage="d:\dev\dotnet\tp3 foot dotnet\tp3classtest\bin\debug\tp3classtest.dll" id="7b785e64-e8f0-3e8d-eda1-0ac7243fd269">
      <Execution id="503c3b83-a1a2-4331-a064-40aca9f39bea" />
      <TestMethod codeBase="D:/Dev/Dotnet/TP3 Foot Dotnet/TP3classTest/bin/Debug/TP3classTest.DLL" adapterTypeName="Microsoft.VisualStudio.TestTools.TestTypes.Unit.UnitTestAdapter, Microsoft.VisualStudio.QualityTools.Tips.UnitTest.Adapter, Version=10.0.0.0, Culture=neutral, PublicKeyToken=b03f5f7f11d50a3a" className="TP3classTest.ClubTest, TP3classTest, Version=1.0.0.0, Culture=neutral, PublicKeyToken=null" name="ToStringTest" />
    </UnitTest>
    <UnitTest name="GetGoalsTestAway" storage="d:\dev\dotnet\tp3 foot dotnet\tp3classtest\bin\debug\tp3classtest.dll" id="963d8b99-20c3-775c-205c-749fdd0753ea">
      <Execution id="11736286-07a8-4016-a2a2-0f8c9c0bb538" />
      <TestMethod codeBase="D:/Dev/Dotnet/TP3 Foot Dotnet/TP3classTest/bin/Debug/TP3classTest.DLL" adapterTypeName="Microsoft.VisualStudio.TestTools.TestTypes.Unit.UnitTestAdapter, Microsoft.VisualStudio.QualityTools.Tips.UnitTest.Adapter, Version=10.0.0.0, Culture=neutral, PublicKeyToken=b03f5f7f11d50a3a" className="TP3classTest.MatchTest, TP3classTest, Version=1.0.0.0, Culture=neutral, PublicKeyToken=null" name="GetGoalsTestAway" />
    </UnitTest>
    <UnitTest name="CompareToTest1" storage="d:\dev\dotnet\tp3 foot dotnet\tp3classtest\bin\debug\tp3classtest.dll" id="e90a1e76-58f9-3155-8edb-f81e804ee109">
      <DeploymentItems>
        <DeploymentItem filename="ClassLib.dll" />
      </DeploymentItems>
      <Execution id="f34a88af-ca3b-44bb-878d-bf1ee1c41cd5" />
      <TestMethod codeBase="D:/Dev/Dotnet/TP3 Foot Dotnet/TP3classTest/bin/Debug/TP3classTest.DLL" adapterTypeName="Microsoft.VisualStudio.TestTools.TestTypes.Unit.UnitTestAdapter, Microsoft.VisualStudio.QualityTools.Tips.UnitTest.Adapter, Version=10.0.0.0, Culture=neutral, PublicKeyToken=b03f5f7f11d50a3a" className="TP3classTest.FrenchLeague1PointSystem_PointTotalTest, TP3classTest, Version=1.0.0.0, Culture=neutral, PublicKeyToken=null" name="CompareToTest1" />
    </UnitTest>
    <UnitTest name="IsDrawTest" storage="d:\dev\dotnet\tp3 foot dotnet\tp3classtest\bin\debug\tp3classtest.dll" id="b4187efb-54ab-4acb-76b6-7fe8f1e427c4">
      <Execution id="77d700a8-74eb-4930-b231-622c72b45af6" />
      <TestMethod codeBase="D:/Dev/Dotnet/TP3 Foot Dotnet/TP3classTest/bin/Debug/TP3classTest.DLL" adapterTypeName="Microsoft.VisualStudio.TestTools.TestTypes.Unit.UnitTestAdapter, Microsoft.VisualStudio.QualityTools.Tips.UnitTest.Adapter, Version=10.0.0.0, Culture=neutral, PublicKeyToken=b03f5f7f11d50a3a" className="TP3classTest.MatchTest, TP3classTest, Version=1.0.0.0, Culture=neutral, PublicKeyToken=null" name="IsDrawTest" />
    </UnitTest>
    <UnitTest name="HomeTest" storage="d:\dev\dotnet\tp3 foot dotnet\tp3classtest\bin\debug\tp3classtest.dll" id="de3e310c-7ff5-dd2c-38d7-83ff471389ae">
      <Execution id="39766cd8-e0d5-4320-b575-f4aaa479e360" />
      <TestMethod codeBase="D:/Dev/Dotnet/TP3 Foot Dotnet/TP3classTest/bin/Debug/TP3classTest.DLL" adapterTypeName="Microsoft.VisualStudio.TestTools.TestTypes.Unit.UnitTestAdapter, Microsoft.VisualStudio.QualityTools.Tips.UnitTest.Adapter, Version=10.0.0.0, Culture=neutral, PublicKeyToken=b03f5f7f11d50a3a" className="TP3classTest.MatchTest, TP3classTest, Version=1.0.0.0, Culture=neutral, PublicKeyToken=null" name="HomeTest" />
    </UnitTest>
    <UnitTest name="InstanceTest" storage="d:\dev\dotnet\tp3 foot dotnet\tp3classtest\bin\debug\tp3classtest.dll" id="1140d319-ee8d-1ffd-6dcd-d1bcd0dc7465">
      <Execution id="93cf27ca-954f-4d39-88d2-cdcf146127bf" />
      <TestMethod codeBase="D:/Dev/Dotnet/TP3 Foot Dotnet/TP3classTest/bin/Debug/TP3classTest.DLL" adapterTypeName="Microsoft.VisualStudio.TestTools.TestTypes.Unit.UnitTestAdapter, Microsoft.VisualStudio.QualityTools.Tips.UnitTest.Adapter, Version=10.0.0.0, Culture=neutral, PublicKeyToken=b03f5f7f11d50a3a" className="TP3classTest.FrenchLeague1PointSystemTest, TP3classTest, Version=1.0.0.0, Culture=neutral, PublicKeyToken=null" name="InstanceTest" />
    </UnitTest>
    <UnitTest name="FrenchLeague1PointSystemConstructorTest" storage="d:\dev\dotnet\tp3 foot dotnet\tp3classtest\bin\debug\tp3classtest.dll" id="981f8f49-acaa-83c5-d280-7d86853fde62">
      <DeploymentItems>
        <DeploymentItem filename="ClassLib.dll" />
      </DeploymentItems>
      <Execution id="4867a6ac-a431-4870-80c8-d3d9164361c3" />
      <TestMethod codeBase="D:/Dev/Dotnet/TP3 Foot Dotnet/TP3classTest/bin/Debug/TP3classTest.DLL" adapterTypeName="Microsoft.VisualStudio.TestTools.TestTypes.Unit.UnitTestAdapter, Microsoft.VisualStudio.QualityTools.Tips.UnitTest.Adapter, Version=10.0.0.0, Culture=neutral, PublicKeyToken=b03f5f7f11d50a3a" className="TP3classTest.FrenchLeague1PointSystemTest, TP3classTest, Version=1.0.0.0, Culture=neutral, PublicKeyToken=null" name="FrenchLeague1PointSystemConstructorTest" />
    </UnitTest>
    <UnitTest name="IsAwayForfeitTest" storage="d:\dev\dotnet\tp3 foot dotnet\tp3classtest\bin\debug\tp3classtest.dll" id="d26324f1-f74d-8a17-2cca-dfddd89cb7cf">
      <Execution id="dabe2295-5401-43f1-b3f7-c5151b63df48" />
      <TestMethod codeBase="D:/Dev/Dotnet/TP3 Foot Dotnet/TP3classTest/bin/Debug/TP3classTest.DLL" adapterTypeName="Microsoft.VisualStudio.TestTools.TestTypes.Unit.UnitTestAdapter, Microsoft.VisualStudio.QualityTools.Tips.UnitTest.Adapter, Version=10.0.0.0, Culture=neutral, PublicKeyToken=b03f5f7f11d50a3a" className="TP3classTest.MatchTest, TP3classTest, Version=1.0.0.0, Culture=neutral, PublicKeyToken=null" name="IsAwayForfeitTest" />
    </UnitTest>
    <UnitTest name="FrenchLeague1PointSystem_PointTotalConstructorTest1" storage="d:\dev\dotnet\tp3 foot dotnet\tp3classtest\bin\debug\tp3classtest.dll" id="a1b0c4b8-f52e-849e-5dc1-5a3525665c48">
      <DeploymentItems>
        <DeploymentItem filename="ClassLib.dll" />
      </DeploymentItems>
      <Execution id="e3fec214-2d77-4878-8f97-6b9e23ac1527" />
      <TestMethod codeBase="D:/Dev/Dotnet/TP3 Foot Dotnet/TP3classTest/bin/Debug/TP3classTest.DLL" adapterTypeName="Microsoft.VisualStudio.TestTools.TestTypes.Unit.UnitTestAdapter, Microsoft.VisualStudio.QualityTools.Tips.UnitTest.Adapter, Version=10.0.0.0, Culture=neutral, PublicKeyToken=b03f5f7f11d50a3a" className="TP3classTest.FrenchLeague1PointSystem_PointTotalTest, TP3classTest, Version=1.0.0.0, Culture=neutral, PublicKeyToken=null" name="FrenchLeague1PointSystem_PointTotalConstructorTest1" />
    </UnitTest>
    <UnitTest name="IsHomeForfeitTest" storage="d:\dev\dotnet\tp3 foot dotnet\tp3classtest\bin\debug\tp3classtest.dll" id="6da07e9f-7c61-49ff-6d98-466c114e8fbe">
      <Execution id="9ef57345-f4f2-41b8-a089-36d0cdaaf81d" />
      <TestMethod codeBase="D:/Dev/Dotnet/TP3 Foot Dotnet/TP3classTest/bin/Debug/TP3classTest.DLL" adapterTypeName="Microsoft.VisualStudio.TestTools.TestTypes.Unit.UnitTestAdapter, Microsoft.VisualStudio.QualityTools.Tips.UnitTest.Adapter, Version=10.0.0.0, Culture=neutral, PublicKeyToken=b03f5f7f11d50a3a" className="TP3classTest.MatchTest, TP3classTest, Version=1.0.0.0, Culture=neutral, PublicKeyToken=null" name="IsHomeForfeitTest" />
    </UnitTest>
  </TestDefinitions>
  <TestLists>
    <TestList name="Les résultats ne figurent pas dans une liste" id="8c84fa94-04c1-424b-9868-57a2d4851a1d" />
    <TestList name="Tous les résultats chargés" id="19431567-8539-422a-85d7-44ee4e166bda" />
  </TestLists>
  <TestEntries>
    <TestEntry testId="1140d319-ee8d-1ffd-6dcd-d1bcd0dc7465" executionId="93cf27ca-954f-4d39-88d2-cdcf146127bf" testListId="8c84fa94-04c1-424b-9868-57a2d4851a1d" />
    <TestEntry testId="156fb3d3-45e2-ca32-b814-97757bca0ecc" executionId="17429d76-b255-4430-949d-5b09546408b5" testListId="8c84fa94-04c1-424b-9868-57a2d4851a1d" />
    <TestEntry testId="3ccce1cc-b482-1bf7-48e4-7806da95b7c4" executionId="5afca797-a33c-46a9-8c07-139a09bfb67f" testListId="8c84fa94-04c1-424b-9868-57a2d4851a1d" />
    <TestEntry testId="49c41386-d9a6-f19d-c9bf-8a218deef5fd" executionId="6e34213a-81ae-4bcd-ba37-58a400e879ad" testListId="8c84fa94-04c1-424b-9868-57a2d4851a1d" />
    <TestEntry testId="4ac3140e-fbe5-6a30-6ad9-539372fc1464" executionId="8d96986e-5ff3-4bd0-94d4-629115debd36" testListId="8c84fa94-04c1-424b-9868-57a2d4851a1d" />
    <TestEntry testId="4cc693e8-c589-b96f-8314-aafe93bbf0db" executionId="aaa33067-2a6d-462e-bf92-6b9f73b8a1c7" testListId="8c84fa94-04c1-424b-9868-57a2d4851a1d" />
    <TestEntry testId="66449b77-e210-300e-ad2f-5d7338ae3674" executionId="ca99b6fe-fdb4-434c-ac32-d7c44ff02a1d" testListId="8c84fa94-04c1-424b-9868-57a2d4851a1d" />
    <TestEntry testId="6da07e9f-7c61-49ff-6d98-466c114e8fbe" executionId="9ef57345-f4f2-41b8-a089-36d0cdaaf81d" testListId="8c84fa94-04c1-424b-9868-57a2d4851a1d" />
    <TestEntry testId="7b785e64-e8f0-3e8d-eda1-0ac7243fd269" executionId="503c3b83-a1a2-4331-a064-40aca9f39bea" testListId="8c84fa94-04c1-424b-9868-57a2d4851a1d" />
    <TestEntry testId="92818927-5a18-af3f-f6ee-f687d6ea2905" executionId="82bbbed8-b128-4aa8-8b7a-a8c9236b995a" testListId="8c84fa94-04c1-424b-9868-57a2d4851a1d" />
    <TestEntry testId="963d8b99-20c3-775c-205c-749fdd0753ea" executionId="11736286-07a8-4016-a2a2-0f8c9c0bb538" testListId="8c84fa94-04c1-424b-9868-57a2d4851a1d" />
    <TestEntry testId="981f8f49-acaa-83c5-d280-7d86853fde62" executionId="4867a6ac-a431-4870-80c8-d3d9164361c3" testListId="8c84fa94-04c1-424b-9868-57a2d4851a1d" />
    <TestEntry testId="a1b0c4b8-f52e-849e-5dc1-5a3525665c48" executionId="e3fec214-2d77-4878-8f97-6b9e23ac1527" testListId="8c84fa94-04c1-424b-9868-57a2d4851a1d" />
    <TestEntry testId="b4187efb-54ab-4acb-76b6-7fe8f1e427c4" executionId="77d700a8-74eb-4930-b231-622c72b45af6" testListId="8c84fa94-04c1-424b-9868-57a2d4851a1d" />
    <TestEntry testId="bc89cd7f-fd1b-bd4b-01f1-030e0a0e8d90" executionId="10b5d30c-2dca-4f44-805a-6b2fa6ff85b8" testListId="8c84fa94-04c1-424b-9868-57a2d4851a1d" />
    <TestEntry testId="c4d5529e-aaf1-79be-eb52-57d60f631bf9" executionId="5f269706-8841-4bfd-8070-9540ba66ff4b" testListId="8c84fa94-04c1-424b-9868-57a2d4851a1d" />
    <TestEntry testId="d107c4bc-5dcb-a405-d6ca-bf8831813094" executionId="f1ca1e34-9c8d-4a27-9fee-94135ada4dd6" testListId="8c84fa94-04c1-424b-9868-57a2d4851a1d" />
    <TestEntry testId="d26324f1-f74d-8a17-2cca-dfddd89cb7cf" executionId="dabe2295-5401-43f1-b3f7-c5151b63df48" testListId="8c84fa94-04c1-424b-9868-57a2d4851a1d" />
    <TestEntry testId="de3e310c-7ff5-dd2c-38d7-83ff471389ae" executionId="39766cd8-e0d5-4320-b575-f4aaa479e360" testListId="8c84fa94-04c1-424b-9868-57a2d4851a1d" />
    <TestEntry testId="e90a1e76-58f9-3155-8edb-f81e804ee109" executionId="f34a88af-ca3b-44bb-878d-bf1ee1c41cd5" testListId="8c84fa94-04c1-424b-9868-57a2d4851a1d" />
  </TestEntries>
  <Results>
    <UnitTestResult executionId="93cf27ca-954f-4d39-88d2-cdcf146127bf" testId="1140d319-ee8d-1ffd-6dcd-d1bcd0dc7465" testName="InstanceTest" computerName="KEIMI-PC" duration="00:00:00.0159289" startTime="2013-03-11T17:25:31.7621174+01:00" endTime="2013-03-11T17:25:31.9861302+01:00" testType="13cdc9d9-ddb5-4fa4-a97d-d965ccfc6d4b" outcome="Inconclusive" testListId="8c84fa94-04c1-424b-9868-57a2d4851a1d" relativeResultsDirectory="93cf27ca-954f-4d39-88d2-cdcf146127bf">
      <Output>
        <ErrorInfo>
          <Message>Assert.Inconclusive failed. Vérifiez l'exactitude de cette méthode de test.</Message>
          <StackTrace>   at TP3classTest.FrenchLeague1PointSystemTest.InstanceTest() in D:\Dev\Dotnet\TP3 Foot Dotnet\TP3classTest\FrenchLeague1PointSystemTest.cs:line 114
</StackTrace>
        </ErrorInfo>
      </Output>
    </UnitTestResult>
    <UnitTestResult executionId="17429d76-b255-4430-949d-5b09546408b5" testId="156fb3d3-45e2-ca32-b814-97757bca0ecc" testName="GetPointsFromMatchTest" computerName="KEIMI-PC" duration="00:00:00.0124878" startTime="2013-03-11T17:25:31.9871303+01:00" endTime="2013-03-11T17:25:32.0041312+01:00" testType="13cdc9d9-ddb5-4fa4-a97d-d965ccfc6d4b" outcome="Failed" testListId="8c84fa94-04c1-424b-9868-57a2d4851a1d" relativeResultsDirectory="17429d76-b255-4430-949d-5b09546408b5">
      <Output>
        <ErrorInfo>
          <Message>Assert.AreEqual failed. Expected:&lt;-1 (System.Int32)&gt;. Actual:&lt;ClassLib.FrenchLeague1PointSystem+PointTotal (ClassLib.FrenchLeague1PointSystem+PointTotal)&gt;. </Message>
          <StackTrace>   at TP3classTest.FrenchLeague1PointSystemTest.GetPointsFromMatchTest() in D:\Dev\Dotnet\TP3 Foot Dotnet\TP3classTest\FrenchLeague1PointSystemTest.cs:line 90
</StackTrace>
        </ErrorInfo>
      </Output>
    </UnitTestResult>
    <UnitTestResult executionId="5afca797-a33c-46a9-8c07-139a09bfb67f" testId="3ccce1cc-b482-1bf7-48e4-7806da95b7c4" testName="ToStringTest" computerName="KEIMI-PC" duration="00:00:00.0070497" startTime="2013-03-11T17:25:32.0061314+01:00" endTime="2013-03-11T17:25:32.0171320+01:00" testType="13cdc9d9-ddb5-4fa4-a97d-d965ccfc6d4b" outcome="Failed" testListId="8c84fa94-04c1-424b-9868-57a2d4851a1d" relativeResultsDirectory="5afca797-a33c-46a9-8c07-139a09bfb67f">
      <Output>
        <ErrorInfo>
          <Message>Assert.AreEqual failed. Expected:&lt;&gt;. Actual:&lt;ClassLib.FrenchLeague1PointSystem+PointTotal&gt;. </Message>
          <StackTrace>   at TP3classTest.FrenchLeague1PointSystem_PointTotalTest.ToStringTest() in D:\Dev\Dotnet\TP3 Foot Dotnet\TP3classTest\FrenchLeague1PointSystem_PointTotalTest.cs:line 199
</StackTrace>
        </ErrorInfo>
      </Output>
    </UnitTestResult>
    <UnitTestResult executionId="6e34213a-81ae-4bcd-ba37-58a400e879ad" testId="49c41386-d9a6-f19d-c9bf-8a218deef5fd" testName="GetGoalsTestAwayAndHome" computerName="KEIMI-PC" duration="00:00:00.0004203" startTime="2013-03-11T17:25:32.0191321+01:00" endTime="2013-03-11T17:25:32.0241324+01:00" testType="13cdc9d9-ddb5-4fa4-a97d-d965ccfc6d4b" outcome="Passed" testListId="8c84fa94-04c1-424b-9868-57a2d4851a1d" relativeResultsDirectory="6e34213a-81ae-4bcd-ba37-58a400e879ad">
    </UnitTestResult>
    <UnitTestResult executionId="8d96986e-5ff3-4bd0-94d4-629115debd36" testId="4ac3140e-fbe5-6a30-6ad9-539372fc1464" testName="AwayTest" computerName="KEIMI-PC" duration="00:00:00.0003557" startTime="2013-03-11T17:25:32.0261325+01:00" endTime="2013-03-11T17:25:32.0301327+01:00" testType="13cdc9d9-ddb5-4fa4-a97d-d965ccfc6d4b" outcome="Passed" testListId="8c84fa94-04c1-424b-9868-57a2d4851a1d" relativeResultsDirectory="8d96986e-5ff3-4bd0-94d4-629115debd36">
    </UnitTestResult>
    <UnitTestResult executionId="aaa33067-2a6d-462e-bf92-6b9f73b8a1c7" testId="4cc693e8-c589-b96f-8314-aafe93bbf0db" testName="HomeGoalsTest" computerName="KEIMI-PC" duration="00:00:00.0003639" startTime="2013-03-11T17:25:32.0321328+01:00" endTime="2013-03-11T17:25:32.0381332+01:00" testType="13cdc9d9-ddb5-4fa4-a97d-d965ccfc6d4b" outcome="Passed" testListId="8c84fa94-04c1-424b-9868-57a2d4851a1d" relativeResultsDirectory="aaa33067-2a6d-462e-bf92-6b9f73b8a1c7">
    </UnitTestResult>
    <UnitTestResult executionId="ca99b6fe-fdb4-434c-ac32-d7c44ff02a1d" testId="66449b77-e210-300e-ad2f-5d7338ae3674" testName="GetGoalsTestHome" computerName="KEIMI-PC" duration="00:00:00.0002138" startTime="2013-03-11T17:25:32.0391332+01:00" endTime="2013-03-11T17:25:32.0441335+01:00" testType="13cdc9d9-ddb5-4fa4-a97d-d965ccfc6d4b" outcome="Passed" testListId="8c84fa94-04c1-424b-9868-57a2d4851a1d" relativeResultsDirectory="ca99b6fe-fdb4-434c-ac32-d7c44ff02a1d">
    </UnitTestResult>
    <UnitTestResult executionId="9ef57345-f4f2-41b8-a089-36d0cdaaf81d" testId="6da07e9f-7c61-49ff-6d98-466c114e8fbe" testName="IsHomeForfeitTest" computerName="KEIMI-PC" duration="00:00:00.0003737" startTime="2013-03-11T17:25:32.0451336+01:00" endTime="2013-03-11T17:25:32.0491338+01:00" testType="13cdc9d9-ddb5-4fa4-a97d-d965ccfc6d4b" outcome="Passed" testListId="8c84fa94-04c1-424b-9868-57a2d4851a1d" relativeResultsDirectory="9ef57345-f4f2-41b8-a089-36d0cdaaf81d">
    </UnitTestResult>
    <UnitTestResult executionId="503c3b83-a1a2-4331-a064-40aca9f39bea" testId="7b785e64-e8f0-3e8d-eda1-0ac7243fd269" testName="ToStringTest" computerName="KEIMI-PC" duration="00:00:00.0005221" startTime="2013-03-11T17:25:32.0501339+01:00" endTime="2013-03-11T17:25:32.1211379+01:00" testType="13cdc9d9-ddb5-4fa4-a97d-d965ccfc6d4b" outcome="Passed" testListId="8c84fa94-04c1-424b-9868-57a2d4851a1d" relativeResultsDirectory="503c3b83-a1a2-4331-a064-40aca9f39bea">
    </UnitTestResult>
    <UnitTestResult executionId="82bbbed8-b128-4aa8-8b7a-a8c9236b995a" testId="92818927-5a18-af3f-f6ee-f687d6ea2905" testName="InitialPointsTest" computerName="KEIMI-PC" duration="00:00:00.0013795" startTime="2013-03-11T17:25:32.1221380+01:00" endTime="2013-03-11T17:25:32.1281383+01:00" testType="13cdc9d9-ddb5-4fa4-a97d-d965ccfc6d4b" outcome="Inconclusive" testListId="8c84fa94-04c1-424b-9868-57a2d4851a1d" relativeResultsDirectory="82bbbed8-b128-4aa8-8b7a-a8c9236b995a">
      <Output>
        <ErrorInfo>
          <Message>Assert.Inconclusive failed. Vérifiez l'exactitude de cette méthode de test.</Message>
          <StackTrace>   at TP3classTest.FrenchLeague1PointSystemTest.InitialPointsTest() in D:\Dev\Dotnet\TP3 Foot Dotnet\TP3classTest\FrenchLeague1PointSystemTest.cs:line 103
</StackTrace>
        </ErrorInfo>
      </Output>
    </UnitTestResult>
    <UnitTestResult executionId="11736286-07a8-4016-a2a2-0f8c9c0bb538" testId="963d8b99-20c3-775c-205c-749fdd0753ea" testName="GetGoalsTestAway" computerName="KEIMI-PC" duration="00:00:00.0002377" startTime="2013-03-11T17:25:32.1291384+01:00" endTime="2013-03-11T17:25:32.1341387+01:00" testType="13cdc9d9-ddb5-4fa4-a97d-d965ccfc6d4b" outcome="Passed" testListId="8c84fa94-04c1-424b-9868-57a2d4851a1d" relativeResultsDirectory="11736286-07a8-4016-a2a2-0f8c9c0bb538">
    </UnitTestResult>
    <UnitTestResult executionId="4867a6ac-a431-4870-80c8-d3d9164361c3" testId="981f8f49-acaa-83c5-d280-7d86853fde62" testName="FrenchLeague1PointSystemConstructorTest" computerName="KEIMI-PC" duration="00:00:00.0006773" startTime="2013-03-11T17:25:32.1351387+01:00" endTime="2013-03-11T17:25:32.1411391+01:00" testType="13cdc9d9-ddb5-4fa4-a97d-d965ccfc6d4b" outcome="Inconclusive" testListId="8c84fa94-04c1-424b-9868-57a2d4851a1d" relativeResultsDirectory="4867a6ac-a431-4870-80c8-d3d9164361c3">
      <Output>
        <ErrorInfo>
          <Message>Assert.Inconclusive failed. TODO: implémentez le code pour vérifier la cible</Message>
          <StackTrace>   at TP3classTest.FrenchLeague1PointSystemTest.FrenchLeague1PointSystemConstructorTest() in D:\Dev\Dotnet\TP3 Foot Dotnet\TP3classTest\FrenchLeague1PointSystemTest.cs:line 75
</StackTrace>
        </ErrorInfo>
      </Output>
    </UnitTestResult>
    <UnitTestResult executionId="e3fec214-2d77-4878-8f97-6b9e23ac1527" testId="a1b0c4b8-f52e-849e-5dc1-5a3525665c48" testName="FrenchLeague1PointSystem_PointTotalConstructorTest1" computerName="KEIMI-PC" duration="00:00:00.0091643" startTime="2013-03-11T17:25:32.1431392+01:00" endTime="2013-03-11T17:25:32.1561399+01:00" testType="13cdc9d9-ddb5-4fa4-a97d-d965ccfc6d4b" outcome="Failed" testListId="8c84fa94-04c1-424b-9868-57a2d4851a1d" relativeResultsDirectory="e3fec214-2d77-4878-8f97-6b9e23ac1527">
      <Output>
        <ErrorInfo>
          <Message>Test method TP3classTest.FrenchLeague1PointSystem_PointTotalTest.FrenchLeague1PointSystem_PointTotalConstructorTest1 threw exception: 
System.NullReferenceException: Object reference not set to an instance of an object.</Message>
          <StackTrace>   at ClassLib.FrenchLeague1PointSystem_Accessor.PointTotal..ctor(Match m, Boolean home)
   at TP3classTest.FrenchLeague1PointSystem_PointTotalTest.FrenchLeague1PointSystem_PointTotalConstructorTest1() in D:\Dev\Dotnet\TP3 Foot Dotnet\TP3classTest\FrenchLeague1PointSystem_PointTotalTest.cs:line 87
</StackTrace>
        </ErrorInfo>
      </Output>
    </UnitTestResult>
    <UnitTestResult executionId="77d700a8-74eb-4930-b231-622c72b45af6" testId="b4187efb-54ab-4acb-76b6-7fe8f1e427c4" testName="IsDrawTest" computerName="KEIMI-PC" duration="00:00:00.0004250" startTime="2013-03-11T17:25:32.1571400+01:00" endTime="2013-03-11T17:25:32.1621403+01:00" testType="13cdc9d9-ddb5-4fa4-a97d-d965ccfc6d4b" outcome="Passed" testListId="8c84fa94-04c1-424b-9868-57a2d4851a1d" relativeResultsDirectory="77d700a8-74eb-4930-b231-622c72b45af6">
    </UnitTestResult>
    <UnitTestResult executionId="10b5d30c-2dca-4f44-805a-6b2fa6ff85b8" testId="bc89cd7f-fd1b-bd4b-01f1-030e0a0e8d90" testName="FrenchLeague1PointSystem_PointTotalConstructorTest" computerName="KEIMI-PC" duration="00:00:00.0008997" startTime="2013-03-11T17:25:32.1631403+01:00" endTime="2013-03-11T17:25:32.1691407+01:00" testType="13cdc9d9-ddb5-4fa4-a97d-d965ccfc6d4b" outcome="Inconclusive" testListId="8c84fa94-04c1-424b-9868-57a2d4851a1d" relativeResultsDirectory="10b5d30c-2dca-4f44-805a-6b2fa6ff85b8">
      <Output>
        <ErrorInfo>
          <Message>Assert.Inconclusive failed. TODO: implémentez le code pour vérifier la cible</Message>
          <StackTrace>   at TP3classTest.FrenchLeague1PointSystem_PointTotalTest.FrenchLeague1PointSystem_PointTotalConstructorTest() in D:\Dev\Dotnet\TP3 Foot Dotnet\TP3classTest\FrenchLeague1PointSystem_PointTotalTest.cs:line 75
</StackTrace>
        </ErrorInfo>
      </Output>
    </UnitTestResult>
    <UnitTestResult executionId="5f269706-8841-4bfd-8070-9540ba66ff4b" testId="c4d5529e-aaf1-79be-eb52-57d60f631bf9" testName="IncrementTest" computerName="KEIMI-PC" duration="00:00:00.0026923" startTime="2013-03-11T17:25:32.1701407+01:00" endTime="2013-03-11T17:25:32.1771411+01:00" testType="13cdc9d9-ddb5-4fa4-a97d-d965ccfc6d4b" outcome="Failed" testListId="8c84fa94-04c1-424b-9868-57a2d4851a1d" relativeResultsDirectory="5f269706-8841-4bfd-8070-9540ba66ff4b">
      <Output>
        <ErrorInfo>
          <Message>Assert.AreEqual failed. Expected:&lt;4&gt;. Actual:&lt;-3&gt;. </Message>
          <StackTrace>   at TP3classTest.FrenchLeague1PointSystem_PointTotalTest.IncrementTest() in D:\Dev\Dotnet\TP3 Foot Dotnet\TP3classTest\FrenchLeague1PointSystem_PointTotalTest.cs:line 180
</StackTrace>
        </ErrorInfo>
      </Output>
    </UnitTestResult>
    <UnitTestResult executionId="f1ca1e34-9c8d-4a27-9fee-94135ada4dd6" testId="d107c4bc-5dcb-a405-d6ca-bf8831813094" testName="AwayGoalsTest" computerName="KEIMI-PC" duration="00:00:00.0003955" startTime="2013-03-11T17:25:32.1781412+01:00" endTime="2013-03-11T17:25:32.1831415+01:00" testType="13cdc9d9-ddb5-4fa4-a97d-d965ccfc6d4b" outcome="Passed" testListId="8c84fa94-04c1-424b-9868-57a2d4851a1d" relativeResultsDirectory="f1ca1e34-9c8d-4a27-9fee-94135ada4dd6">
    </UnitTestResult>
    <UnitTestResult executionId="dabe2295-5401-43f1-b3f7-c5151b63df48" testId="d26324f1-f74d-8a17-2cca-dfddd89cb7cf" testName="IsAwayForfeitTest" computerName="KEIMI-PC" duration="00:00:00.0004460" startTime="2013-03-11T17:25:32.1851416+01:00" endTime="2013-03-11T17:25:32.1911419+01:00" testType="13cdc9d9-ddb5-4fa4-a97d-d965ccfc6d4b" outcome="Passed" testListId="8c84fa94-04c1-424b-9868-57a2d4851a1d" relativeResultsDirectory="dabe2295-5401-43f1-b3f7-c5151b63df48">
    </UnitTestResult>
    <UnitTestResult executionId="39766cd8-e0d5-4320-b575-f4aaa479e360" testId="de3e310c-7ff5-dd2c-38d7-83ff471389ae" testName="HomeTest" computerName="KEIMI-PC" duration="00:00:00.0004113" startTime="2013-03-11T17:25:32.1921420+01:00" endTime="2013-03-11T17:25:32.1991424+01:00" testType="13cdc9d9-ddb5-4fa4-a97d-d965ccfc6d4b" outcome="Passed" testListId="8c84fa94-04c1-424b-9868-57a2d4851a1d" relativeResultsDirectory="39766cd8-e0d5-4320-b575-f4aaa479e360">
    </UnitTestResult>
    <UnitTestResult executionId="f34a88af-ca3b-44bb-878d-bf1ee1c41cd5" testId="e90a1e76-58f9-3155-8edb-f81e804ee109" testName="CompareToTest1" computerName="KEIMI-PC" duration="00:00:00.0003121" startTime="2013-03-11T17:25:32.2001424+01:00" endTime="2013-03-11T17:25:32.2051427+01:00" testType="13cdc9d9-ddb5-4fa4-a97d-d965ccfc6d4b" outcome="Passed" testListId="8c84fa94-04c1-424b-9868-57a2d4851a1d" relativeResultsDirectory="f34a88af-ca3b-44bb-878d-bf1ee1c41cd5">
    </UnitTestResult>
  </Results>
</TestRun>